#
# A fatal error has been detected by the Java Runtime Environment:
#
#  SIGSEGV (0xb) at pc=0x00007f59803f4c14, pid=5124, tid=0x00007f59818f2700
#
# JRE version: OpenJDK Runtime Environment (8.0_242-b08) (build 1.8.0_242-8u242-b08-0ubuntu3~19.10-b08)
# Java VM: OpenJDK 64-Bit Server VM (25.242-b08 mixed mode linux-amd64 compressed oops)
# Problematic frame:
# C  [libtesseract.so+0x237c14]  STRING::c_str() const+0x4
#
# Failed to write core dump. Core dumps have been disabled. To enable core dumping, try "ulimit -c unlimited" before starting Java again
#
# If you would like to submit a bug report, please visit:
#   http://bugreport.java.com/bugreport/crash.jsp
# The crash happened outside the Java Virtual Machine in native code.
# See problematic frame for where to report the bug.
#

---------------  T H R E A D  ---------------

Current thread (0x00007f59d0f9b000):  JavaThread "http-nio-8080-exec-1" daemon [_thread_in_native, id=5184, stack(0x00007f59817f2000,0x00007f59818f3000)]

siginfo: si_signo: 11 (SIGSEGV), si_code: 1 (SEGV_MAPERR), si_addr: 0x0000000000000000

Registers:
RAX=0x0000000000000000, RBX=0x00007f5940120f30, RCX=0x00007f59818ede70, RDX=0x00007f59818ee701
RSP=0x00007f59818ed688, RBP=0x00007f59818ee640, RSI=0x00007f59818ee7d0, RDI=0x0000000000000000
R8 =0x00007f5934f28930, R9 =0x0000000000001bd0, R10=0x00000000000006f4, R11=0x00000000000002fa
R12=0x0000000000000000, R13=0x00007f59818ede60, R14=0x0000000000000000, R15=0x00007f59818ee820
RIP=0x00007f59803f4c14, EFLAGS=0x0000000000010246, CSGSFS=0x002b000000000033, ERR=0x0000000000000004
  TRAPNO=0x000000000000000e

Top of Stack: (sp=0x00007f59818ed688)
0x00007f59818ed688:   00007f5980259d9b 0000000000000001
0x00007f59818ed698:   00007f59818ed700 0000000c818ed968
0x00007f59818ed6a8:   00007f590000000c 00007f59c1046c60
0x00007f59818ed6b8:   00007f59c100045f 00007f5900000001
0x00007f59818ed6c8:   00007f59818ed7f0 00007f59d0f9b000
0x00007f59818ed6d8:   00007f59d0f9a070 00007f59d0f9a0b0
0x00007f59818ed6e8:   00007f59d0f9a128 00007f59d0f9a198
0x00007f59818ed6f8:   00000000000000d8 00007f59818ee370
0x00007f59818ed708:   00007f59d7b78768 00007f59d0f9b000
0x00007f59818ed718:   00007f5940003b20 00007f59d430ef70
0x00007f59818ed728:   0000000749ca0f80 00007f59818edf80
0x00007f59818ed738:   00007f59c119f9a3 0000000000000000
0x00007f59818ed748:   00007f59818ed7f0 00007f59d430ed88
0x00007f59818ed758:   57252a3044a55600 00007f59818ed790
0x00007f59818ed768:   57252a3044a55600 00007f59818ed800
0x00007f59818ed778:   00007f59d0f9b000 00007f59d0f9b000
0x00007f59818ed788:   00007f59d0f9b000 00007f59818edf70
0x00007f59818ed798:   00007f59d7c141b2 00007f59818ed988
0x00007f59818ed7a8:   00007f59d7dd6900 00007f59818ed879
0x00007f59818ed7b8:   00007f59818edee0 00007f59d0f9b1e0
0x00007f59818ed7c8:   00007f59818ed7e0 00007f59818ede70
0x00007f59818ed7d8:   00007f59d0f9a120 00007f59d430ef70
0x00007f59818ed7e8:   00007f59d0f9b000 00007f590000000c
0x00007f59818ed7f8:   0000000749ca6e48 00007f59d430ef70
0x00007f59818ed808:   00007f59d0f9b000 00000007c000e980
0x00007f59818ed818:   000000064a372470 00007f59818edfd0
0x00007f59818ed828:   0000000000000000 00007f59818ed850
0x00007f59818ed838:   0000000749ca0f80 00007f59818ede90
0x00007f59818ed848:   00007f59d791b48d 00007f59818eded0
0x00007f59818ed858:   00007f59c1073e79 00007f59c1073e10
0x00007f59818ed868:   00007f5900000000 00007f59818eded0
0x00007f59818ed878:   00007f59818e01d0 00007f59818edee0 

Instructions: (pc=0x00007f59803f4c14)
0x00007f59803f4bf4:   54 24 04 48 89 ef 48 83 c6 08 e8 4d f9 ff ff eb
0x00007f59803f4c04:   ca e8 c6 40 e4 ff 66 0f 1f 44 00 00 f3 0f 1e fa
0x00007f59803f4c14:   48 8b 07 48 85 c0 74 16 8b 50 04 85 d2 74 0d c7
0x00007f59803f4c24:   40 04 ff ff ff ff 48 83 c0 08 c3 90 31 c0 c3 90 

Register to memory mapping:

RAX=0x0000000000000000 is an unknown value
RBX=0x00007f5940120f30 is an unknown value
RCX=0x00007f59818ede70 is pointing into the stack for thread: 0x00007f59d0f9b000
RDX=0x00007f59818ee701 is pointing into the stack for thread: 0x00007f59d0f9b000
RSP=0x00007f59818ed688 is pointing into the stack for thread: 0x00007f59d0f9b000
RBP=0x00007f59818ee640 is pointing into the stack for thread: 0x00007f59d0f9b000
RSI=0x00007f59818ee7d0 is pointing into the stack for thread: 0x00007f59d0f9b000
RDI=0x0000000000000000 is an unknown value
R8 =0x00007f5934f28930 is an unknown value
R9 =0x0000000000001bd0 is an unknown value
R10=0x00000000000006f4 is an unknown value
R11=0x00000000000002fa is an unknown value
R12=0x0000000000000000 is an unknown value
R13=0x00007f59818ede60 is pointing into the stack for thread: 0x00007f59d0f9b000
R14=0x0000000000000000 is an unknown value
R15=0x00007f59818ee820 is pointing into the stack for thread: 0x00007f59d0f9b000


Stack: [0x00007f59817f2000,0x00007f59818f3000],  sp=0x00007f59818ed688,  free space=1005k
Native frames: (J=compiled Java code, j=interpreted, Vv=VM code, C=native code)
C  [libtesseract.so+0x237c14]  STRING::c_str() const+0x4
C  [libtesseract.so+0x9f722]  tesseract::TessBaseAPI::Recognize(ETEXT_DESC*)+0x42
C  [libtesseract.so+0xa0de7]  tesseract::TessBaseAPI::GetUTF8Text()+0x127

Java frames: (J=compiled Java code, j=interpreted, Vv=VM code)
j  com.sun.jna.Native.invokePointer(Lcom/sun/jna/Function;JI[Ljava/lang/Object;)J+0
j  com.sun.jna.Function.invokePointer(I[Ljava/lang/Object;)Lcom/sun/jna/Pointer;+7
j  com.sun.jna.Function.invoke([Ljava/lang/Object;Ljava/lang/Class;ZI)Ljava/lang/Object;+385
j  com.sun.jna.Function.invoke(Ljava/lang/reflect/Method;[Ljava/lang/Class;Ljava/lang/Class;[Ljava/lang/Object;Ljava/util/Map;)Ljava/lang/Object;+271
j  com.sun.jna.Library$Handler.invoke(Ljava/lang/Object;Ljava/lang/reflect/Method;[Ljava/lang/Object;)Ljava/lang/Object;+344
j  com.sun.proxy.$Proxy90.TessBaseAPIGetUTF8Text(Lnet/sourceforge/tess4j/ITessAPI$TessBaseAPI;)Lcom/sun/jna/Pointer;+16
j  net.sourceforge.tess4j.Tesseract.getOCRText(Ljava/lang/String;I)Ljava/lang/String;+269
j  net.sourceforge.tess4j.Tesseract.doOCR(Ljavax/imageio/IIOImage;Ljava/lang/String;Ljava/awt/Rectangle;I)Ljava/lang/String;+18
j  net.sourceforge.tess4j.Tesseract.doOCR(Ljava/io/File;Ljava/awt/Rectangle;)Ljava/lang/String;+126
j  net.sourceforge.tess4j.Tesseract.doOCR(Ljava/io/File;)Ljava/lang/String;+3
j  com.pro.cement.service.processing.impls.ProcessingServiceFakeImpl.thesaurus(Ljava/lang/String;)Ljava/lang/String;+14
j  com.pro.cement.service.processing.impls.ProcessingServiceFakeImpl.identifyOne(Ljava/lang/String;)Ljava/lang/String;+70
j  com.pro.cement.controller.rest.ProcessingControllerREST.success()Ljava/lang/String;+6
v  ~StubRoutines::call_stub
J 1902  sun.reflect.NativeMethodAccessorImpl.invoke0(Ljava/lang/reflect/Method;Ljava/lang/Object;[Ljava/lang/Object;)Ljava/lang/Object; (0 bytes) @ 0x00007f59c13f29f7 [0x00007f59c13f2980+0x77]
J 1901 C1 sun.reflect.NativeMethodAccessorImpl.invoke(Ljava/lang/Object;[Ljava/lang/Object;)Ljava/lang/Object; (104 bytes) @ 0x00007f59c13f314c [0x00007f59c13f2da0+0x3ac]
J 1679 C1 sun.reflect.DelegatingMethodAccessorImpl.invoke(Ljava/lang/Object;[Ljava/lang/Object;)Ljava/lang/Object; (10 bytes) @ 0x00007f59c1388f04 [0x00007f59c1388ec0+0x44]
J 1678 C1 java.lang.reflect.Method.invoke(Ljava/lang/Object;[Ljava/lang/Object;)Ljava/lang/Object; (62 bytes) @ 0x00007f59c1388ae4 [0x00007f59c13889e0+0x104]
j  org.springframework.web.method.support.InvocableHandlerMethod.doInvoke([Ljava/lang/Object;)Ljava/lang/Object;+16
j  org.springframework.web.method.support.InvocableHandlerMethod.invokeForRequest(Lorg/springframework/web/context/request/NativeWebRequest;Lorg/springframework/web/method/support/ModelAndViewContainer;[Ljava/lang/Object;)Ljava/lang/Object;+56
j  org.springframework.web.servlet.mvc.method.annotation.ServletInvocableHandlerMethod.invokeAndHandle(Lorg/springframework/web/context/request/ServletWebRequest;Lorg/springframework/web/method/support/ModelAndViewContainer;[Ljava/lang/Object;)V+4
j  org.springframework.web.servlet.mvc.method.annotation.RequestMappingHandlerAdapter.invokeHandlerMethod(Ljavax/servlet/http/HttpServletRequest;Ljavax/servlet/http/HttpServletResponse;Lorg/springframework/web/method/HandlerMethod;)Lorg/springframework/web/servlet/ModelAndView;+244
j  org.springframework.web.servlet.mvc.method.annotation.RequestMappingHandlerAdapter.handleInternal(Ljavax/servlet/http/HttpServletRequest;Ljavax/servlet/http/HttpServletResponse;Lorg/springframework/web/method/HandlerMethod;)Lorg/springframework/web/servlet/ModelAndView;+81
j  org.springframework.web.servlet.mvc.method.AbstractHandlerMethodAdapter.handle(Ljavax/servlet/http/HttpServletRequest;Ljavax/servlet/http/HttpServletResponse;Ljava/lang/Object;)Lorg/springframework/web/servlet/ModelAndView;+7
j  org.springframework.web.servlet.DispatcherServlet.doDispatch(Ljavax/servlet/http/HttpServletRequest;Ljavax/servlet/http/HttpServletResponse;)V+257
j  org.springframework.web.servlet.DispatcherServlet.doService(Ljavax/servlet/http/HttpServletRequest;Ljavax/servlet/http/HttpServletResponse;)V+212
j  org.springframework.web.servlet.FrameworkServlet.processRequest(Ljavax/servlet/http/HttpServletRequest;Ljavax/servlet/http/HttpServletResponse;)V+71
j  org.springframework.web.servlet.FrameworkServlet.doGet(Ljavax/servlet/http/HttpServletRequest;Ljavax/servlet/http/HttpServletResponse;)V+3
j  javax.servlet.http.HttpServlet.service(Ljavax/servlet/http/HttpServletRequest;Ljavax/servlet/http/HttpServletResponse;)V+35
j  org.springframework.web.servlet.FrameworkServlet.service(Ljavax/servlet/http/HttpServletRequest;Ljavax/servlet/http/HttpServletResponse;)V+33
j  javax.servlet.http.HttpServlet.service(Ljavax/servlet/ServletRequest;Ljavax/servlet/ServletResponse;)V+36
j  org.apache.catalina.core.ApplicationFilterChain.internalDoFilter(Ljavax/servlet/ServletRequest;Ljavax/servlet/ServletResponse;)V+304
j  org.apache.catalina.core.ApplicationFilterChain.doFilter(Ljavax/servlet/ServletRequest;Ljavax/servlet/ServletResponse;)V+101
j  org.apache.tomcat.websocket.server.WsFilter.doFilter(Ljavax/servlet/ServletRequest;Ljavax/servlet/ServletResponse;Ljavax/servlet/FilterChain;)V+21
j  org.apache.catalina.core.ApplicationFilterChain.internalDoFilter(Ljavax/servlet/ServletRequest;Ljavax/servlet/ServletResponse;)V+135
j  org.apache.catalina.core.ApplicationFilterChain.doFilter(Ljavax/servlet/ServletRequest;Ljavax/servlet/ServletResponse;)V+101
j  org.springframework.web.filter.RequestContextFilter.doFilterInternal(Ljavax/servlet/http/HttpServletRequest;Ljavax/servlet/http/HttpServletResponse;Ljavax/servlet/FilterChain;)V+21
j  org.springframework.web.filter.OncePerRequestFilter.doFilter(Ljavax/servlet/ServletRequest;Ljavax/servlet/ServletResponse;Ljavax/servlet/FilterChain;)V+147
j  org.apache.catalina.core.ApplicationFilterChain.internalDoFilter(Ljavax/servlet/ServletRequest;Ljavax/servlet/ServletResponse;)V+135
j  org.apache.catalina.core.ApplicationFilterChain.doFilter(Ljavax/servlet/ServletRequest;Ljavax/servlet/ServletResponse;)V+101
j  org.springframework.web.filter.FormContentFilter.doFilterInternal(Ljavax/servlet/http/HttpServletRequest;Ljavax/servlet/http/HttpServletResponse;Ljavax/servlet/FilterChain;)V+38
j  org.springframework.web.filter.OncePerRequestFilter.doFilter(Ljavax/servlet/ServletRequest;Ljavax/servlet/ServletResponse;Ljavax/servlet/FilterChain;)V+147
j  org.apache.catalina.core.ApplicationFilterChain.internalDoFilter(Ljavax/servlet/ServletRequest;Ljavax/servlet/ServletResponse;)V+135
j  org.apache.catalina.core.ApplicationFilterChain.doFilter(Ljavax/servlet/ServletRequest;Ljavax/servlet/ServletResponse;)V+101
j  org.springframework.web.filter.CharacterEncodingFilter.doFilterInternal(Ljavax/servlet/http/HttpServletRequest;Ljavax/servlet/http/HttpServletResponse;Ljavax/servlet/FilterChain;)V+53
j  org.springframework.web.filter.OncePerRequestFilter.doFilter(Ljavax/servlet/ServletRequest;Ljavax/servlet/ServletResponse;Ljavax/servlet/FilterChain;)V+147
j  org.apache.catalina.core.ApplicationFilterChain.internalDoFilter(Ljavax/servlet/ServletRequest;Ljavax/servlet/ServletResponse;)V+135
j  org.apache.catalina.core.ApplicationFilterChain.doFilter(Ljavax/servlet/ServletRequest;Ljavax/servlet/ServletResponse;)V+101
j  org.apache.catalina.core.StandardWrapperValve.invoke(Lorg/apache/catalina/connector/Request;Lorg/apache/catalina/connector/Response;)V+694
j  org.apache.catalina.core.StandardContextValve.invoke(Lorg/apache/catalina/connector/Request;Lorg/apache/catalina/connector/Response;)V+166
j  org.apache.catalina.authenticator.AuthenticatorBase.invoke(Lorg/apache/catalina/connector/Request;Lorg/apache/catalina/connector/Response;)V+260
j  org.apache.catalina.core.StandardHostValve.invoke(Lorg/apache/catalina/connector/Request;Lorg/apache/catalina/connector/Response;)V+114
j  org.apache.catalina.valves.ErrorReportValve.invoke(Lorg/apache/catalina/connector/Request;Lorg/apache/catalina/connector/Response;)V+6
j  org.apache.catalina.core.StandardEngineValve.invoke(Lorg/apache/catalina/connector/Request;Lorg/apache/catalina/connector/Response;)V+45
j  org.apache.catalina.connector.CoyoteAdapter.service(Lorg/apache/coyote/Request;Lorg/apache/coyote/Response;)V+199
j  org.apache.coyote.http11.Http11Processor.service(Lorg/apache/tomcat/util/net/SocketWrapperBase;)Lorg/apache/tomcat/util/net/AbstractEndpoint$Handler$SocketState;+727
j  org.apache.coyote.AbstractProcessorLight.process(Lorg/apache/tomcat/util/net/SocketWrapperBase;Lorg/apache/tomcat/util/net/SocketEvent;)Lorg/apache/tomcat/util/net/AbstractEndpoint$Handler$SocketState;+170
j  org.apache.coyote.AbstractProtocol$ConnectionHandler.process(Lorg/apache/tomcat/util/net/SocketWrapperBase;Lorg/apache/tomcat/util/net/SocketEvent;)Lorg/apache/tomcat/util/net/AbstractEndpoint$Handler$SocketState;+505
j  org.apache.tomcat.util.net.NioEndpoint$SocketProcessor.doRun()V+221
j  org.apache.tomcat.util.net.SocketProcessorBase.run()V+21
j  java.util.concurrent.ThreadPoolExecutor.runWorker(Ljava/util/concurrent/ThreadPoolExecutor$Worker;)V+95
j  java.util.concurrent.ThreadPoolExecutor$Worker.run()V+5
j  org.apache.tomcat.util.threads.TaskThread$WrappingRunnable.run()V+4
j  java.lang.Thread.run()V+11
v  ~StubRoutines::call_stub

---------------  P R O C E S S  ---------------

Java Threads: ( => current thread )
  0x00007f59400f8800 JavaThread "process reaper" daemon [_thread_blocked, id=5211, stack(0x00007f599c056000,0x00007f599c08f000)]
  0x00007f59400a0000 JavaThread "Java2D Disposer" daemon [_thread_blocked, id=5209, stack(0x00007f5980ae5000,0x00007f5980be6000)]
  0x00007f5970002800 JavaThread "RMI TCP Connection(idle)" daemon [_thread_blocked, id=5198, stack(0x00007f5980be6000,0x00007f5980ce7000)]
  0x00007f59d0010000 JavaThread "DestroyJavaVM" [_thread_blocked, id=5126, stack(0x00007f59d7119000,0x00007f59d7219000)]
  0x00007f59d0faf000 JavaThread "http-nio-8080-Acceptor" daemon [_thread_in_native, id=5195, stack(0x00007f5980ce7000,0x00007f5980de8000)]
  0x00007f59d0fad000 JavaThread "http-nio-8080-ClientPoller" daemon [_thread_in_native, id=5194, stack(0x00007f5980de8000,0x00007f5980ee9000)]
  0x00007f59d0fab000 JavaThread "http-nio-8080-exec-10" daemon [_thread_blocked, id=5193, stack(0x00007f5980ee9000,0x00007f5980fea000)]
  0x00007f59d0fa9000 JavaThread "http-nio-8080-exec-9" daemon [_thread_blocked, id=5192, stack(0x00007f5980fea000,0x00007f59810eb000)]
  0x00007f59d0fa7000 JavaThread "http-nio-8080-exec-8" daemon [_thread_blocked, id=5191, stack(0x00007f59810eb000,0x00007f59811ec000)]
  0x00007f59d0fa5000 JavaThread "http-nio-8080-exec-7" daemon [_thread_blocked, id=5190, stack(0x00007f59811ec000,0x00007f59812ed000)]
  0x00007f59d0fa3800 JavaThread "http-nio-8080-exec-6" daemon [_thread_blocked, id=5189, stack(0x00007f59812ed000,0x00007f59813ee000)]
  0x00007f59d0fa1800 JavaThread "http-nio-8080-exec-5" daemon [_thread_blocked, id=5188, stack(0x00007f59813ee000,0x00007f59814ef000)]
  0x00007f59d0f9f800 JavaThread "http-nio-8080-exec-4" daemon [_thread_blocked, id=5187, stack(0x00007f59814ef000,0x00007f59815f0000)]
  0x00007f59d0f9d800 JavaThread "http-nio-8080-exec-3" daemon [_thread_blocked, id=5186, stack(0x00007f59815f0000,0x00007f59816f1000)]
  0x00007f59d0f9c000 JavaThread "http-nio-8080-exec-2" daemon [_thread_blocked, id=5185, stack(0x00007f59816f1000,0x00007f59817f2000)]
=>0x00007f59d0f9b000 JavaThread "http-nio-8080-exec-1" daemon [_thread_in_native, id=5184, stack(0x00007f59817f2000,0x00007f59818f3000)]
  0x00007f59d0f98800 JavaThread "http-nio-8080-BlockPoller" daemon [_thread_in_native, id=5183, stack(0x00007f5981af3000,0x00007f5981bf4000)]
  0x00007f59d0e0b800 JavaThread "CleanCursors-1-thread-1" daemon [_thread_blocked, id=5179, stack(0x00007f5981ff4000,0x00007f59820f5000)]
  0x00007f59d0dfd800 JavaThread "cluster-ClusterId{value='5e9228eddf11c83472d8cf28', description='null'}-localhost:27017" daemon [_thread_blocked, id=5178, stack(0x00007f59822f5000,0x00007f59823f6000)]
  0x00007f59d0d19800 JavaThread "container-0" [_thread_blocked, id=5175, stack(0x00007f59823f6000,0x00007f59824f7000)]
  0x00007f5958002800 JavaThread "Catalina-utility-2" [_thread_blocked, id=5174, stack(0x00007f59824f7000,0x00007f59825f8000)]
  0x00007f59d0d15000 JavaThread "Catalina-utility-1" [_thread_blocked, id=5173, stack(0x00007f5982bf8000,0x00007f5982cf9000)]
  0x00007f596007d000 JavaThread "RMI Scheduler(0)" daemon [_thread_blocked, id=5167, stack(0x00007f5982cf9000,0x00007f5982dfa000)]
  0x00007f5970001800 JavaThread "RMI TCP Connection(3)-127.0.0.1" daemon [_thread_in_native, id=5166, stack(0x00007f5982ffa000,0x00007f59830fb000)]
  0x00007f598c002000 JavaThread "Attach Listener" daemon [_thread_blocked, id=5163, stack(0x00007f59830fb000,0x00007f59831fc000)]
  0x00007f598c001000 JavaThread "Attach Listener" daemon [_thread_blocked, id=5162, stack(0x00007f59839fc000,0x00007f5983afd000)]
  0x00007f59d0633800 JavaThread "RMI TCP Accept-0" daemon [_thread_in_native, id=5154, stack(0x00007f5983dfe000,0x00007f5983eff000)]
  0x00007f59d0573800 JavaThread "Service Thread" daemon [_thread_blocked, id=5152, stack(0x00007f5983eff000,0x00007f5984000000)]
  0x00007f59d0570000 JavaThread "C1 CompilerThread2" daemon [_thread_blocked, id=5151, stack(0x00007f599c0dc000,0x00007f599c1dc000)]
  0x00007f59d056d800 JavaThread "C2 CompilerThread1" daemon [_thread_blocked, id=5150, stack(0x00007f599c1dd000,0x00007f599c2dd000)]
  0x00007f59d056c000 JavaThread "C2 CompilerThread0" daemon [_thread_blocked, id=5149, stack(0x00007f599c2de000,0x00007f599c3de000)]
  0x00007f59d0569800 JavaThread "Monitor Ctrl-Break" daemon [_thread_in_native, id=5148, stack(0x00007f599c3de000,0x00007f599c4df000)]
  0x00007f59d0181000 JavaThread "Signal Dispatcher" daemon [_thread_blocked, id=5141, stack(0x00007f59b401d000,0x00007f59b411e000)]
  0x00007f59d0152000 JavaThread "Finalizer" daemon [_thread_blocked, id=5138, stack(0x00007f59b411e000,0x00007f59b421f000)]
  0x00007f59d014d800 JavaThread "Reference Handler" daemon [_thread_blocked, id=5136, stack(0x00007f59b421f000,0x00007f59b4320000)]

Other Threads:
  0x00007f59d0144000 VMThread [stack: 0x00007f59b4321000,0x00007f59b4421000] [id=5135]
  0x00007f59d0647800 WatcherThread [stack: 0x00007f5983cfe000,0x00007f5983dfe000] [id=5155]

VM state:not at safepoint (normal execution)

VM Mutex/Monitor currently owned by a thread: None

heap address: 0x000000064a000000, size: 5984 MB, Compressed Oops mode: Zero based, Oop shift amount: 3
Narrow klass base: 0x0000000000000000, Narrow klass shift: 3
Compressed class space size: 1073741824 Address: 0x00000007c0000000

Heap:
 PSYoungGen      total 207360K, used 116883K [0x0000000743580000, 0x0000000755180000, 0x00000007c0000000)
  eden space 191488K, 61% used [0x0000000743580000,0x000000074a7a4f60,0x000000074f080000)
  from space 15872K, 0% used [0x000000074f080000,0x000000074f080000,0x0000000750000000)
  to   space 15872K, 0% used [0x0000000754200000,0x0000000754200000,0x0000000755180000)
 ParOldGen       total 280576K, used 23128K [0x000000064a000000, 0x000000065b200000, 0x0000000743580000)
  object space 280576K, 8% used [0x000000064a000000,0x000000064b6963b8,0x000000065b200000)
 Metaspace       used 39751K, capacity 42366K, committed 42672K, reserved 1085440K
  class space    used 5265K, capacity 5740K, committed 5808K, reserved 1048576K

Card table byte_map: [0x00007f59d6136000,0x00007f59d6ce7000] byte_map_base: 0x00007f59d2ee6000

Marking Bits: (ParMarkBitMap*) 0x00007f59d82373e0
 Begin Bits: [0x00007f59b5500000, 0x00007f59bb280000)
 End Bits:   [0x00007f59bb280000, 0x00007f59c1000000)

Polling page: 0x00007f59d84e0000

CodeCache: size=245760Kb used=7100Kb max_used=7100Kb free=238659Kb
 bounds [0x00007f59c1000000, 0x00007f59c16f0000, 0x00007f59d0000000]
 total_blobs=4144 nmethods=3650 adapters=408
 compilation: enabled

Compilation events (10 events):
Event: 14,715 Thread 0x00007f59d0570000 3646  s    1       java.util.Stack::peek (25 bytes)
Event: 14,716 Thread 0x00007f59d0570000 nmethod 3646 0x00007f59c16ec710 code [0x00007f59c16ec8a0, 0x00007f59c16ecd18]
Event: 14,717 Thread 0x00007f59d0570000 3647  s    1       java.io.BufferedInputStream::read (113 bytes)
Event: 14,717 Thread 0x00007f59d0570000 nmethod 3647 0x00007f59c16ece50 code [0x00007f59c16ed000, 0x00007f59c16ed5f8]
Event: 14,721 Thread 0x00007f59d0570000 3648  s    1       java.io.BufferedInputStream::read (49 bytes)
Event: 14,722 Thread 0x00007f59d0570000 nmethod 3648 0x00007f59c16ed890 code [0x00007f59c16eda20, 0x00007f59c16ede18]
Event: 14,723 Thread 0x00007f59d0570000 3649       1       java.io.BufferedInputStream::fill (233 bytes)
Event: 14,724 Thread 0x00007f59d0570000 nmethod 3649 0x00007f59c16edfd0 code [0x00007f59c16ee1c0, 0x00007f59c16ee998]
Event: 14,753 Thread 0x00007f59d0570000 3650       1       javax.imageio.stream.ImageInputStreamImpl::readInt (142 bytes)
Event: 14,754 Thread 0x00007f59d0570000 nmethod 3650 0x00007f59c16eed10 code [0x00007f59c16eeea0, 0x00007f59c16ef198]

GC Heap History (10 events):
Event: 0,839 GC heap before
{Heap before GC invocations=1 (full 0):
 PSYoungGen      total 111616K, used 95744K [0x0000000743580000, 0x000000074b200000, 0x00000007c0000000)
  eden space 95744K, 100% used [0x0000000743580000,0x0000000749300000,0x0000000749300000)
  from space 15872K, 0% used [0x000000074a280000,0x000000074a280000,0x000000074b200000)
  to   space 15872K, 0% used [0x0000000749300000,0x0000000749300000,0x000000074a280000)
 ParOldGen       total 255488K, used 0K [0x000000064a000000, 0x0000000659980000, 0x0000000743580000)
  object space 255488K, 0% used [0x000000064a000000,0x000000064a000000,0x0000000659980000)
 Metaspace       used 14934K, capacity 15390K, committed 15744K, reserved 1062912K
  class space    used 1961K, capacity 2093K, committed 2176K, reserved 1048576K
Event: 0,848 GC heap after
Heap after GC invocations=1 (full 0):
 PSYoungGen      total 111616K, used 8735K [0x0000000743580000, 0x0000000750f80000, 0x00000007c0000000)
  eden space 95744K, 0% used [0x0000000743580000,0x0000000743580000,0x0000000749300000)
  from space 15872K, 55% used [0x0000000749300000,0x0000000749b87d18,0x000000074a280000)
  to   space 15872K, 0% used [0x0000000750000000,0x0000000750000000,0x0000000750f80000)
 ParOldGen       total 255488K, used 16K [0x000000064a000000, 0x0000000659980000, 0x0000000743580000)
  object space 255488K, 0% used [0x000000064a000000,0x000000064a004000,0x0000000659980000)
 Metaspace       used 14934K, capacity 15390K, committed 15744K, reserved 1062912K
  class space    used 1961K, capacity 2093K, committed 2176K, reserved 1048576K
}
Event: 1,206 GC heap before
{Heap before GC invocations=2 (full 0):
 PSYoungGen      total 111616K, used 78518K [0x0000000743580000, 0x0000000750f80000, 0x00000007c0000000)
  eden space 95744K, 72% used [0x0000000743580000,0x00000007479a5ba8,0x0000000749300000)
  from space 15872K, 55% used [0x0000000749300000,0x0000000749b87d18,0x000000074a280000)
  to   space 15872K, 0% used [0x0000000750000000,0x0000000750000000,0x0000000750f80000)
 ParOldGen       total 255488K, used 16K [0x000000064a000000, 0x0000000659980000, 0x0000000743580000)
  object space 255488K, 0% used [0x000000064a000000,0x000000064a004000,0x0000000659980000)
 Metaspace       used 20593K, capacity 21258K, committed 21296K, reserved 1067008K
  class space    used 2658K, capacity 2833K, committed 2864K, reserved 1048576K
Event: 1,223 GC heap after
Heap after GC invocations=2 (full 0):
 PSYoungGen      total 207360K, used 10353K [0x0000000743580000, 0x0000000750f80000, 0x00000007c0000000)
  eden space 191488K, 0% used [0x0000000743580000,0x0000000743580000,0x000000074f080000)
  from space 15872K, 65% used [0x0000000750000000,0x0000000750a1c6a8,0x0000000750f80000)
  to   space 15872K, 0% used [0x000000074f080000,0x000000074f080000,0x0000000750000000)
 ParOldGen       total 255488K, used 24K [0x000000064a000000, 0x0000000659980000, 0x0000000743580000)
  object space 255488K, 0% used [0x000000064a000000,0x000000064a006000,0x0000000659980000)
 Metaspace       used 20593K, capacity 21258K, committed 21296K, reserved 1067008K
  class space    used 2658K, capacity 2833K, committed 2864K, reserved 1048576K
}
Event: 1,223 GC heap before
{Heap before GC invocations=3 (full 1):
 PSYoungGen      total 207360K, used 10353K [0x0000000743580000, 0x0000000750f80000, 0x00000007c0000000)
  eden space 191488K, 0% used [0x0000000743580000,0x0000000743580000,0x000000074f080000)
  from space 15872K, 65% used [0x0000000750000000,0x0000000750a1c6a8,0x0000000750f80000)
  to   space 15872K, 0% used [0x000000074f080000,0x000000074f080000,0x0000000750000000)
 ParOldGen       total 255488K, used 24K [0x000000064a000000, 0x0000000659980000, 0x0000000743580000)
  object space 255488K, 0% used [0x000000064a000000,0x000000064a006000,0x0000000659980000)
 Metaspace       used 20593K, capacity 21258K, committed 21296K, reserved 1067008K
  class space    used 2658K, capacity 2833K, committed 2864K, reserved 1048576K
Event: 1,275 GC heap after
Heap after GC invocations=3 (full 1):
 PSYoungGen      total 207360K, used 0K [0x0000000743580000, 0x0000000750f80000, 0x00000007c0000000)
  eden space 191488K, 0% used [0x0000000743580000,0x0000000743580000,0x000000074f080000)
  from space 15872K, 0% used [0x0000000750000000,0x0000000750000000,0x0000000750f80000)
  to   space 15872K, 0% used [0x000000074f080000,0x000000074f080000,0x0000000750000000)
 ParOldGen       total 162816K, used 9972K [0x000000064a000000, 0x0000000653f00000, 0x0000000743580000)
  object space 162816K, 6% used [0x000000064a000000,0x000000064a9bd180,0x0000000653f00000)
 Metaspace       used 20593K, capacity 21258K, committed 21296K, reserved 1067008K
  class space    used 2658K, capacity 2833K, committed 2864K, reserved 1048576K
}
Event: 2,710 GC heap before
{Heap before GC invocations=4 (full 1):
 PSYoungGen      total 207360K, used 174913K [0x0000000743580000, 0x0000000750f80000, 0x00000007c0000000)
  eden space 191488K, 91% used [0x0000000743580000,0x000000074e050458,0x000000074f080000)
  from space 15872K, 0% used [0x0000000750000000,0x0000000750000000,0x0000000750f80000)
  to   space 15872K, 0% used [0x000000074f080000,0x000000074f080000,0x0000000750000000)
 ParOldGen       total 162816K, used 9972K [0x000000064a000000, 0x0000000653f00000, 0x0000000743580000)
  object space 162816K, 6% used [0x000000064a000000,0x000000064a9bd180,0x0000000653f00000)
 Metaspace       used 33365K, capacity 35460K, committed 35496K, reserved 1079296K
  class space    used 4468K, capacity 4890K, committed 4912K, reserved 1048576K
Event: 2,725 GC heap after
Heap after GC invocations=4 (full 1):
 PSYoungGen      total 207360K, used 15851K [0x0000000743580000, 0x0000000755180000, 0x00000007c0000000)
  eden space 191488K, 0% used [0x0000000743580000,0x0000000743580000,0x000000074f080000)
  from space 15872K, 99% used [0x000000074f080000,0x000000074fffad78,0x0000000750000000)
  to   space 15872K, 0% used [0x0000000754200000,0x0000000754200000,0x0000000755180000)
 ParOldGen       total 162816K, used 12619K [0x000000064a000000, 0x0000000653f00000, 0x0000000743580000)
  object space 162816K, 7% used [0x000000064a000000,0x000000064ac52fb8,0x0000000653f00000)
 Metaspace       used 33365K, capacity 35460K, committed 35496K, reserved 1079296K
  class space    used 4468K, capacity 4890K, committed 4912K, reserved 1048576K
}
Event: 2,725 GC heap before
{Heap before GC invocations=5 (full 2):
 PSYoungGen      total 207360K, used 15851K [0x0000000743580000, 0x0000000755180000, 0x00000007c0000000)
  eden space 191488K, 0% used [0x0000000743580000,0x0000000743580000,0x000000074f080000)
  from space 15872K, 99% used [0x000000074f080000,0x000000074fffad78,0x0000000750000000)
  to   space 15872K, 0% used [0x0000000754200000,0x0000000754200000,0x0000000755180000)
 ParOldGen       total 162816K, used 12619K [0x000000064a000000, 0x0000000653f00000, 0x0000000743580000)
  object space 162816K, 7% used [0x000000064a000000,0x000000064ac52fb8,0x0000000653f00000)
 Metaspace       used 33365K, capacity 35460K, committed 35496K, reserved 1079296K
  class space    used 4468K, capacity 4890K, committed 4912K, reserved 1048576K
Event: 2,798 GC heap after
Heap after GC invocations=5 (full 2):
 PSYoungGen      total 207360K, used 0K [0x0000000743580000, 0x0000000755180000, 0x00000007c0000000)
  eden space 191488K, 0% used [0x0000000743580000,0x0000000743580000,0x000000074f080000)
  from space 15872K, 0% used [0x000000074f080000,0x000000074f080000,0x0000000750000000)
  to   space 15872K, 0% used [0x0000000754200000,0x0000000754200000,0x0000000755180000)
 ParOldGen       total 280576K, used 23128K [0x000000064a000000, 0x000000065b200000, 0x0000000743580000)
  object space 280576K, 8% used [0x000000064a000000,0x000000064b6963b8,0x000000065b200000)
 Metaspace       used 33365K, capacity 35460K, committed 35496K, reserved 1079296K
  class space    used 4468K, capacity 4890K, committed 4912K, reserved 1048576K
}

Deoptimization events (0 events):
No events

Classes redefined (0 events):
No events

Internal exceptions (10 events):
Event: 2,956 Thread 0x00007f59d0010000 Exception <a 'java/lang/ArrayIndexOutOfBoundsException'> (0x00000007456388e0) thrown at [/build/openjdk-8-98hZnU/openjdk-8-8u242-b08/src/hotspot/src/share/vm/runtime/sharedRuntime.cpp, line 605]
Event: 2,956 Thread 0x00007f59d0010000 Exception <a 'java/lang/ArrayIndexOutOfBoundsException'> (0x000000074563aa08) thrown at [/build/openjdk-8-98hZnU/openjdk-8-8u242-b08/src/hotspot/src/share/vm/runtime/sharedRuntime.cpp, line 605]
Event: 2,956 Thread 0x00007f59d0010000 Exception <a 'java/lang/ArrayIndexOutOfBoundsException'> (0x000000074563b960) thrown at [/build/openjdk-8-98hZnU/openjdk-8-8u242-b08/src/hotspot/src/share/vm/runtime/sharedRuntime.cpp, line 605]
Event: 2,956 Thread 0x00007f59d0010000 Exception <a 'java/lang/ArrayIndexOutOfBoundsException'> (0x000000074563caf8) thrown at [/build/openjdk-8-98hZnU/openjdk-8-8u242-b08/src/hotspot/src/share/vm/runtime/sharedRuntime.cpp, line 605]
Event: 2,984 Thread 0x00007f59d0010000 Exception <a 'java/lang/IncompatibleClassChangeError': Found class java.lang.Object, but interface was expected> (0x0000000745917d50) thrown at [/build/openjdk-8-98hZnU/openjdk-8-8u242-b08/src/hotspot/src/share/vm/interpreter/linkResolver.cpp, line 653]
Event: 3,004 Thread 0x00007f59d0010000 Exception <a 'java/lang/ArrayIndexOutOfBoundsException'> (0x0000000745bd5b20) thrown at [/build/openjdk-8-98hZnU/openjdk-8-8u242-b08/src/hotspot/src/share/vm/runtime/sharedRuntime.cpp, line 605]
Event: 3,060 Thread 0x00007f59d0010000 Exception <a 'java/lang/ArrayIndexOutOfBoundsException'> (0x0000000746563d98) thrown at [/build/openjdk-8-98hZnU/openjdk-8-8u242-b08/src/hotspot/src/share/vm/runtime/sharedRuntime.cpp, line 605]
Event: 3,060 Thread 0x00007f59d0010000 Exception <a 'java/lang/ArrayIndexOutOfBoundsException'> (0x0000000746567630) thrown at [/build/openjdk-8-98hZnU/openjdk-8-8u242-b08/src/hotspot/src/share/vm/runtime/sharedRuntime.cpp, line 605]
Event: 3,062 Thread 0x00007f59d0010000 Exception <a 'java/lang/ArrayIndexOutOfBoundsException'> (0x00000007465994c0) thrown at [/build/openjdk-8-98hZnU/openjdk-8-8u242-b08/src/hotspot/src/share/vm/runtime/sharedRuntime.cpp, line 605]
Event: 14,471 Thread 0x00007f59d0f9b000 Exception <a 'java/io/FileNotFoundException'> (0x0000000747e30e98) thrown at [/build/openjdk-8-98hZnU/openjdk-8-8u242-b08/src/hotspot/src/share/vm/prims/jni.cpp, line 710]

Events (10 events):
Event: 14,710 loading class com/sun/jna/NativeString$StringMemory
Event: 14,710 loading class com/sun/jna/NativeString$StringMemory done
Event: 14,714 loading class com/sun/jna/Function$PointerArray
Event: 14,714 loading class com/sun/jna/Function$PointerArray done
Event: 14,775 loading class javax/imageio/IIOImage
Event: 14,775 loading class javax/imageio/IIOImage done
Event: 14,813 loading class java/lang/StrictMath
Event: 14,813 loading class java/lang/StrictMath done
Event: 14,813 loading class com/sun/jna/Native$Buffers
Event: 14,813 loading class com/sun/jna/Native$Buffers done


Dynamic libraries:
64a000000-65b200000 rw-p 00000000 00:00 0 
65b200000-743580000 ---p 00000000 00:00 0 
743580000-755180000 rw-p 00000000 00:00 0 
755180000-7c0000000 ---p 00000000 00:00 0 
7c0000000-7c05ac000 rw-p 00000000 00:00 0 
7c05ac000-800000000 ---p 00000000 00:00 0 
557a2bf60000-557a2bf61000 r--p 00000000 08:02 10226950                   /usr/lib/jvm/java-8-openjdk-amd64/jre/bin/java
557a2bf61000-557a2bf62000 r-xp 00001000 08:02 10226950                   /usr/lib/jvm/java-8-openjdk-amd64/jre/bin/java
557a2bf62000-557a2bf63000 r--p 00002000 08:02 10226950                   /usr/lib/jvm/java-8-openjdk-amd64/jre/bin/java
557a2bf63000-557a2bf64000 r--p 00002000 08:02 10226950                   /usr/lib/jvm/java-8-openjdk-amd64/jre/bin/java
557a2bf64000-557a2bf65000 rw-p 00003000 08:02 10226950                   /usr/lib/jvm/java-8-openjdk-amd64/jre/bin/java
557a2d94d000-557a2d96e000 rw-p 00000000 00:00 0                          [heap]
7f5930000000-7f5930021000 rw-p 00000000 00:00 0 
7f5930021000-7f5934000000 ---p 00000000 00:00 0 
7f59349fc000-7f5934f29000 rw-p 00000000 00:00 0 
7f5935456000-7f5935983000 rw-p 00000000 00:00 0 
7f5935983000-7f5935984000 r--p 00000000 08:02 10095849                   /usr/lib/x86_64-linux-gnu/libicudata.so.63.2
7f5935984000-7f5935985000 r-xp 00001000 08:02 10095849                   /usr/lib/x86_64-linux-gnu/libicudata.so.63.2
7f5935985000-7f5937372000 r--p 00002000 08:02 10095849                   /usr/lib/x86_64-linux-gnu/libicudata.so.63.2
7f5937372000-7f5937373000 r--p 019ee000 08:02 10095849                   /usr/lib/x86_64-linux-gnu/libicudata.so.63.2
7f5937373000-7f5937374000 rw-p 019ef000 08:02 10095849                   /usr/lib/x86_64-linux-gnu/libicudata.so.63.2
7f5937374000-7f593737f000 r-xp 00000000 08:02 10101262                   /usr/lib/x86_64-linux-gnu/libjbig.so.0
7f593737f000-7f593757e000 ---p 0000b000 08:02 10101262                   /usr/lib/x86_64-linux-gnu/libjbig.so.0
7f593757e000-7f593757f000 r--p 0000a000 08:02 10101262                   /usr/lib/x86_64-linux-gnu/libjbig.so.0
7f593757f000-7f5937582000 rw-p 0000b000 08:02 10101262                   /usr/lib/x86_64-linux-gnu/libjbig.so.0
7f5937582000-7f59375e4000 r--p 00000000 08:02 10103719                   /usr/lib/x86_64-linux-gnu/libicuuc.so.63.2
7f59375e4000-7f59376bd000 r-xp 00062000 08:02 10103719                   /usr/lib/x86_64-linux-gnu/libicuuc.so.63.2
7f59376bd000-7f5937741000 r--p 0013b000 08:02 10103719                   /usr/lib/x86_64-linux-gnu/libicuuc.so.63.2
7f5937741000-7f5937754000 r--p 001be000 08:02 10103719                   /usr/lib/x86_64-linux-gnu/libicuuc.so.63.2
7f5937754000-7f5937755000 rw-p 001d1000 08:02 10103719                   /usr/lib/x86_64-linux-gnu/libicuuc.so.63.2
7f5937755000-7f5937756000 rw-p 00000000 00:00 0 
7f5937756000-7f5937759000 r--p 00000000 08:02 10095335                   /usr/lib/x86_64-linux-gnu/libopenjp2.so.2.3.0
7f5937759000-7f593779a000 r-xp 00003000 08:02 10095335                   /usr/lib/x86_64-linux-gnu/libopenjp2.so.2.3.0
7f593779a000-7f59377aa000 r--p 00044000 08:02 10095335                   /usr/lib/x86_64-linux-gnu/libopenjp2.so.2.3.0
7f59377aa000-7f59377ab000 r--p 00053000 08:02 10095335                   /usr/lib/x86_64-linux-gnu/libopenjp2.so.2.3.0
7f59377ab000-7f59377ac000 rw-p 00054000 08:02 10095335                   /usr/lib/x86_64-linux-gnu/libopenjp2.so.2.3.0
7f59377ac000-7f5937812000 r-xp 00000000 08:02 10101921                   /usr/lib/x86_64-linux-gnu/libwebp.so.6.0.2
7f5937812000-7f5937a11000 ---p 00066000 08:02 10101921                   /usr/lib/x86_64-linux-gnu/libwebp.so.6.0.2
7f5937a11000-7f5937a12000 r--p 00065000 08:02 10101921                   /usr/lib/x86_64-linux-gnu/libwebp.so.6.0.2
7f5937a12000-7f5937a13000 rw-p 00066000 08:02 10101921                   /usr/lib/x86_64-linux-gnu/libwebp.so.6.0.2
7f5937a13000-7f5937a15000 rw-p 00000000 00:00 0 
7f5937a15000-7f5937a1d000 r--p 00000000 08:02 10101808                   /usr/lib/x86_64-linux-gnu/libtiff.so.5.4.0
7f5937a1d000-7f5937a61000 r-xp 00008000 08:02 10101808                   /usr/lib/x86_64-linux-gnu/libtiff.so.5.4.0
7f5937a61000-7f5937a90000 r--p 0004c000 08:02 10101808                   /usr/lib/x86_64-linux-gnu/libtiff.so.5.4.0
7f5937a90000-7f5937a91000 ---p 0007b000 08:02 10101808                   /usr/lib/x86_64-linux-gnu/libtiff.so.5.4.0
7f5937a91000-7f5937a95000 r--p 0007b000 08:02 10101808                   /usr/lib/x86_64-linux-gnu/libtiff.so.5.4.0
7f5937a95000-7f5937a96000 rw-p 0007f000 08:02 10101808                   /usr/lib/x86_64-linux-gnu/libtiff.so.5.4.0
7f5937a96000-7f5937a9a000 r--p 00000000 08:02 10101266                   /usr/lib/x86_64-linux-gnu/libjpeg.so.8.2.2
7f5937a9a000-7f5937ade000 r-xp 00004000 08:02 10101266                   /usr/lib/x86_64-linux-gnu/libjpeg.so.8.2.2
7f5937ade000-7f5937b18000 r--p 00048000 08:02 10101266                   /usr/lib/x86_64-linux-gnu/libjpeg.so.8.2.2
7f5937b18000-7f5937b19000 ---p 00082000 08:02 10101266                   /usr/lib/x86_64-linux-gnu/libjpeg.so.8.2.2
7f5937b19000-7f5937b1a000 r--p 00082000 08:02 10101266                   /usr/lib/x86_64-linux-gnu/libjpeg.so.8.2.2
7f5937b1a000-7f5937b1b000 rw-p 00083000 08:02 10101266                   /usr/lib/x86_64-linux-gnu/libjpeg.so.8.2.2
7f5937b1b000-7f5937b49000 r--p 00000000 08:02 10094346                   /usr/lib/x86_64-linux-gnu/libxml2.so.2.9.4
7f5937b49000-7f5937c77000 r-xp 0002e000 08:02 10094346                   /usr/lib/x86_64-linux-gnu/libxml2.so.2.9.4
7f5937c77000-7f5937ccf000 r--p 0015c000 08:02 10094346                   /usr/lib/x86_64-linux-gnu/libxml2.so.2.9.4
7f5937ccf000-7f5937cd0000 ---p 001b4000 08:02 10094346                   /usr/lib/x86_64-linux-gnu/libxml2.so.2.9.4
7f5937cd0000-7f5937cd8000 r--p 001b4000 08:02 10094346                   /usr/lib/x86_64-linux-gnu/libxml2.so.2.9.4
7f5937cd8000-7f5937cda000 rw-p 001bc000 08:02 10094346                   /usr/lib/x86_64-linux-gnu/libxml2.so.2.9.4
7f5937cda000-7f5937cdb000 rw-p 00000000 00:00 0 
7f5937cdb000-7f5937cdf000 r--p 00000000 08:02 10102024                   /usr/lib/x86_64-linux-gnu/libzstd.so.1.4.3
7f5937cdf000-7f5937d6f000 r-xp 00004000 08:02 10102024                   /usr/lib/x86_64-linux-gnu/libzstd.so.1.4.3
7f5937d6f000-7f5937d80000 r--p 00094000 08:02 10102024                   /usr/lib/x86_64-linux-gnu/libzstd.so.1.4.3
7f5937d80000-7f5937d81000 r--p 000a4000 08:02 10102024                   /usr/lib/x86_64-linux-gnu/libzstd.so.1.4.3
7f5937d81000-7f5937d82000 rw-p 000a5000 08:02 10102024                   /usr/lib/x86_64-linux-gnu/libzstd.so.1.4.3
7f5937d82000-7f5937da9000 r--p 00000000 08:02 10102034                   /usr/lib/x86_64-linux-gnu/liblept.so.5.0.3
7f5937da9000-7f5937f6a000 r-xp 00027000 08:02 10102034                   /usr/lib/x86_64-linux-gnu/liblept.so.5.0.3
7f5937f6a000-7f5937ff8000 r--p 001e8000 08:02 10102034                   /usr/lib/x86_64-linux-gnu/liblept.so.5.0.3
7f5937ff8000-7f5937ff9000 ---p 00276000 08:02 10102034                   /usr/lib/x86_64-linux-gnu/liblept.so.5.0.3
7f5937ff9000-7f5937ffa000 r--p 00276000 08:02 10102034                   /usr/lib/x86_64-linux-gnu/liblept.so.5.0.3
7f5937ffa000-7f5938000000 rw-p 00277000 08:02 10102034                   /usr/lib/x86_64-linux-gnu/liblept.so.5.0.3
7f5938000000-7f5938021000 rw-p 00000000 00:00 0 
7f5938021000-7f593c000000 ---p 00000000 00:00 0 
7f593c000000-7f593c021000 rw-p 00000000 00:00 0 
7f593c021000-7f5940000000 ---p 00000000 00:00 0 
7f5940000000-7f594044a000 rw-p 00000000 00:00 0 
7f594044a000-7f5944000000 ---p 00000000 00:00 0 
7f5944000000-7f5944021000 rw-p 00000000 00:00 0 
7f5944021000-7f5948000000 ---p 00000000 00:00 0 
7f5948000000-7f5948021000 rw-p 00000000 00:00 0 
7f5948021000-7f594c000000 ---p 00000000 00:00 0 
7f594c000000-7f594c021000 rw-p 00000000 00:00 0 
7f594c021000-7f5950000000 ---p 00000000 00:00 0 
7f5950000000-7f5950021000 rw-p 00000000 00:00 0 
7f5950021000-7f5954000000 ---p 00000000 00:00 0 
7f5954000000-7f5954022000 rw-p 00000000 00:00 0 
7f5954022000-7f5958000000 ---p 00000000 00:00 0 
7f5958000000-7f5958021000 rw-p 00000000 00:00 0 
7f5958021000-7f595c000000 ---p 00000000 00:00 0 
7f595c000000-7f595c021000 rw-p 00000000 00:00 0 
7f595c021000-7f5960000000 ---p 00000000 00:00 0 
7f5960000000-7f5960099000 rw-p 00000000 00:00 0 
7f5960099000-7f5964000000 ---p 00000000 00:00 0 
7f5964000000-7f5964021000 rw-p 00000000 00:00 0 
7f5964021000-7f5968000000 ---p 00000000 00:00 0 
7f5968000000-7f596829c000 rw-p 00000000 00:00 0 
7f596829c000-7f596c000000 ---p 00000000 00:00 0 
7f596c000000-7f596c021000 rw-p 00000000 00:00 0 
7f596c021000-7f5970000000 ---p 00000000 00:00 0 
7f5970000000-7f5970021000 rw-p 00000000 00:00 0 
7f5970021000-7f5974000000 ---p 00000000 00:00 0 
7f5974000000-7f5974021000 rw-p 00000000 00:00 0 
7f5974021000-7f5978000000 ---p 00000000 00:00 0 
7f5978000000-7f5978021000 rw-p 00000000 00:00 0 
7f5978021000-7f597c000000 ---p 00000000 00:00 0 
7f597c000000-7f597c3c9000 rw-p 00000000 00:00 0 
7f597c3c9000-7f5980000000 ---p 00000000 00:00 0 
7f598001b000-7f598001d000 r--p 00000000 08:02 10101004                   /usr/lib/x86_64-linux-gnu/libgif.so.7.0.0
7f598001d000-7f5980022000 r-xp 00002000 08:02 10101004                   /usr/lib/x86_64-linux-gnu/libgif.so.7.0.0
7f5980022000-7f5980024000 r--p 00007000 08:02 10101004                   /usr/lib/x86_64-linux-gnu/libgif.so.7.0.0
7f5980024000-7f5980025000 r--p 00008000 08:02 10101004                   /usr/lib/x86_64-linux-gnu/libgif.so.7.0.0
7f5980025000-7f5980026000 rw-p 00009000 08:02 10101004                   /usr/lib/x86_64-linux-gnu/libgif.so.7.0.0
7f5980026000-7f598002b000 r--p 00000000 08:02 10101573                   /usr/lib/x86_64-linux-gnu/libpng16.so.16.37.0
7f598002b000-7f5980050000 r-xp 00005000 08:02 10101573                   /usr/lib/x86_64-linux-gnu/libpng16.so.16.37.0
7f5980050000-7f598005c000 r--p 0002a000 08:02 10101573                   /usr/lib/x86_64-linux-gnu/libpng16.so.16.37.0
7f598005c000-7f598005d000 r--p 00035000 08:02 10101573                   /usr/lib/x86_64-linux-gnu/libpng16.so.16.37.0
7f598005d000-7f598005e000 rw-p 00036000 08:02 10101573                   /usr/lib/x86_64-linux-gnu/libpng16.so.16.37.0
7f598005e000-7f5980060000 r--p 00000000 08:02 10100684                   /usr/lib/x86_64-linux-gnu/libbz2.so.1.0.4
7f5980060000-7f598006d000 r-xp 00002000 08:02 10100684                   /usr/lib/x86_64-linux-gnu/libbz2.so.1.0.4
7f598006d000-7f598006f000 r--p 0000f000 08:02 10100684                   /usr/lib/x86_64-linux-gnu/libbz2.so.1.0.4
7f598006f000-7f5980070000 r--p 00010000 08:02 10100684                   /usr/lib/x86_64-linux-gnu/libbz2.so.1.0.4
7f5980070000-7f5980071000 rw-p 00011000 08:02 10100684                   /usr/lib/x86_64-linux-gnu/libbz2.so.1.0.4
7f5980071000-7f5980073000 r--p 00000000 08:02 10101318                   /usr/lib/x86_64-linux-gnu/liblz4.so.1.9.1
7f5980073000-7f598008c000 r-xp 00002000 08:02 10101318                   /usr/lib/x86_64-linux-gnu/liblz4.so.1.9.1
7f598008c000-7f598008f000 r--p 0001b000 08:02 10101318                   /usr/lib/x86_64-linux-gnu/liblz4.so.1.9.1
7f598008f000-7f5980090000 r--p 0001d000 08:02 10101318                   /usr/lib/x86_64-linux-gnu/liblz4.so.1.9.1
7f5980090000-7f5980091000 rw-p 0001e000 08:02 10101318                   /usr/lib/x86_64-linux-gnu/liblz4.so.1.9.1
7f5980091000-7f5980094000 r--p 00000000 08:02 10101320                   /usr/lib/x86_64-linux-gnu/liblzma.so.5.2.4
7f5980094000-7f59800ab000 r-xp 00003000 08:02 10101320                   /usr/lib/x86_64-linux-gnu/liblzma.so.5.2.4
7f59800ab000-7f59800b6000 r--p 0001a000 08:02 10101320                   /usr/lib/x86_64-linux-gnu/liblzma.so.5.2.4
7f59800b6000-7f59800b7000 r--p 00024000 08:02 10101320                   /usr/lib/x86_64-linux-gnu/liblzma.so.5.2.4
7f59800b7000-7f59800b8000 rw-p 00025000 08:02 10101320                   /usr/lib/x86_64-linux-gnu/liblzma.so.5.2.4
7f59800b8000-7f59800ba000 r--p 00000000 08:02 10100565                   /usr/lib/x86_64-linux-gnu/libacl.so.1.1.2253
7f59800ba000-7f59800bf000 r-xp 00002000 08:02 10100565                   /usr/lib/x86_64-linux-gnu/libacl.so.1.1.2253
7f59800bf000-7f59800c1000 r--p 00007000 08:02 10100565                   /usr/lib/x86_64-linux-gnu/libacl.so.1.1.2253
7f59800c1000-7f59800c2000 r--p 00008000 08:02 10100565                   /usr/lib/x86_64-linux-gnu/libacl.so.1.1.2253
7f59800c2000-7f59800c3000 rw-p 00009000 08:02 10100565                   /usr/lib/x86_64-linux-gnu/libacl.so.1.1.2253
7f59800c3000-7f59800cc000 r--p 00000000 08:02 10101415                   /usr/lib/x86_64-linux-gnu/libnettle.so.6.5
7f59800cc000-7f59800e9000 r-xp 00009000 08:02 10101415                   /usr/lib/x86_64-linux-gnu/libnettle.so.6.5
7f59800e9000-7f59800f8000 r--p 00026000 08:02 10101415                   /usr/lib/x86_64-linux-gnu/libnettle.so.6.5
7f59800f8000-7f59800fa000 r--p 00034000 08:02 10101415                   /usr/lib/x86_64-linux-gnu/libnettle.so.6.5
7f59800fa000-7f59800fb000 rw-p 00036000 08:02 10101415                   /usr/lib/x86_64-linux-gnu/libnettle.so.6.5
7f59800fb000-7f598010c000 r--p 00000000 08:02 10093215                   /usr/lib/x86_64-linux-gnu/libarchive.so.13.4.0
7f598010c000-7f5980190000 r-xp 00011000 08:02 10093215                   /usr/lib/x86_64-linux-gnu/libarchive.so.13.4.0
7f5980190000-7f59801b8000 r--p 00095000 08:02 10093215                   /usr/lib/x86_64-linux-gnu/libarchive.so.13.4.0
7f59801b8000-7f59801b9000 ---p 000bd000 08:02 10093215                   /usr/lib/x86_64-linux-gnu/libarchive.so.13.4.0
7f59801b9000-7f59801bc000 r--p 000bd000 08:02 10093215                   /usr/lib/x86_64-linux-gnu/libarchive.so.13.4.0
7f59801bc000-7f59801bd000 rw-p 000c0000 08:02 10093215                   /usr/lib/x86_64-linux-gnu/libarchive.so.13.4.0
7f59801bd000-7f5980237000 r--p 00000000 08:02 10095873                   /usr/lib/x86_64-linux-gnu/libtesseract.so.5.0.0
7f5980237000-7f598043c000 r-xp 0007a000 08:02 10095873                   /usr/lib/x86_64-linux-gnu/libtesseract.so.5.0.0
7f598043c000-7f59804ee000 r--p 0027f000 08:02 10095873                   /usr/lib/x86_64-linux-gnu/libtesseract.so.5.0.0
7f59804ee000-7f59804ef000 ---p 00331000 08:02 10095873                   /usr/lib/x86_64-linux-gnu/libtesseract.so.5.0.0
7f59804ef000-7f59804f4000 r--p 00331000 08:02 10095873                   /usr/lib/x86_64-linux-gnu/libtesseract.so.5.0.0
7f59804f4000-7f59804f5000 rw-p 00336000 08:02 10095873                   /usr/lib/x86_64-linux-gnu/libtesseract.so.5.0.0
7f59804f5000-7f59804f8000 rw-p 00000000 00:00 0 
7f59804f8000-7f5980510000 r-xp 00000000 08:02 6815812                    /tmp/jna--1249469473/jna521755554683515033.tmp (deleted)
7f5980510000-7f5980710000 ---p 00018000 08:02 6815812                    /tmp/jna--1249469473/jna521755554683515033.tmp (deleted)
7f5980710000-7f5980711000 rw-p 00018000 08:02 6815812                    /tmp/jna--1249469473/jna521755554683515033.tmp (deleted)
7f5980711000-7f598073e000 r--p 00000000 08:02 10226974                   /usr/lib/jvm/java-8-openjdk-amd64/jre/lib/amd64/libawt.so
7f598073e000-7f59807a6000 r-xp 0002d000 08:02 10226974                   /usr/lib/jvm/java-8-openjdk-amd64/jre/lib/amd64/libawt.so
7f59807a6000-7f59807b2000 r--p 00095000 08:02 10226974                   /usr/lib/jvm/java-8-openjdk-amd64/jre/lib/amd64/libawt.so
7f59807b2000-7f59807b3000 ---p 000a1000 08:02 10226974                   /usr/lib/jvm/java-8-openjdk-amd64/jre/lib/amd64/libawt.so
7f59807b3000-7f59807b4000 r--p 000a1000 08:02 10226974                   /usr/lib/jvm/java-8-openjdk-amd64/jre/lib/amd64/libawt.so
7f59807b4000-7f59807bf000 rw-p 000a2000 08:02 10226974                   /usr/lib/jvm/java-8-openjdk-amd64/jre/lib/amd64/libawt.so
7f59807bf000-7f59809e4000 rw-p 00000000 00:00 0 
7f59809e4000-7f59809e7000 ---p 00000000 00:00 0 
7f59809e7000-7f5980ae5000 rw-p 00000000 00:00 0 
7f5980ae5000-7f5980ae8000 ---p 00000000 00:00 0 
7f5980ae8000-7f5980be6000 rw-p 00000000 00:00 0 
7f5980be6000-7f5980be9000 ---p 00000000 00:00 0 
7f5980be9000-7f5980ce7000 rw-p 00000000 00:00 0 
7f5980ce7000-7f5980cea000 ---p 00000000 00:00 0 
7f5980cea000-7f5980de8000 rw-p 00000000 00:00 0 
7f5980de8000-7f5980deb000 ---p 00000000 00:00 0 
7f5980deb000-7f5980ee9000 rw-p 00000000 00:00 0 
7f5980ee9000-7f5980eec000 ---p 00000000 00:00 0 
7f5980eec000-7f5980fea000 rw-p 00000000 00:00 0 
7f5980fea000-7f5980fed000 ---p 00000000 00:00 0 
7f5980fed000-7f59810eb000 rw-p 00000000 00:00 0 
7f59810eb000-7f59810ee000 ---p 00000000 00:00 0 
7f59810ee000-7f59811ec000 rw-p 00000000 00:00 0 
7f59811ec000-7f59811ef000 ---p 00000000 00:00 0 
7f59811ef000-7f59812ed000 rw-p 00000000 00:00 0 
7f59812ed000-7f59812f0000 ---p 00000000 00:00 0 
7f59812f0000-7f59813ee000 rw-p 00000000 00:00 0 
7f59813ee000-7f59813f1000 ---p 00000000 00:00 0 
7f59813f1000-7f59814ef000 rw-p 00000000 00:00 0 
7f59814ef000-7f59814f2000 ---p 00000000 00:00 0 
7f59814f2000-7f59815f0000 rw-p 00000000 00:00 0 
7f59815f0000-7f59815f3000 ---p 00000000 00:00 0 
7f59815f3000-7f59816f1000 rw-p 00000000 00:00 0 
7f59816f1000-7f59816f4000 ---p 00000000 00:00 0 
7f59816f4000-7f59817f2000 rw-p 00000000 00:00 0 
7f59817f2000-7f59817f5000 ---p 00000000 00:00 0 
7f59817f5000-7f5981af3000 rw-p 00000000 00:00 0 
7f5981af3000-7f5981af6000 ---p 00000000 00:00 0 
7f5981af6000-7f5981df4000 rw-p 00000000 00:00 0 
7f5981df4000-7f5981ff4000 rw-p 00000000 00:00 0 
7f5981ff4000-7f5981ff7000 ---p 00000000 00:00 0 
7f5981ff7000-7f59822f5000 rw-p 00000000 00:00 0 
7f59822f5000-7f59822f8000 ---p 00000000 00:00 0 
7f59822f8000-7f59823f6000 rw-p 00000000 00:00 0 
7f59823f6000-7f59823f9000 ---p 00000000 00:00 0 
7f59823f9000-7f59824f7000 rw-p 00000000 00:00 0 
7f59824f7000-7f59824fa000 ---p 00000000 00:00 0 
7f59824fa000-7f59827f8000 rw-p 00000000 00:00 0 
7f59827f8000-7f59829f8000 rw-p 00000000 00:00 0 
7f59829f8000-7f5982bf8000 rw-p 00000000 00:00 0 
7f5982bf8000-7f5982bfb000 ---p 00000000 00:00 0 
7f5982bfb000-7f5982cf9000 rw-p 00000000 00:00 0 
7f5982cf9000-7f5982cfc000 ---p 00000000 00:00 0 
7f5982cfc000-7f5982ffa000 rw-p 00000000 00:00 0 
7f5982ffa000-7f5982ffd000 ---p 00000000 00:00 0 
7f5982ffd000-7f59830fb000 rw-p 00000000 00:00 0 
7f59830fb000-7f59830fe000 ---p 00000000 00:00 0 
7f59830fe000-7f59833fc000 rw-p 00000000 00:00 0 
7f59833fc000-7f59835fc000 rw-p 00000000 00:00 0 
7f59835fc000-7f59837fc000 rw-p 00000000 00:00 0 
7f59837fc000-7f59839fc000 rw-p 00000000 00:00 0 
7f59839fc000-7f59839ff000 ---p 00000000 00:00 0 
7f59839ff000-7f5983cfd000 rw-p 00000000 00:00 0 
7f5983cfd000-7f5983cfe000 ---p 00000000 00:00 0 
7f5983cfe000-7f5983dfe000 rw-p 00000000 00:00 0 
7f5983dfe000-7f5983e01000 ---p 00000000 00:00 0 
7f5983e01000-7f5983eff000 rw-p 00000000 00:00 0 
7f5983eff000-7f5983f02000 ---p 00000000 00:00 0 
7f5983f02000-7f5984000000 rw-p 00000000 00:00 0 
7f5984000000-7f5984056000 rw-p 00000000 00:00 0 
7f5984056000-7f5988000000 ---p 00000000 00:00 0 
7f5988000000-7f5988021000 rw-p 00000000 00:00 0 
7f5988021000-7f598c000000 ---p 00000000 00:00 0 
7f598c000000-7f598c021000 rw-p 00000000 00:00 0 
7f598c021000-7f5990000000 ---p 00000000 00:00 0 
7f5990000000-7f5990021000 rw-p 00000000 00:00 0 
7f5990021000-7f5994000000 ---p 00000000 00:00 0 
7f5994000000-7f5994021000 rw-p 00000000 00:00 0 
7f5994021000-7f5998000000 ---p 00000000 00:00 0 
7f5998000000-7f5998021000 rw-p 00000000 00:00 0 
7f5998021000-7f599c000000 ---p 00000000 00:00 0 
7f599c007000-7f599c010000 r--p 00000000 08:02 10101048                   /usr/lib/x86_64-linux-gnu/libgomp.so.1.0.0
7f599c010000-7f599c035000 r-xp 00009000 08:02 10101048                   /usr/lib/x86_64-linux-gnu/libgomp.so.1.0.0
7f599c035000-7f599c03f000 r--p 0002e000 08:02 10101048                   /usr/lib/x86_64-linux-gnu/libgomp.so.1.0.0
7f599c03f000-7f599c040000 r--p 00037000 08:02 10101048                   /usr/lib/x86_64-linux-gnu/libgomp.so.1.0.0
7f599c040000-7f599c041000 rw-p 00038000 08:02 10101048                   /usr/lib/x86_64-linux-gnu/libgomp.so.1.0.0
7f599c056000-7f599c059000 ---p 00000000 00:00 0 
7f599c059000-7f599c08f000 rw-p 00000000 00:00 0 
7f599c08f000-7f599c092000 r--p 00000000 08:02 10226975                   /usr/lib/jvm/java-8-openjdk-amd64/jre/lib/amd64/libawt_headless.so
7f599c092000-7f599c095000 r-xp 00003000 08:02 10226975                   /usr/lib/jvm/java-8-openjdk-amd64/jre/lib/amd64/libawt_headless.so
7f599c095000-7f599c097000 r--p 00006000 08:02 10226975                   /usr/lib/jvm/java-8-openjdk-amd64/jre/lib/amd64/libawt_headless.so
7f599c097000-7f599c098000 r--p 00007000 08:02 10226975                   /usr/lib/jvm/java-8-openjdk-amd64/jre/lib/amd64/libawt_headless.so
7f599c098000-7f599c099000 rw-p 00008000 08:02 10226975                   /usr/lib/jvm/java-8-openjdk-amd64/jre/lib/amd64/libawt_headless.so
7f599c099000-7f599c0a0000 r--p 00000000 08:02 10227001                   /usr/lib/jvm/java-8-openjdk-amd64/jre/lib/amd64/libsunec.so
7f599c0a0000-7f599c0b9000 r-xp 00007000 08:02 10227001                   /usr/lib/jvm/java-8-openjdk-amd64/jre/lib/amd64/libsunec.so
7f599c0b9000-7f599c0c3000 r--p 00020000 08:02 10227001                   /usr/lib/jvm/java-8-openjdk-amd64/jre/lib/amd64/libsunec.so
7f599c0c3000-7f599c0c7000 r--p 00029000 08:02 10227001                   /usr/lib/jvm/java-8-openjdk-amd64/jre/lib/amd64/libsunec.so
7f599c0c7000-7f599c0c8000 rw-p 0002d000 08:02 10227001                   /usr/lib/jvm/java-8-openjdk-amd64/jre/lib/amd64/libsunec.so
7f599c0c8000-7f599c0ca000 r--s 00016000 08:02 10227034                   /usr/lib/jvm/java-8-openjdk-amd64/jre/lib/jce.jar
7f599c0ca000-7f599c0cf000 r--s 000a3000 08:02 10227036                   /usr/lib/jvm/java-8-openjdk-amd64/jre/lib/jsse.jar
7f599c0cf000-7f599c0d3000 r--p 00000000 08:02 10226994                   /usr/lib/jvm/java-8-openjdk-amd64/jre/lib/amd64/libmanagement.so
7f599c0d3000-7f599c0d7000 r-xp 00004000 08:02 10226994                   /usr/lib/jvm/java-8-openjdk-amd64/jre/lib/amd64/libmanagement.so
7f599c0d7000-7f599c0d9000 r--p 00008000 08:02 10226994                   /usr/lib/jvm/java-8-openjdk-amd64/jre/lib/amd64/libmanagement.so
7f599c0d9000-7f599c0da000 r--p 00009000 08:02 10226994                   /usr/lib/jvm/java-8-openjdk-amd64/jre/lib/amd64/libmanagement.so
7f599c0da000-7f599c0db000 rw-p 0000a000 08:02 10226994                   /usr/lib/jvm/java-8-openjdk-amd64/jre/lib/amd64/libmanagement.so
7f599c0db000-7f599c0dc000 ---p 00000000 00:00 0 
7f599c0dc000-7f599c0df000 ---p 00000000 00:00 0 
7f599c0df000-7f599c1dc000 rw-p 00000000 00:00 0 
7f599c1dc000-7f599c1dd000 ---p 00000000 00:00 0 
7f599c1dd000-7f599c1e0000 ---p 00000000 00:00 0 
7f599c1e0000-7f599c2dd000 rw-p 00000000 00:00 0 
7f599c2dd000-7f599c2de000 ---p 00000000 00:00 0 
7f599c2de000-7f599c2e1000 ---p 00000000 00:00 0 
7f599c2e1000-7f599c3de000 rw-p 00000000 00:00 0 
7f599c3de000-7f599c3e1000 ---p 00000000 00:00 0 
7f599c3e1000-7f599f4e0000 rw-p 00000000 00:00 0 
7f599f4e0000-7f599f4e4000 r--p 00000000 08:02 10226996                   /usr/lib/jvm/java-8-openjdk-amd64/jre/lib/amd64/libnet.so
7f599f4e4000-7f599f4f4000 r-xp 00004000 08:02 10226996                   /usr/lib/jvm/java-8-openjdk-amd64/jre/lib/amd64/libnet.so
7f599f4f4000-7f599f4f8000 r--p 00014000 08:02 10226996                   /usr/lib/jvm/java-8-openjdk-amd64/jre/lib/amd64/libnet.so
7f599f4f8000-7f599f4f9000 r--p 00017000 08:02 10226996                   /usr/lib/jvm/java-8-openjdk-amd64/jre/lib/amd64/libnet.so
7f599f4f9000-7f599f4fa000 rw-p 00018000 08:02 10226996                   /usr/lib/jvm/java-8-openjdk-amd64/jre/lib/amd64/libnet.so
7f599f4fa000-7f599f501000 r--p 00000000 08:02 10226997                   /usr/lib/jvm/java-8-openjdk-amd64/jre/lib/amd64/libnio.so
7f599f501000-7f599f50a000 r-xp 00007000 08:02 10226997                   /usr/lib/jvm/java-8-openjdk-amd64/jre/lib/amd64/libnio.so
7f599f50a000-7f599f50d000 r--p 00010000 08:02 10226997                   /usr/lib/jvm/java-8-openjdk-amd64/jre/lib/amd64/libnio.so
7f599f50d000-7f599f50e000 r--p 00012000 08:02 10226997                   /usr/lib/jvm/java-8-openjdk-amd64/jre/lib/amd64/libnio.so
7f599f50e000-7f599f50f000 rw-p 00013000 08:02 10226997                   /usr/lib/jvm/java-8-openjdk-amd64/jre/lib/amd64/libnio.so
7f599f50f000-7f599f512000 r--s 0001a000 07:0d 616                        /snap/intellij-idea-ultimate/217/lib/idea_rt.jar
7f599f512000-7f599f513000 r--s 00005000 08:02 4195459                    /home/george/.m2/repository/org/springframework/spring-jcl/5.2.4.RELEASE/spring-jcl-5.2.4.RELEASE.jar
7f599f513000-7f599f52f000 r--s 00145000 08:02 4195440                    /home/george/.m2/repository/org/springframework/spring-core/5.2.4.RELEASE/spring-core-5.2.4.RELEASE.jar
7f599f52f000-7f599f531000 r--s 00004000 08:02 3152374                    /home/george/.m2/repository/org/slf4j/log4j-over-slf4j/1.7.30/log4j-over-slf4j-1.7.30.jar
7f599f531000-7f599f533000 r--s 00003000 08:02 3152372                    /home/george/.m2/repository/org/slf4j/jcl-over-slf4j/1.7.30/jcl-over-slf4j-1.7.30.jar
7f599f533000-7f599f535000 r--s 00000000 08:02 3152306                    /home/george/.m2/repository/org/slf4j/jul-to-slf4j/1.7.30/jul-to-slf4j-1.7.30.jar
7f599f535000-7f599f540000 r--s 00069000 08:02 1709704                    /home/george/.m2/repository/ch/qos/logback/logback-core/1.2.3/logback-core-1.2.3.jar
7f599f540000-7f599f546000 r--s 00041000 08:02 1709710                    /home/george/.m2/repository/ch/qos/logback/logback-classic/1.2.3/logback-classic-1.2.3.jar
7f599f546000-7f599f548000 r--s 0000d000 08:02 2755337                    /home/george/.m2/repository/org/jboss/logging/jboss-logging/3.4.1.Final/jboss-logging-3.4.1.Final.jar
7f599f548000-7f599f54c000 r--s 00020000 08:02 3152370                    /home/george/.m2/repository/org/jboss/jboss-vfs/3.2.14.Final/jboss-vfs-3.2.14.Final.jar
7f599f54c000-7f599f551000 r--s 0034f000 08:02 3152368                    /home/george/.m2/repository/net/sourceforge/lept4j/lept4j/1.12.3/lept4j-1.12.3.jar
7f599f551000-7f599f555000 r--s 00031000 08:02 2885756                    /home/george/.m2/repository/commons-io/commons-io/2.6/commons-io-2.6.jar
7f599f555000-7f599f559000 r--s 00022000 08:02 14421229                   /home/george/.m2/repository/org/apache/pdfbox/jbig2-imageio/3.0.2/jbig2-imageio-3.0.2.jar
7f599f559000-7f599f55d000 r--s 00039000 08:02 14421227                   /home/george/.m2/repository/org/apache/pdfbox/pdfbox-debugger/2.0.17/pdfbox-debugger-2.0.17.jar
7f599f55d000-7f599f55f000 r--s 00012000 08:02 14421225                   /home/george/.m2/repository/org/apache/pdfbox/pdfbox-tools/2.0.17/pdfbox-tools-2.0.17.jar
7f599f55f000-7f599f561000 r--s 0000e000 08:02 2885752                    /home/george/.m2/repository/commons-logging/commons-logging/1.2/commons-logging-1.2.jar
7f599f561000-7f599f568000 r--s 00176000 08:02 14421223                   /home/george/.m2/repository/org/apache/pdfbox/fontbox/2.0.17/fontbox-2.0.17.jar
7f599f568000-7f599f57f000 r--s 0027a000 08:02 14290088                   /home/george/.m2/repository/org/apache/pdfbox/pdfbox/2.0.17/pdfbox-2.0.17.jar
7f599f57f000-7f599f58b000 r--s 00108000 08:02 13899954                   /home/george/.m2/repository/com/lowagie/itext/2.1.7/itext-2.1.7.jar
7f599f58b000-7f599f595000 r--s 00081000 08:02 14290086                   /home/george/.m2/repository/org/apache/xmlgraphics/xmlgraphics-commons/1.4/xmlgraphics-commons-1.4.jar
7f599f595000-7f599f5a3000 r--s 0007f000 08:02 2624055                    /home/george/.m2/repository/commons-collections/commons-collections/3.2.1/commons-collections-3.2.1.jar
7f599f5a3000-7f599f5a8000 r--s 00035000 08:02 3152364                    /home/george/.m2/repository/commons-beanutils/commons-beanutils/1.9.2/commons-beanutils-1.9.2.jar
7f599f5a8000-7f599f5b1000 r--s 0006f000 08:02 3152362                    /home/george/.m2/repository/log4j/log4j/1.2.17/log4j-1.2.17.jar
7f599f5b1000-7f599f5b6000 r--s 00028000 08:02 13767938                   /home/george/.m2/repository/org/ghost4j/ghost4j/1.0.1/ghost4j-1.0.1.jar
7f599f5b6000-7f599f5c1000 r--s 0008f000 08:02 13899956                   /home/george/.m2/repository/com/github/jai-imageio/jai-imageio-core/1.4.0/jai-imageio-core-1.4.0.jar
7f599f5c1000-7f599f5c5000 r--s 00167000 08:02 3020353                    /home/george/.m2/repository/net/java/dev/jna/jna/4.5.2/jna-4.5.2.jar
7f599f5c5000-7f599f5c8000 r--s 0083f000 08:02 2362240                    /home/george/.m2/repository/net/sourceforge/tess4j/tess4j/4.4.1/tess4j-4.4.1.jar
7f599f5c8000-7f599f5cd000 r--s 00028000 08:02 14551637                   /home/george/.m2/repository/org/springframework/spring-context-support/5.2.4.RELEASE/spring-context-support-5.2.4.RELEASE.jar
7f599f5cd000-7f599f5ea000 r--s 00167000 08:02 14421110                   /home/george/.m2/repository/org/freemarker/freemarker/2.3.29/freemarker-2.3.29.jar
7f599f5ea000-7f599f5eb000 r--s 00000000 08:02 14551639                   /home/george/.m2/repository/org/springframework/boot/spring-boot-starter-freemarker/2.2.5.RELEASE/spring-boot-starter-freemarker-2.2.5.RELEASE.jar
7f599f5eb000-7f599f5f5000 r--s 00052000 08:02 4195471                    /home/george/.m2/repository/org/springframework/spring-aop/5.2.4.RELEASE/spring-aop-5.2.4.RELEASE.jar
7f599f5f5000-7f599f607000 r--s 000d6000 08:02 4195456                    /home/george/.m2/repository/org/springframework/spring-webmvc/5.2.4.RELEASE/spring-webmvc-5.2.4.RELEASE.jar
7f599f607000-7f599f624000 r--s 00142000 08:02 4195444                    /home/george/.m2/repository/org/springframework/spring-web/5.2.4.RELEASE/spring-web-5.2.4.RELEASE.jar
7f599f624000-7f599f626000 r--s 0000f000 08:02 14289990                   /home/george/.m2/repository/com/fasterxml/classmate/1.5.1/classmate-1.5.1.jar
7f599f626000-7f599f643000 r--s 000fe000 08:02 2755321                    /home/george/.m2/repository/org/hibernate/validator/hibernate-validator/6.0.18.Final/hibernate-validator-6.0.18.Final.jar
7f599f643000-7f599f648000 r--s 00012000 08:02 14418059                   /home/george/.m2/repository/jakarta/validation/jakarta.validation-api/2.0.2/jakarta.validation-api-2.0.2.jar
7f599f648000-7f599f649000 r--s 00000000 08:02 14418057                   /home/george/.m2/repository/org/springframework/boot/spring-boot-starter-validation/2.2.5.RELEASE/spring-boot-starter-validation-2.2.5.RELEASE.jar
7f599f649000-7f599f64e000 r--s 0003c000 08:02 3014984                    /home/george/.m2/repository/org/apache/tomcat/embed/tomcat-embed-websocket/9.0.31/tomcat-embed-websocket-9.0.31.jar
7f599f64e000-7f599f652000 r--s 0003a000 08:02 3014982                    /home/george/.m2/repository/org/apache/tomcat/embed/tomcat-embed-el/9.0.31/tomcat-embed-el-9.0.31.jar
7f599f652000-7f599f67d000 r--s 00304000 08:02 1574626                    /home/george/.m2/repository/org/apache/tomcat/embed/tomcat-embed-core/9.0.31/tomcat-embed-core-9.0.31.jar
7f599f67d000-7f599f67e000 r--s 00000000 08:02 3014980                    /home/george/.m2/repository/org/springframework/boot/spring-boot-starter-tomcat/2.2.5.RELEASE/spring-boot-starter-tomcat-2.2.5.RELEASE.jar
7f599f67e000-7f599f680000 r--s 00001000 08:02 2885980                    /home/george/.m2/repository/com/fasterxml/jackson/module/jackson-module-parameter-names/2.10.2/jackson-module-parameter-names-2.10.2.jar
7f599f680000-7f599f683000 r--s 00017000 08:02 2885981                    /home/george/.m2/repository/com/fasterxml/jackson/datatype/jackson-datatype-jsr310/2.10.2/jackson-datatype-jsr310-2.10.2.jar
7f599f683000-7f599f685000 r--s 00007000 08:02 2756258                    /home/george/.m2/repository/com/fasterxml/jackson/datatype/jackson-datatype-jdk8/2.10.2/jackson-datatype-jdk8-2.10.2.jar
7f599f685000-7f599f68a000 r--s 00051000 08:02 4195463                    /home/george/.m2/repository/com/fasterxml/jackson/core/jackson-core/2.10.2/jackson-core-2.10.2.jar
7f599f68a000-7f599f68d000 r--s 0000e000 08:02 4195424                    /home/george/.m2/repository/com/fasterxml/jackson/core/jackson-annotations/2.10.2/jackson-annotations-2.10.2.jar
7f599f68d000-7f599f6a2000 r--s 00142000 08:02 4195461                    /home/george/.m2/repository/com/fasterxml/jackson/core/jackson-databind/2.10.2/jackson-databind-2.10.2.jar
7f599f6a2000-7f599f6a3000 r--s 00000000 08:02 2756261                    /home/george/.m2/repository/org/springframework/boot/spring-boot-starter-json/2.2.5.RELEASE/spring-boot-starter-json-2.2.5.RELEASE.jar
7f599f6a3000-7f599f6a4000 r--s 00000000 08:02 2624749                    /home/george/.m2/repository/org/springframework/boot/spring-boot-starter-web/2.2.5.RELEASE/spring-boot-starter-web-2.2.5.RELEASE.jar
7f599f6a4000-7f599f6a6000 r--s 00009000 08:02 3152314                    /home/george/.m2/repository/org/slf4j/slf4j-api/1.7.30/slf4j-api-1.7.30.jar
7f599f6a6000-7f599f6bf000 r--s 00110000 08:02 4195439                    /home/george/.m2/repository/org/springframework/data/spring-data-commons/2.2.5.RELEASE/spring-data-commons-2.2.5.RELEASE.jar
7f599f6bf000-7f599f6c4000 r--s 00040000 08:02 4195475                    /home/george/.m2/repository/org/springframework/spring-expression/5.2.4.RELEASE/spring-expression-5.2.4.RELEASE.jar
7f599f6c4000-7f599f6d1000 r--s 0009b000 08:02 4195473                    /home/george/.m2/repository/org/springframework/spring-beans/5.2.4.RELEASE/spring-beans-5.2.4.RELEASE.jar
7f599f6d1000-7f599f6ed000 r--s 0010f000 08:02 4195447                    /home/george/.m2/repository/org/springframework/spring-context/5.2.4.RELEASE/spring-context-5.2.4.RELEASE.jar
7f599f6ed000-7f599f6f6000 r--s 00044000 08:02 4195437                    /home/george/.m2/repository/org/springframework/spring-tx/5.2.4.RELEASE/spring-tx-5.2.4.RELEASE.jar
7f599f6f6000-7f599f71b000 r--s 00189000 08:02 4195435                    /home/george/.m2/repository/org/springframework/data/spring-data-mongodb/2.2.5.RELEASE/spring-data-mongodb-2.2.5.RELEASE.jar
7f599f71b000-7f599f738000 r--s 00142000 08:02 2235377                    /home/george/.m2/repository/org/mongodb/mongodb-driver-core/3.11.2/mongodb-driver-core-3.11.2.jar
7f599f738000-7f599f741000 r--s 00070000 08:02 2103053                    /home/george/.m2/repository/org/mongodb/bson/3.11.2/bson-3.11.2.jar
7f599f741000-7f599f748000 r--s 00055000 08:02 1970796                    /home/george/.m2/repository/org/mongodb/mongodb-driver/3.11.2/mongodb-driver-3.11.2.jar
7f599f748000-7f599f74f000 r--s 00044000 08:02 1842646                    /home/george/.m2/repository/org/yaml/snakeyaml/1.25/snakeyaml-1.25.jar
7f599f74f000-7f599f751000 r--s 00005000 08:02 14027949                   /home/george/.m2/repository/jakarta/annotation/jakarta.annotation-api/1.3.5/jakarta.annotation-api-1.3.5.jar
7f599f751000-7f599f757000 r--s 0003e000 08:02 2755294                    /home/george/.m2/repository/org/apache/logging/log4j/log4j-api/2.12.1/log4j-api-2.12.1.jar
7f599f757000-7f599f759000 r--s 00003000 08:02 2755297                    /home/george/.m2/repository/org/apache/logging/log4j/log4j-to-slf4j/2.12.1/log4j-to-slf4j-2.12.1.jar
7f599f759000-7f599f75a000 r--s 00000000 08:02 4195433                    /home/george/.m2/repository/org/springframework/boot/spring-boot-starter-logging/2.2.5.RELEASE/spring-boot-starter-logging-2.2.5.RELEASE.jar
7f599f75a000-7f599f782000 r--s 0012c000 08:02 4195455                    /home/george/.m2/repository/org/springframework/boot/spring-boot-autoconfigure/2.2.5.RELEASE/spring-boot-autoconfigure-2.2.5.RELEASE.jar
7f599f782000-7f599f799000 r--s 000e9000 08:02 4195430                    /home/george/.m2/repository/org/springframework/boot/spring-boot/2.2.5.RELEASE/spring-boot-2.2.5.RELEASE.jar
7f599f799000-7f599f7ac000 r--s 00346000 08:02 10227040                   /usr/lib/jvm/java-8-openjdk-amd64/jre/lib/resources.jar
7f599f7ac000-7f599f7b1000 r--s 000a3000 08:02 10227036                   /usr/lib/jvm/java-8-openjdk-amd64/jre/lib/jsse.jar
7f599f7b1000-7f599f7cc000 r--s 001d6000 08:02 10227020                   /usr/lib/jvm/java-8-openjdk-amd64/jre/lib/ext/nashorn.jar
7f599f7cc000-7f59a0000000 r--p 00000000 08:02 10093014                   /usr/lib/locale/locale-archive
7f59a0000000-7f59a0021000 rw-p 00000000 00:00 0 
7f59a0021000-7f59a4000000 ---p 00000000 00:00 0 
7f59a4000000-7f59a4021000 rw-p 00000000 00:00 0 
7f59a4021000-7f59a8000000 ---p 00000000 00:00 0 
7f59a8000000-7f59a8021000 rw-p 00000000 00:00 0 
7f59a8021000-7f59ac000000 ---p 00000000 00:00 0 
7f59ac000000-7f59ac021000 rw-p 00000000 00:00 0 
7f59ac021000-7f59b0000000 ---p 00000000 00:00 0 
7f59b0000000-7f59b0021000 rw-p 00000000 00:00 0 
7f59b0021000-7f59b4000000 ---p 00000000 00:00 0 
7f59b4000000-7f59b4001000 r--s 00000000 08:02 4195451                    /home/george/.m2/repository/org/springframework/boot/spring-boot-starter/2.2.5.RELEASE/spring-boot-starter-2.2.5.RELEASE.jar
7f59b4001000-7f59b4002000 r--s 00000000 08:02 4195429                    /home/george/.m2/repository/org/springframework/boot/spring-boot-starter-data-mongodb/2.2.5.RELEASE/spring-boot-starter-data-mongodb-2.2.5.RELEASE.jar
7f59b4002000-7f59b401d000 r--s 00394000 08:02 10227015                   /usr/lib/jvm/java-8-openjdk-amd64/jre/lib/ext/cldrdata.jar
7f59b401d000-7f59b4020000 ---p 00000000 00:00 0 
7f59b4020000-7f59b411e000 rw-p 00000000 00:00 0 
7f59b411e000-7f59b4121000 ---p 00000000 00:00 0 
7f59b4121000-7f59b421f000 rw-p 00000000 00:00 0 
7f59b421f000-7f59b4222000 ---p 00000000 00:00 0 
7f59b4222000-7f59b4320000 rw-p 00000000 00:00 0 
7f59b4320000-7f59b4321000 ---p 00000000 00:00 0 
7f59b4321000-7f59b5330000 rw-p 00000000 00:00 0 
7f59b5330000-7f59b5500000 r--s 03c68000 08:02 10227041                   /usr/lib/jvm/java-8-openjdk-amd64/jre/lib/rt.jar
7f59b5500000-7f59c1000000 rw-p 00000000 00:00 0 
7f59c1000000-7f59c16f0000 rwxp 00000000 00:00 0 
7f59c16f0000-7f59d0000000 ---p 00000000 00:00 0 
7f59d0000000-7f59d0fd0000 rw-p 00000000 00:00 0 
7f59d0fd0000-7f59d4000000 ---p 00000000 00:00 0 
7f59d4000000-7f59d4001000 r--s 00000000 08:02 10227038                   /usr/lib/jvm/java-8-openjdk-amd64/jre/lib/management-agent.jar
7f59d4001000-7f59d4003000 r--s 00016000 08:02 10227034                   /usr/lib/jvm/java-8-openjdk-amd64/jre/lib/jce.jar
7f59d4003000-7f59d4008000 r--s 002f9000 08:02 10227007                   /usr/lib/jvm/java-8-openjdk-amd64/jre/lib/charsets.jar
7f59d4008000-7f59d400a000 r--s 0000c000 08:02 10881090                   /usr/share/java/java-atk-wrapper.jar
7f59d400a000-7f59d4014000 r--s 00116000 08:02 10227019                   /usr/lib/jvm/java-8-openjdk-amd64/jre/lib/ext/localedata.jar
7f59d4014000-7f59d4019000 r--s 0003d000 08:02 10227022                   /usr/lib/jvm/java-8-openjdk-amd64/jre/lib/ext/sunjce_provider.jar
7f59d4019000-7f59d401c000 r--s 0000f000 08:02 10227017                   /usr/lib/jvm/java-8-openjdk-amd64/jre/lib/ext/icedtea-sound.jar
7f59d401c000-7f59d401d000 r--s 0000a000 08:02 10227018                   /usr/lib/jvm/java-8-openjdk-amd64/jre/lib/ext/jaccess.jar
7f59d401d000-7f59d401f000 r--s 00001000 08:02 10227016                   /usr/lib/jvm/java-8-openjdk-amd64/jre/lib/ext/dnsns.jar
7f59d401f000-7f59d4023000 r--s 0003a000 08:02 10227023                   /usr/lib/jvm/java-8-openjdk-amd64/jre/lib/ext/sunpkcs11.jar
7f59d4023000-7f59d5567000 rw-p 00000000 00:00 0 
7f59d5567000-7f59d5568000 ---p 00000000 00:00 0 
7f59d5568000-7f59d5668000 rw-p 00000000 00:00 0 
7f59d5668000-7f59d5669000 ---p 00000000 00:00 0 
7f59d5669000-7f59d5769000 rw-p 00000000 00:00 0 
7f59d5769000-7f59d576a000 ---p 00000000 00:00 0 
7f59d576a000-7f59d586a000 rw-p 00000000 00:00 0 
7f59d586a000-7f59d586b000 ---p 00000000 00:00 0 
7f59d586b000-7f59d59f4000 rw-p 00000000 00:00 0 
7f59d59f4000-7f59d6136000 ---p 00000000 00:00 0 
7f59d6136000-7f59d61bf000 rw-p 00000000 00:00 0 
7f59d61bf000-7f59d6900000 ---p 00000000 00:00 0 
7f59d6900000-7f59d698f000 rw-p 00000000 00:00 0 
7f59d698f000-7f59d6ce6000 ---p 00000000 00:00 0 
7f59d6ce6000-7f59d6d03000 rw-p 00000000 00:00 0 
7f59d6d03000-7f59d70a7000 ---p 00000000 00:00 0 
7f59d70a7000-7f59d70aa000 r--p 00000000 08:02 10096250                   /usr/lib/x86_64-linux-gnu/libnss_files-2.30.so
7f59d70aa000-7f59d70b1000 r-xp 00003000 08:02 10096250                   /usr/lib/x86_64-linux-gnu/libnss_files-2.30.so
7f59d70b1000-7f59d70b3000 r--p 0000a000 08:02 10096250                   /usr/lib/x86_64-linux-gnu/libnss_files-2.30.so
7f59d70b3000-7f59d70b4000 r--p 0000b000 08:02 10096250                   /usr/lib/x86_64-linux-gnu/libnss_files-2.30.so
7f59d70b4000-7f59d70b5000 rw-p 0000c000 08:02 10096250                   /usr/lib/x86_64-linux-gnu/libnss_files-2.30.so
7f59d70b5000-7f59d70bb000 rw-p 00000000 00:00 0 
7f59d70bb000-7f59d70bc000 r--s 0000d000 08:02 10227021                   /usr/lib/jvm/java-8-openjdk-amd64/jre/lib/ext/sunec.jar
7f59d70bc000-7f59d70bf000 r--p 00000000 08:02 10227004                   /usr/lib/jvm/java-8-openjdk-amd64/jre/lib/amd64/libzip.so
7f59d70bf000-7f59d70c4000 r-xp 00003000 08:02 10227004                   /usr/lib/jvm/java-8-openjdk-amd64/jre/lib/amd64/libzip.so
7f59d70c4000-7f59d70c6000 r--p 00008000 08:02 10227004                   /usr/lib/jvm/java-8-openjdk-amd64/jre/lib/amd64/libzip.so
7f59d70c6000-7f59d70c7000 r--p 00009000 08:02 10227004                   /usr/lib/jvm/java-8-openjdk-amd64/jre/lib/amd64/libzip.so
7f59d70c7000-7f59d70c8000 rw-p 0000a000 08:02 10227004                   /usr/lib/jvm/java-8-openjdk-amd64/jre/lib/amd64/libzip.so
7f59d70c8000-7f59d70d0000 rw-s 00000000 08:02 4325683                    /tmp/hsperfdata_george/5124
7f59d70d0000-7f59d70d2000 r--p 00000000 08:02 10226980                   /usr/lib/jvm/java-8-openjdk-amd64/jre/lib/amd64/libinstrument.so
7f59d70d2000-7f59d70d9000 r-xp 00002000 08:02 10226980                   /usr/lib/jvm/java-8-openjdk-amd64/jre/lib/amd64/libinstrument.so
7f59d70d9000-7f59d70dc000 r--p 00009000 08:02 10226980                   /usr/lib/jvm/java-8-openjdk-amd64/jre/lib/amd64/libinstrument.so
7f59d70dc000-7f59d70dd000 r--p 0000b000 08:02 10226980                   /usr/lib/jvm/java-8-openjdk-amd64/jre/lib/amd64/libinstrument.so
7f59d70dd000-7f59d70de000 rw-p 0000c000 08:02 10226980                   /usr/lib/jvm/java-8-openjdk-amd64/jre/lib/amd64/libinstrument.so
7f59d70de000-7f59d70eb000 r--p 00000000 08:02 10226985                   /usr/lib/jvm/java-8-openjdk-amd64/jre/lib/amd64/libjava.so
7f59d70eb000-7f59d7103000 r-xp 0000d000 08:02 10226985                   /usr/lib/jvm/java-8-openjdk-amd64/jre/lib/amd64/libjava.so
7f59d7103000-7f59d710a000 r--p 00025000 08:02 10226985                   /usr/lib/jvm/java-8-openjdk-amd64/jre/lib/amd64/libjava.so
7f59d710a000-7f59d710b000 r--p 0002b000 08:02 10226985                   /usr/lib/jvm/java-8-openjdk-amd64/jre/lib/amd64/libjava.so
7f59d710b000-7f59d710d000 rw-p 0002c000 08:02 10226985                   /usr/lib/jvm/java-8-openjdk-amd64/jre/lib/amd64/libjava.so
7f59d710d000-7f59d7110000 r--p 00000000 08:02 10096257                   /usr/lib/x86_64-linux-gnu/librt-2.30.so
7f59d7110000-7f59d7114000 r-xp 00003000 08:02 10096257                   /usr/lib/x86_64-linux-gnu/librt-2.30.so
7f59d7114000-7f59d7116000 r--p 00007000 08:02 10096257                   /usr/lib/x86_64-linux-gnu/librt-2.30.so
7f59d7116000-7f59d7117000 r--p 00008000 08:02 10096257                   /usr/lib/x86_64-linux-gnu/librt-2.30.so
7f59d7117000-7f59d7118000 rw-p 00009000 08:02 10096257                   /usr/lib/x86_64-linux-gnu/librt-2.30.so
7f59d7118000-7f59d7119000 ---p 00000000 00:00 0 
7f59d7119000-7f59d711c000 ---p 00000000 00:00 0 
7f59d711c000-7f59d7219000 rw-p 00000000 00:00 0 
7f59d7219000-7f59d721c000 r--p 00000000 08:02 10100966                   /usr/lib/x86_64-linux-gnu/libgcc_s.so.1
7f59d721c000-7f59d722d000 r-xp 00003000 08:02 10100966                   /usr/lib/x86_64-linux-gnu/libgcc_s.so.1
7f59d722d000-7f59d7231000 r--p 00014000 08:02 10100966                   /usr/lib/x86_64-linux-gnu/libgcc_s.so.1
7f59d7231000-7f59d7232000 r--p 00017000 08:02 10100966                   /usr/lib/x86_64-linux-gnu/libgcc_s.so.1
7f59d7232000-7f59d7233000 rw-p 00018000 08:02 10100966                   /usr/lib/x86_64-linux-gnu/libgcc_s.so.1
7f59d7233000-7f59d7242000 r--p 00000000 08:02 10096244                   /usr/lib/x86_64-linux-gnu/libm-2.30.so
7f59d7242000-7f59d72e9000 r-xp 0000f000 08:02 10096244                   /usr/lib/x86_64-linux-gnu/libm-2.30.so
7f59d72e9000-7f59d7380000 r--p 000b6000 08:02 10096244                   /usr/lib/x86_64-linux-gnu/libm-2.30.so
7f59d7380000-7f59d7381000 r--p 0014c000 08:02 10096244                   /usr/lib/x86_64-linux-gnu/libm-2.30.so
7f59d7381000-7f59d7382000 rw-p 0014d000 08:02 10096244                   /usr/lib/x86_64-linux-gnu/libm-2.30.so
7f59d7382000-7f59d7418000 r--p 00000000 08:02 10101770                   /usr/lib/x86_64-linux-gnu/libstdc++.so.6.0.28
7f59d7418000-7f59d7515000 r-xp 00096000 08:02 10101770                   /usr/lib/x86_64-linux-gnu/libstdc++.so.6.0.28
7f59d7515000-7f59d755f000 r--p 00193000 08:02 10101770                   /usr/lib/x86_64-linux-gnu/libstdc++.so.6.0.28
7f59d755f000-7f59d756a000 r--p 001dc000 08:02 10101770                   /usr/lib/x86_64-linux-gnu/libstdc++.so.6.0.28
7f59d756a000-7f59d756d000 rw-p 001e7000 08:02 10101770                   /usr/lib/x86_64-linux-gnu/libstdc++.so.6.0.28
7f59d756d000-7f59d7570000 rw-p 00000000 00:00 0 
7f59d7570000-7f59d7760000 r--p 00000000 08:02 10227006                   /usr/lib/jvm/java-8-openjdk-amd64/jre/lib/amd64/server/libjvm.so
7f59d7760000-7f59d7fc9000 r-xp 001f0000 08:02 10227006                   /usr/lib/jvm/java-8-openjdk-amd64/jre/lib/amd64/server/libjvm.so
7f59d7fc9000-7f59d8166000 r--p 00a59000 08:02 10227006                   /usr/lib/jvm/java-8-openjdk-amd64/jre/lib/amd64/server/libjvm.so
7f59d8166000-7f59d8167000 ---p 00bf6000 08:02 10227006                   /usr/lib/jvm/java-8-openjdk-amd64/jre/lib/amd64/server/libjvm.so
7f59d8167000-7f59d81fb000 r--p 00bf6000 08:02 10227006                   /usr/lib/jvm/java-8-openjdk-amd64/jre/lib/amd64/server/libjvm.so
7f59d81fb000-7f59d8224000 rw-p 00c8a000 08:02 10227006                   /usr/lib/jvm/java-8-openjdk-amd64/jre/lib/amd64/server/libjvm.so
7f59d8224000-7f59d8256000 rw-p 00000000 00:00 0 
7f59d8256000-7f59d825d000 r--p 00000000 08:02 10096255                   /usr/lib/x86_64-linux-gnu/libpthread-2.30.so
7f59d825d000-7f59d826e000 r-xp 00007000 08:02 10096255                   /usr/lib/x86_64-linux-gnu/libpthread-2.30.so
7f59d826e000-7f59d8273000 r--p 00018000 08:02 10096255                   /usr/lib/x86_64-linux-gnu/libpthread-2.30.so
7f59d8273000-7f59d8274000 r--p 0001c000 08:02 10096255                   /usr/lib/x86_64-linux-gnu/libpthread-2.30.so
7f59d8274000-7f59d8275000 rw-p 0001d000 08:02 10096255                   /usr/lib/x86_64-linux-gnu/libpthread-2.30.so
7f59d8275000-7f59d8279000 rw-p 00000000 00:00 0 
7f59d8279000-7f59d827a000 r--p 00000000 08:02 10096243                   /usr/lib/x86_64-linux-gnu/libdl-2.30.so
7f59d827a000-7f59d827c000 r-xp 00001000 08:02 10096243                   /usr/lib/x86_64-linux-gnu/libdl-2.30.so
7f59d827c000-7f59d827d000 r--p 00003000 08:02 10096243                   /usr/lib/x86_64-linux-gnu/libdl-2.30.so
7f59d827d000-7f59d827e000 r--p 00003000 08:02 10096243                   /usr/lib/x86_64-linux-gnu/libdl-2.30.so
7f59d827e000-7f59d827f000 rw-p 00004000 08:02 10096243                   /usr/lib/x86_64-linux-gnu/libdl-2.30.so
7f59d827f000-7f59d8281000 r--p 00000000 08:02 10102022                   /usr/lib/x86_64-linux-gnu/libz.so.1.2.11
7f59d8281000-7f59d8292000 r-xp 00002000 08:02 10102022                   /usr/lib/x86_64-linux-gnu/libz.so.1.2.11
7f59d8292000-7f59d8298000 r--p 00013000 08:02 10102022                   /usr/lib/x86_64-linux-gnu/libz.so.1.2.11
7f59d8298000-7f59d8299000 ---p 00019000 08:02 10102022                   /usr/lib/x86_64-linux-gnu/libz.so.1.2.11
7f59d8299000-7f59d829a000 r--p 00019000 08:02 10102022                   /usr/lib/x86_64-linux-gnu/libz.so.1.2.11
7f59d829a000-7f59d829b000 rw-p 0001a000 08:02 10102022                   /usr/lib/x86_64-linux-gnu/libz.so.1.2.11
7f59d829b000-7f59d82c0000 r--p 00000000 08:02 10096241                   /usr/lib/x86_64-linux-gnu/libc-2.30.so
7f59d82c0000-7f59d8438000 r-xp 00025000 08:02 10096241                   /usr/lib/x86_64-linux-gnu/libc-2.30.so
7f59d8438000-7f59d8482000 r--p 0019d000 08:02 10096241                   /usr/lib/x86_64-linux-gnu/libc-2.30.so
7f59d8482000-7f59d8485000 r--p 001e6000 08:02 10096241                   /usr/lib/x86_64-linux-gnu/libc-2.30.so
7f59d8485000-7f59d8488000 rw-p 001e9000 08:02 10096241                   /usr/lib/x86_64-linux-gnu/libc-2.30.so
7f59d8488000-7f59d848c000 rw-p 00000000 00:00 0 
7f59d848c000-7f59d848d000 r--s 00010000 08:02 10227024                   /usr/lib/jvm/java-8-openjdk-amd64/jre/lib/ext/zipfs.jar
7f59d848d000-7f59d848e000 rw-p 00000000 00:00 0 
7f59d848e000-7f59d8493000 r--p 00000000 08:02 10227003                   /usr/lib/jvm/java-8-openjdk-amd64/jre/lib/amd64/libverify.so
7f59d8493000-7f59d849c000 r-xp 00005000 08:02 10227003                   /usr/lib/jvm/java-8-openjdk-amd64/jre/lib/amd64/libverify.so
7f59d849c000-7f59d849e000 r--p 0000e000 08:02 10227003                   /usr/lib/jvm/java-8-openjdk-amd64/jre/lib/amd64/libverify.so
7f59d849e000-7f59d84a0000 r--p 0000f000 08:02 10227003                   /usr/lib/jvm/java-8-openjdk-amd64/jre/lib/amd64/libverify.so
7f59d84a0000-7f59d84a1000 rw-p 00011000 08:02 10227003                   /usr/lib/jvm/java-8-openjdk-amd64/jre/lib/amd64/libverify.so
7f59d84a1000-7f59d84a4000 r--p 00000000 08:02 10226970                   /usr/lib/jvm/java-8-openjdk-amd64/jre/lib/amd64/jli/libjli.so
7f59d84a4000-7f59d84ae000 r-xp 00003000 08:02 10226970                   /usr/lib/jvm/java-8-openjdk-amd64/jre/lib/amd64/jli/libjli.so
7f59d84ae000-7f59d84b1000 r--p 0000d000 08:02 10226970                   /usr/lib/jvm/java-8-openjdk-amd64/jre/lib/amd64/jli/libjli.so
7f59d84b1000-7f59d84b2000 r--p 0000f000 08:02 10226970                   /usr/lib/jvm/java-8-openjdk-amd64/jre/lib/amd64/jli/libjli.so
7f59d84b2000-7f59d84b3000 rw-p 00010000 08:02 10226970                   /usr/lib/jvm/java-8-openjdk-amd64/jre/lib/amd64/jli/libjli.so
7f59d84b3000-7f59d84b5000 rw-p 00000000 00:00 0 
7f59d84b5000-7f59d84b6000 r--p 00000000 08:02 10096237                   /usr/lib/x86_64-linux-gnu/ld-2.30.so
7f59d84b6000-7f59d84d8000 r-xp 00001000 08:02 10096237                   /usr/lib/x86_64-linux-gnu/ld-2.30.so
7f59d84d8000-7f59d84e0000 r--p 00023000 08:02 10096237                   /usr/lib/x86_64-linux-gnu/ld-2.30.so
7f59d84e0000-7f59d84e1000 r--p 00000000 00:00 0 
7f59d84e1000-7f59d84e2000 r--p 0002b000 08:02 10096237                   /usr/lib/x86_64-linux-gnu/ld-2.30.so
7f59d84e2000-7f59d84e3000 rw-p 0002c000 08:02 10096237                   /usr/lib/x86_64-linux-gnu/ld-2.30.so
7f59d84e3000-7f59d84e4000 rw-p 00000000 00:00 0 
7ffed76bd000-7ffed76e0000 rw-p 00000000 00:00 0                          [stack]
7ffed77ee000-7ffed77f1000 r--p 00000000 00:00 0                          [vvar]
7ffed77f1000-7ffed77f2000 r-xp 00000000 00:00 0                          [vdso]
ffffffffff600000-ffffffffff601000 --xp 00000000 00:00 0                  [vsyscall]

VM Arguments:
jvm_args: -XX:TieredStopAtLevel=1 -Xverify:none -Dspring.output.ansi.enabled=always -Dcom.sun.management.jmxremote -Dspring.jmx.enabled=true -Dspring.liveBeansView.mbeanDomain -Dspring.application.admin.enabled=true -javaagent:/snap/intellij-idea-ultimate/217/lib/idea_rt.jar=44505:/snap/intellij-idea-ultimate/217/bin -Dfile.encoding=UTF-8 
java_command: com.pro.cement.CementApplication
java_class_path (initial): /usr/lib/jvm/java-8-openjdk-amd64/jre/lib/charsets.jar:/usr/lib/jvm/java-8-openjdk-amd64/jre/lib/ext/cldrdata.jar:/usr/lib/jvm/java-8-openjdk-amd64/jre/lib/ext/dnsns.jar:/usr/lib/jvm/java-8-openjdk-amd64/jre/lib/ext/icedtea-sound.jar:/usr/lib/jvm/java-8-openjdk-amd64/jre/lib/ext/jaccess.jar:/usr/lib/jvm/java-8-openjdk-amd64/jre/lib/ext/java-atk-wrapper.jar:/usr/lib/jvm/java-8-openjdk-amd64/jre/lib/ext/localedata.jar:/usr/lib/jvm/java-8-openjdk-amd64/jre/lib/ext/nashorn.jar:/usr/lib/jvm/java-8-openjdk-amd64/jre/lib/ext/sunec.jar:/usr/lib/jvm/java-8-openjdk-amd64/jre/lib/ext/sunjce_provider.jar:/usr/lib/jvm/java-8-openjdk-amd64/jre/lib/ext/sunpkcs11.jar:/usr/lib/jvm/java-8-openjdk-amd64/jre/lib/ext/zipfs.jar:/usr/lib/jvm/java-8-openjdk-amd64/jre/lib/jce.jar:/usr/lib/jvm/java-8-openjdk-amd64/jre/lib/jsse.jar:/usr/lib/jvm/java-8-openjdk-amd64/jre/lib/management-agent.jar:/usr/lib/jvm/java-8-openjdk-amd64/jre/lib/resources.jar:/usr/lib/jvm/java-8-openjdk-amd64/jre/lib/rt.jar:/home/george/IdeaProjects/cement/target/classes:/home/george/.m2/repository/org/springframework/boot/spring-boot-starter-data-mongodb/2.2.5.RELEASE/spring-boot-starter-data-mongodb-2.2.5.RELEASE.jar:/home/george/.m2/repository/org/springframework/boot/spring-boot-starter/2.2.5.RELEASE/spring-boot-starter-2.2.5.RELEASE.jar:/home/george/.m2/repository/org/springframework/boot/spring-boot/2.2.5.RELEASE/spring-boot-2.2.5.RELEASE.jar:/home/george/.m2/repository/org/springframework/boot/spring-boot-autoconfigure/2.2.5.RELEASE/spring-boot-autoconfigure-2.2.5.RELEASE.jar:/home/george/.m2/repository/org/springframework/boot/spring-boot-starter-logging/2.2.5.RELEASE/spring-boot-starter-logging-2.2.5.RELEASE.jar:/home/george/.m2/repository/org/apache/logging/log4j/log4j-to-slf4j/2.12.1/log4j-to-slf4j-2.12.1.jar:/home/george/.m2/repository/org/apache/logging/log4j/log4j-api/2.12.1/log4j-api-2.12.1.jar:/home/george/.m2/repository/jakarta/annotation/jakarta.annotation-api/1.3.5/jakarta
Launcher Type: SUN_STANDARD

Environment Variables:
PATH=/usr/local/sbin:/usr/local/bin:/usr/sbin:/usr/bin:/sbin:/bin:/usr/games:/usr/local/games:/snap/bin
USERNAME=george
SHELL=/bin/bash
DISPLAY=:0

Signal Handlers:
SIGSEGV: [libjvm.so+0xa37ae0], sa_mask[0]=11111111011111111101111111111110, sa_flags=SA_RESTART|SA_SIGINFO
SIGBUS: [libjvm.so+0xa37ae0], sa_mask[0]=11111111011111111101111111111110, sa_flags=SA_RESTART|SA_SIGINFO
SIGFPE: [libjvm.so+0x894930], sa_mask[0]=11111111011111111101111111111110, sa_flags=SA_RESTART|SA_SIGINFO
SIGPIPE: [libjvm.so+0x894930], sa_mask[0]=11111111011111111101111111111110, sa_flags=SA_RESTART|SA_SIGINFO
SIGXFSZ: [libjvm.so+0x894930], sa_mask[0]=11111111011111111101111111111110, sa_flags=SA_RESTART|SA_SIGINFO
SIGILL: [libjvm.so+0x894930], sa_mask[0]=11111111011111111101111111111110, sa_flags=SA_RESTART|SA_SIGINFO
SIGUSR1: SIG_DFL, sa_mask[0]=00000000000000000000000000000000, sa_flags=none
SIGUSR2: [libjvm.so+0x8947c0], sa_mask[0]=00100000000000000000000000000000, sa_flags=SA_RESTART|SA_SIGINFO
SIGHUP: [libjvm.so+0x894bb0], sa_mask[0]=11111111011111111101111111111110, sa_flags=SA_RESTART|SA_SIGINFO
SIGINT: [libjvm.so+0x894bb0], sa_mask[0]=11111111011111111101111111111110, sa_flags=SA_RESTART|SA_SIGINFO
SIGTERM: [libjvm.so+0x894bb0], sa_mask[0]=11111111011111111101111111111110, sa_flags=SA_RESTART|SA_SIGINFO
SIGQUIT: [libjvm.so+0x894bb0], sa_mask[0]=11111111011111111101111111111110, sa_flags=SA_RESTART|SA_SIGINFO


---------------  S Y S T E M  ---------------

OS:DISTRIB_ID=Ubuntu
DISTRIB_RELEASE=19.10
DISTRIB_CODENAME=eoan
DISTRIB_DESCRIPTION="Ubuntu 19.10"

uname:Linux 5.3.0-45-generic #37-Ubuntu SMP Thu Mar 26 20:41:27 UTC 2020 x86_64
libc:glibc 2.30 NPTL 2.30 
rlimit: STACK 8192k, CORE 0k, NPROC 95506, NOFILE 1048576, AS infinity
load average:0,76 1,15 1,46

/proc/meminfo:
MemTotal:       24504512 kB
MemFree:         2543636 kB
MemAvailable:   14171924 kB
Buffers:          953428 kB
Cached:         11195416 kB
SwapCached:       220072 kB
Active:         13651656 kB
Inactive:        7004072 kB
Active(anon):    8184260 kB
Inactive(anon):  1132388 kB
Active(file):    5467396 kB
Inactive(file):  5871684 kB
Unevictable:      215248 kB
Mlocked:             176 kB
SwapTotal:       2097148 kB
SwapFree:        1861884 kB
Dirty:             26720 kB
Writeback:             0 kB
AnonPages:       8502832 kB
Mapped:          1630708 kB
Shmem:            895192 kB
KReclaimable:     691728 kB
Slab:             852860 kB
SReclaimable:     691728 kB
SUnreclaim:       161132 kB
KernelStack:       25872 kB
PageTables:        91140 kB
NFS_Unstable:          0 kB
Bounce:                0 kB
WritebackTmp:          0 kB
CommitLimit:    14349404 kB
Committed_AS:   23015640 kB
VmallocTotal:   34359738367 kB
VmallocUsed:       48260 kB
VmallocChunk:          0 kB
Percpu:             4336 kB
HardwareCorrupted:     0 kB
AnonHugePages:         0 kB
ShmemHugePages:        0 kB
ShmemPmdMapped:        0 kB
CmaTotal:              0 kB
CmaFree:               0 kB
HugePages_Total:       0
HugePages_Free:        0
HugePages_Rsvd:        0
HugePages_Surp:        0
Hugepagesize:       2048 kB
Hugetlb:               0 kB
DirectMap4k:      782728 kB
DirectMap2M:    24256512 kB
DirectMap1G:     1048576 kB

container (cgroup) information:
container_type: cgroupv1
cpu_cpuset_cpus: 0-3
cpu_memory_nodes: 0
active_processor_count: 4
cpu_quota: -1
cpu_period: 100000
cpu_shares: -1
memory_limit_in_bytes: -1
memory_and_swap_limit_in_bytes: -2
memory_soft_limit_in_bytes: -1
memory_usage_in_bytes: 17897201664
memory_max_usage_in_bytes: 22830440448


CPU:total 4 (initial active 4) (2 cores per cpu, 2 threads per core) family 6 model 60 stepping 3, cmov, cx8, fxsr, mmx, sse, sse2, sse3, ssse3, sse4.1, sse4.2, popcnt, avx, avx2, aes, clmul, erms, lzcnt, ht, tsc, tscinvbit, bmi1, bmi2

/proc/cpuinfo:
processor	: 0
vendor_id	: GenuineIntel
cpu family	: 6
model		: 60
model name	: Intel(R) Core(TM) i3-4170 CPU @ 3.70GHz
stepping	: 3
microcode	: 0x27
cpu MHz		: 3653.898
cache size	: 3072 KB
physical id	: 0
siblings	: 4
core id		: 0
cpu cores	: 2
apicid		: 0
initial apicid	: 0
fpu		: yes
fpu_exception	: yes
cpuid level	: 13
wp		: yes
flags		: fpu vme de pse tsc msr pae mce cx8 apic sep mtrr pge mca cmov pat pse36 clflush dts acpi mmx fxsr sse sse2 ss ht tm pbe syscall nx pdpe1gb rdtscp lm constant_tsc arch_perfmon pebs bts rep_good nopl xtopology nonstop_tsc cpuid aperfmperf pni pclmulqdq dtes64 monitor ds_cpl vmx est tm2 ssse3 sdbg fma cx16 xtpr pdcm pcid sse4_1 sse4_2 movbe popcnt tsc_deadline_timer aes xsave avx f16c rdrand lahf_lm abm cpuid_fault epb invpcid_single pti ssbd ibrs ibpb stibp tpr_shadow vnmi flexpriority ept vpid ept_ad fsgsbase tsc_adjust bmi1 avx2 smep bmi2 erms invpcid xsaveopt dtherm arat pln pts md_clear flush_l1d
bugs		: cpu_meltdown spectre_v1 spectre_v2 spec_store_bypass l1tf mds swapgs itlb_multihit
bogomips	: 7395.74
clflush size	: 64
cache_alignment	: 64
address sizes	: 39 bits physical, 48 bits virtual
power management:

processor	: 1
vendor_id	: GenuineIntel
cpu family	: 6
model		: 60
model name	: Intel(R) Core(TM) i3-4170 CPU @ 3.70GHz
stepping	: 3
microcode	: 0x27
cpu MHz		: 3658.351
cache size	: 3072 KB
physical id	: 0
siblings	: 4
core id		: 1
cpu cores	: 2
apicid		: 2
initial apicid	: 2
fpu		: yes
fpu_exception	: yes
cpuid level	: 13
wp		: yes
flags		: fpu vme de pse tsc msr pae mce cx8 apic sep mtrr pge mca cmov pat pse36 clflush dts acpi mmx fxsr sse sse2 ss ht tm pbe syscall nx pdpe1gb rdtscp lm constant_tsc arch_perfmon pebs bts rep_good nopl xtopology nonstop_tsc cpuid aperfmperf pni pclmulqdq dtes64 monitor ds_cpl vmx est tm2 ssse3 sdbg fma cx16 xtpr pdcm pcid sse4_1 sse4_2 movbe popcnt tsc_deadline_timer aes xsave avx f16c rdrand lahf_lm abm cpuid_fault epb invpcid_single pti ssbd ibrs ibpb stibp tpr_shadow vnmi flexpriority ept vpid ept_ad fsgsbase tsc_adjust bmi1 avx2 smep bmi2 erms invpcid xsaveopt dtherm arat pln pts md_clear flush_l1d
bugs		: cpu_meltdown spectre_v1 spectre_v2 spec_store_bypass l1tf mds swapgs itlb_multihit
bogomips	: 7395.74
clflush size	: 64
cache_alignment	: 64
address sizes	: 39 bits physical, 48 bits virtual
power management:

processor	: 2
vendor_id	: GenuineIntel
cpu family	: 6
model		: 60
model name	: Intel(R) Core(TM) i3-4170 CPU @ 3.70GHz
stepping	: 3
microcode	: 0x27
cpu MHz		: 3238.943
cache size	: 3072 KB
physical id	: 0
siblings	: 4
core id		: 0
cpu cores	: 2
apicid		: 1
initial apicid	: 1
fpu		: yes
fpu_exception	: yes
cpuid level	: 13
wp		: yes
flags		: fpu vme de pse tsc msr pae mce cx8 apic sep mtrr pge mca cmov pat pse36 clflush dts acpi mmx fxsr sse sse2 ss ht tm pbe syscall nx pdpe1gb rdtscp lm constant_tsc arch_perfmon pebs bts rep_good nopl xtopology nonstop_tsc cpuid aperfmperf pni pclmulqdq dtes64 monitor ds_cpl vmx est tm2 ssse3 sdbg fma cx16 xtpr pdcm pcid sse4_1 sse4_2 movbe popcnt tsc_deadline_timer aes xsave avx f16c rdrand lahf_lm abm cpuid_fault epb invpcid_single pti ssbd ibrs ibpb stibp tpr_shadow vnmi flexpriority ept vpid ept_ad fsgsbase tsc_adjust bmi1 avx2 smep bmi2 erms invpcid xsaveopt dtherm arat pln pts md_clear flush_l1d
bugs		: cpu_meltdown spectre_v1 spectre_v2 spec_store_bypass l1tf mds swapgs itlb_multihit
bogomips	: 7395.74
clflush size	: 64
cache_alignment	: 64
address sizes	: 39 bits physical, 48 bits virtual
power management:

processor	: 3
vendor_id	: GenuineIntel
cpu family	: 6
model		: 60
model name	: Intel(R) Core(TM) i3-4170 CPU @ 3.70GHz
stepping	: 3
microcode	: 0x27
cpu MHz		: 3209.210
cache size	: 3072 KB
physical id	: 0
siblings	: 4
core id		: 1
cpu cores	: 2
apicid		: 3
initial apicid	: 3
fpu		: yes
fpu_exception	: yes
cpuid level	: 13
wp		: yes
flags		: fpu vme de pse tsc msr pae mce cx8 apic sep mtrr pge mca cmov pat pse36 clflush dts acpi mmx fxsr sse sse2 ss ht tm pbe syscall nx pdpe1gb rdtscp lm constant_tsc arch_perfmon pebs bts rep_good nopl xtopology nonstop_tsc cpuid aperfmperf pni pclmulqdq dtes64 monitor ds_cpl vmx est tm2 ssse3 sdbg fma cx16 xtpr pdcm pcid sse4_1 sse4_2 movbe popcnt tsc_deadline_timer aes xsave avx f16c rdrand lahf_lm abm cpuid_fault epb invpcid_single pti ssbd ibrs ibpb stibp tpr_shadow vnmi flexpriority ept vpid ept_ad fsgsbase tsc_adjust bmi1 avx2 smep bmi2 erms invpcid xsaveopt dtherm arat pln pts md_clear flush_l1d
bugs		: cpu_meltdown spectre_v1 spectre_v2 spec_store_bypass l1tf mds swapgs itlb_multihit
bogomips	: 7395.74
clflush size	: 64
cache_alignment	: 64
address sizes	: 39 bits physical, 48 bits virtual
power management:



Memory: 4k page, physical 24504512k(2543636k free), swap 2097148k(1861884k free)

vm_info: OpenJDK 64-Bit Server VM (25.242-b08) for linux-amd64 JRE (1.8.0_242-8u242-b08-0ubuntu3~19.10-b08), built on Jan 17 2020 23:41:21 by "buildd" with gcc 8.3.0

time: Sat Apr 11 23:30:49 2020
timezone: EEST
elapsed time: 14 seconds (0d 0h 0m 14s)

