#
# A fatal error has been detected by the Java Runtime Environment:
#
#  SIGSEGV (0xb) at pc=0x00007fe90dad1c14, pid=5383, tid=0x00007fe90eefc700
#
# JRE version: OpenJDK Runtime Environment (8.0_242-b08) (build 1.8.0_242-8u242-b08-0ubuntu3~19.10-b08)
# Java VM: OpenJDK 64-Bit Server VM (25.242-b08 mixed mode linux-amd64 compressed oops)
# Problematic frame:
# C  [libtesseract.so+0x237c14]  STRING::c_str() const+0x4
#
# Failed to write core dump. Core dumps have been disabled. To enable core dumping, try "ulimit -c unlimited" before starting Java again
#
# If you would like to submit a bug report, please visit:
#   http://bugreport.java.com/bugreport/crash.jsp
# The crash happened outside the Java Virtual Machine in native code.
# See problematic frame for where to report the bug.
#

---------------  T H R E A D  ---------------

Current thread (0x00007fe980ebe000):  JavaThread "http-nio-8080-exec-1" daemon [_thread_in_native, id=5440, stack(0x00007fe90edfc000,0x00007fe90eefd000)]

siginfo: si_signo: 11 (SIGSEGV), si_code: 1 (SEGV_MAPERR), si_addr: 0x0000000000000000

Registers:
RAX=0x0000000000000000, RBX=0x00007fe8f014e090, RCX=0x00007fe90eef7e70, RDX=0x00007fe90eef8701
RSP=0x00007fe90eef7688, RBP=0x00007fe90eef8640, RSI=0x00007fe90eef87d0, RDI=0x0000000000000000
R8 =0x00007fe8de60e930, R9 =0x0000000000001bd0, R10=0x00000000000006f4, R11=0x00000000000002fa
R12=0x0000000000000000, R13=0x00007fe90eef7e60, R14=0x0000000000000000, R15=0x00007fe90eef8820
RIP=0x00007fe90dad1c14, EFLAGS=0x0000000000010246, CSGSFS=0x002b000000000033, ERR=0x0000000000000004
  TRAPNO=0x000000000000000e

Top of Stack: (sp=0x00007fe90eef7688)
0x00007fe90eef7688:   00007fe90d936d9b 0000000000000001
0x00007fe90eef7698:   00007fe90eef7700 0000000c0eef7968
0x00007fe90eef76a8:   00007fe90000000c 00007fe971046c60
0x00007fe90eef76b8:   00007fe97100045f 00007fe900000001
0x00007fe90eef76c8:   00007fe90eef77f0 00007fe980ebe000
0x00007fe90eef76d8:   00007fe980ebd400 00007fe980ebd440
0x00007fe90eef76e8:   00007fe980ebd4b8 00007fe980ebd528
0x00007fe90eef76f8:   00000000000000d8 00007fe90eef8370
0x00007fe90eef7708:   00007fe985178768 00007fe980ebe000
0x00007fe90eef7718:   00007fe8f0001210 00007fe962d9ef90
0x00007fe90eef7728:   00000007499f0dc8 00007fe90eef7f80
0x00007fe90eef7738:   00007fe9711aa223 0000000000000000
0x00007fe90eef7748:   00007fe90eef77f0 00007fe962d9eda8
0x00007fe90eef7758:   e31bb15522557d00 00007fe90eef7790
0x00007fe90eef7768:   e31bb15522557d00 00007fe90eef7800
0x00007fe90eef7778:   00007fe980ebe000 00007fe980ebe000
0x00007fe90eef7788:   00007fe980ebe000 00007fe90eef7f70
0x00007fe90eef7798:   00007fe9852141b2 00007fe90eef7988
0x00007fe90eef77a8:   00007fe9853d6900 00007fe90eef7879
0x00007fe90eef77b8:   00007fe90eef7ee0 00007fe980ebe1e0
0x00007fe90eef77c8:   00007fe90eef77e0 00007fe90eef7e70
0x00007fe90eef77d8:   00007fe980ebd4b0 00007fe962d9ef90
0x00007fe90eef77e8:   00007fe980ebe000 00007fe90000000c
0x00007fe90eef77f8:   00000007499f6c90 00007fe962d9ef90
0x00007fe90eef7808:   00007fe980ebe000 00000007c000e980
0x00007fe90eef7818:   000000064a269ec8 00007fe90eef7fd0
0x00007fe90eef7828:   0000000000000000 00007fe90eef7850
0x00007fe90eef7838:   00000007499f0dc8 00007fe90eef7e90
0x00007fe90eef7848:   00007fe984f1b48d 00007fe90eef7ed0
0x00007fe90eef7858:   00007fe971101579 00007fe971101510
0x00007fe90eef7868:   00007fe900000000 00007fe90eef7ed0
0x00007fe90eef7878:   00007fe90eef01d0 00007fe90eef7ee0 

Instructions: (pc=0x00007fe90dad1c14)
0x00007fe90dad1bf4:   54 24 04 48 89 ef 48 83 c6 08 e8 4d f9 ff ff eb
0x00007fe90dad1c04:   ca e8 c6 40 e4 ff 66 0f 1f 44 00 00 f3 0f 1e fa
0x00007fe90dad1c14:   48 8b 07 48 85 c0 74 16 8b 50 04 85 d2 74 0d c7
0x00007fe90dad1c24:   40 04 ff ff ff ff 48 83 c0 08 c3 90 31 c0 c3 90 

Register to memory mapping:

RAX=0x0000000000000000 is an unknown value
RBX=0x00007fe8f014e090 is an unknown value
RCX=0x00007fe90eef7e70 is pointing into the stack for thread: 0x00007fe980ebe000
RDX=0x00007fe90eef8701 is pointing into the stack for thread: 0x00007fe980ebe000
RSP=0x00007fe90eef7688 is pointing into the stack for thread: 0x00007fe980ebe000
RBP=0x00007fe90eef8640 is pointing into the stack for thread: 0x00007fe980ebe000
RSI=0x00007fe90eef87d0 is pointing into the stack for thread: 0x00007fe980ebe000
RDI=0x0000000000000000 is an unknown value
R8 =0x00007fe8de60e930 is an unknown value
R9 =0x0000000000001bd0 is an unknown value
R10=0x00000000000006f4 is an unknown value
R11=0x00000000000002fa is an unknown value
R12=0x0000000000000000 is an unknown value
R13=0x00007fe90eef7e60 is pointing into the stack for thread: 0x00007fe980ebe000
R14=0x0000000000000000 is an unknown value
R15=0x00007fe90eef8820 is pointing into the stack for thread: 0x00007fe980ebe000


Stack: [0x00007fe90edfc000,0x00007fe90eefd000],  sp=0x00007fe90eef7688,  free space=1005k
Native frames: (J=compiled Java code, j=interpreted, Vv=VM code, C=native code)
C  [libtesseract.so+0x237c14]  STRING::c_str() const+0x4
C  [libtesseract.so+0x9f722]  tesseract::TessBaseAPI::Recognize(ETEXT_DESC*)+0x42
C  [libtesseract.so+0xa0de7]  tesseract::TessBaseAPI::GetUTF8Text()+0x127

Java frames: (J=compiled Java code, j=interpreted, Vv=VM code)
j  com.sun.jna.Native.invokePointer(Lcom/sun/jna/Function;JI[Ljava/lang/Object;)J+0
j  com.sun.jna.Function.invokePointer(I[Ljava/lang/Object;)Lcom/sun/jna/Pointer;+7
j  com.sun.jna.Function.invoke([Ljava/lang/Object;Ljava/lang/Class;ZI)Ljava/lang/Object;+385
j  com.sun.jna.Function.invoke(Ljava/lang/reflect/Method;[Ljava/lang/Class;Ljava/lang/Class;[Ljava/lang/Object;Ljava/util/Map;)Ljava/lang/Object;+271
j  com.sun.jna.Library$Handler.invoke(Ljava/lang/Object;Ljava/lang/reflect/Method;[Ljava/lang/Object;)Ljava/lang/Object;+344
j  com.sun.proxy.$Proxy90.TessBaseAPIGetUTF8Text(Lnet/sourceforge/tess4j/ITessAPI$TessBaseAPI;)Lcom/sun/jna/Pointer;+16
j  net.sourceforge.tess4j.Tesseract.getOCRText(Ljava/lang/String;I)Ljava/lang/String;+269
j  net.sourceforge.tess4j.Tesseract.doOCR(Ljavax/imageio/IIOImage;Ljava/lang/String;Ljava/awt/Rectangle;I)Ljava/lang/String;+18
j  net.sourceforge.tess4j.Tesseract.doOCR(Ljava/io/File;Ljava/awt/Rectangle;)Ljava/lang/String;+126
j  net.sourceforge.tess4j.Tesseract.doOCR(Ljava/io/File;)Ljava/lang/String;+3
j  com.pro.cement.service.processing.impls.ProcessingServiceFakeImpl.thesaurus(Ljava/lang/String;)Ljava/lang/String;+14
j  com.pro.cement.service.processing.impls.ProcessingServiceFakeImpl.identifyOne(Ljava/lang/String;)Ljava/lang/String;+70
j  com.pro.cement.controller.rest.ProcessingControllerREST.success()Ljava/lang/String;+6
v  ~StubRoutines::call_stub
J 1916  sun.reflect.NativeMethodAccessorImpl.invoke0(Ljava/lang/reflect/Method;Ljava/lang/Object;[Ljava/lang/Object;)Ljava/lang/Object; (0 bytes) @ 0x00007fe971405af7 [0x00007fe971405a80+0x77]
J 1915 C1 sun.reflect.NativeMethodAccessorImpl.invoke(Ljava/lang/Object;[Ljava/lang/Object;)Ljava/lang/Object; (104 bytes) @ 0x00007fe97140624c [0x00007fe971405ea0+0x3ac]
J 1708 C1 sun.reflect.DelegatingMethodAccessorImpl.invoke(Ljava/lang/Object;[Ljava/lang/Object;)Ljava/lang/Object; (10 bytes) @ 0x00007fe971399404 [0x00007fe9713993c0+0x44]
J 1707 C1 java.lang.reflect.Method.invoke(Ljava/lang/Object;[Ljava/lang/Object;)Ljava/lang/Object; (62 bytes) @ 0x00007fe971397324 [0x00007fe971397220+0x104]
j  org.springframework.web.method.support.InvocableHandlerMethod.doInvoke([Ljava/lang/Object;)Ljava/lang/Object;+16
j  org.springframework.web.method.support.InvocableHandlerMethod.invokeForRequest(Lorg/springframework/web/context/request/NativeWebRequest;Lorg/springframework/web/method/support/ModelAndViewContainer;[Ljava/lang/Object;)Ljava/lang/Object;+56
j  org.springframework.web.servlet.mvc.method.annotation.ServletInvocableHandlerMethod.invokeAndHandle(Lorg/springframework/web/context/request/ServletWebRequest;Lorg/springframework/web/method/support/ModelAndViewContainer;[Ljava/lang/Object;)V+4
j  org.springframework.web.servlet.mvc.method.annotation.RequestMappingHandlerAdapter.invokeHandlerMethod(Ljavax/servlet/http/HttpServletRequest;Ljavax/servlet/http/HttpServletResponse;Lorg/springframework/web/method/HandlerMethod;)Lorg/springframework/web/servlet/ModelAndView;+244
j  org.springframework.web.servlet.mvc.method.annotation.RequestMappingHandlerAdapter.handleInternal(Ljavax/servlet/http/HttpServletRequest;Ljavax/servlet/http/HttpServletResponse;Lorg/springframework/web/method/HandlerMethod;)Lorg/springframework/web/servlet/ModelAndView;+81
j  org.springframework.web.servlet.mvc.method.AbstractHandlerMethodAdapter.handle(Ljavax/servlet/http/HttpServletRequest;Ljavax/servlet/http/HttpServletResponse;Ljava/lang/Object;)Lorg/springframework/web/servlet/ModelAndView;+7
j  org.springframework.web.servlet.DispatcherServlet.doDispatch(Ljavax/servlet/http/HttpServletRequest;Ljavax/servlet/http/HttpServletResponse;)V+257
j  org.springframework.web.servlet.DispatcherServlet.doService(Ljavax/servlet/http/HttpServletRequest;Ljavax/servlet/http/HttpServletResponse;)V+212
j  org.springframework.web.servlet.FrameworkServlet.processRequest(Ljavax/servlet/http/HttpServletRequest;Ljavax/servlet/http/HttpServletResponse;)V+71
j  org.springframework.web.servlet.FrameworkServlet.doGet(Ljavax/servlet/http/HttpServletRequest;Ljavax/servlet/http/HttpServletResponse;)V+3
j  javax.servlet.http.HttpServlet.service(Ljavax/servlet/http/HttpServletRequest;Ljavax/servlet/http/HttpServletResponse;)V+35
j  org.springframework.web.servlet.FrameworkServlet.service(Ljavax/servlet/http/HttpServletRequest;Ljavax/servlet/http/HttpServletResponse;)V+33
j  javax.servlet.http.HttpServlet.service(Ljavax/servlet/ServletRequest;Ljavax/servlet/ServletResponse;)V+36
j  org.apache.catalina.core.ApplicationFilterChain.internalDoFilter(Ljavax/servlet/ServletRequest;Ljavax/servlet/ServletResponse;)V+304
j  org.apache.catalina.core.ApplicationFilterChain.doFilter(Ljavax/servlet/ServletRequest;Ljavax/servlet/ServletResponse;)V+101
j  org.apache.tomcat.websocket.server.WsFilter.doFilter(Ljavax/servlet/ServletRequest;Ljavax/servlet/ServletResponse;Ljavax/servlet/FilterChain;)V+21
j  org.apache.catalina.core.ApplicationFilterChain.internalDoFilter(Ljavax/servlet/ServletRequest;Ljavax/servlet/ServletResponse;)V+135
j  org.apache.catalina.core.ApplicationFilterChain.doFilter(Ljavax/servlet/ServletRequest;Ljavax/servlet/ServletResponse;)V+101
j  org.springframework.web.filter.RequestContextFilter.doFilterInternal(Ljavax/servlet/http/HttpServletRequest;Ljavax/servlet/http/HttpServletResponse;Ljavax/servlet/FilterChain;)V+21
j  org.springframework.web.filter.OncePerRequestFilter.doFilter(Ljavax/servlet/ServletRequest;Ljavax/servlet/ServletResponse;Ljavax/servlet/FilterChain;)V+147
j  org.apache.catalina.core.ApplicationFilterChain.internalDoFilter(Ljavax/servlet/ServletRequest;Ljavax/servlet/ServletResponse;)V+135
j  org.apache.catalina.core.ApplicationFilterChain.doFilter(Ljavax/servlet/ServletRequest;Ljavax/servlet/ServletResponse;)V+101
j  org.springframework.web.filter.FormContentFilter.doFilterInternal(Ljavax/servlet/http/HttpServletRequest;Ljavax/servlet/http/HttpServletResponse;Ljavax/servlet/FilterChain;)V+38
j  org.springframework.web.filter.OncePerRequestFilter.doFilter(Ljavax/servlet/ServletRequest;Ljavax/servlet/ServletResponse;Ljavax/servlet/FilterChain;)V+147
j  org.apache.catalina.core.ApplicationFilterChain.internalDoFilter(Ljavax/servlet/ServletRequest;Ljavax/servlet/ServletResponse;)V+135
j  org.apache.catalina.core.ApplicationFilterChain.doFilter(Ljavax/servlet/ServletRequest;Ljavax/servlet/ServletResponse;)V+101
j  org.springframework.web.filter.CharacterEncodingFilter.doFilterInternal(Ljavax/servlet/http/HttpServletRequest;Ljavax/servlet/http/HttpServletResponse;Ljavax/servlet/FilterChain;)V+53
j  org.springframework.web.filter.OncePerRequestFilter.doFilter(Ljavax/servlet/ServletRequest;Ljavax/servlet/ServletResponse;Ljavax/servlet/FilterChain;)V+147
j  org.apache.catalina.core.ApplicationFilterChain.internalDoFilter(Ljavax/servlet/ServletRequest;Ljavax/servlet/ServletResponse;)V+135
j  org.apache.catalina.core.ApplicationFilterChain.doFilter(Ljavax/servlet/ServletRequest;Ljavax/servlet/ServletResponse;)V+101
j  org.apache.catalina.core.StandardWrapperValve.invoke(Lorg/apache/catalina/connector/Request;Lorg/apache/catalina/connector/Response;)V+694
j  org.apache.catalina.core.StandardContextValve.invoke(Lorg/apache/catalina/connector/Request;Lorg/apache/catalina/connector/Response;)V+166
j  org.apache.catalina.authenticator.AuthenticatorBase.invoke(Lorg/apache/catalina/connector/Request;Lorg/apache/catalina/connector/Response;)V+260
j  org.apache.catalina.core.StandardHostValve.invoke(Lorg/apache/catalina/connector/Request;Lorg/apache/catalina/connector/Response;)V+114
j  org.apache.catalina.valves.ErrorReportValve.invoke(Lorg/apache/catalina/connector/Request;Lorg/apache/catalina/connector/Response;)V+6
j  org.apache.catalina.core.StandardEngineValve.invoke(Lorg/apache/catalina/connector/Request;Lorg/apache/catalina/connector/Response;)V+45
j  org.apache.catalina.connector.CoyoteAdapter.service(Lorg/apache/coyote/Request;Lorg/apache/coyote/Response;)V+199
j  org.apache.coyote.http11.Http11Processor.service(Lorg/apache/tomcat/util/net/SocketWrapperBase;)Lorg/apache/tomcat/util/net/AbstractEndpoint$Handler$SocketState;+727
j  org.apache.coyote.AbstractProcessorLight.process(Lorg/apache/tomcat/util/net/SocketWrapperBase;Lorg/apache/tomcat/util/net/SocketEvent;)Lorg/apache/tomcat/util/net/AbstractEndpoint$Handler$SocketState;+170
j  org.apache.coyote.AbstractProtocol$ConnectionHandler.process(Lorg/apache/tomcat/util/net/SocketWrapperBase;Lorg/apache/tomcat/util/net/SocketEvent;)Lorg/apache/tomcat/util/net/AbstractEndpoint$Handler$SocketState;+505
j  org.apache.tomcat.util.net.NioEndpoint$SocketProcessor.doRun()V+221
j  org.apache.tomcat.util.net.SocketProcessorBase.run()V+21
j  java.util.concurrent.ThreadPoolExecutor.runWorker(Ljava/util/concurrent/ThreadPoolExecutor$Worker;)V+95
j  java.util.concurrent.ThreadPoolExecutor$Worker.run()V+5
j  org.apache.tomcat.util.threads.TaskThread$WrappingRunnable.run()V+4
j  java.lang.Thread.run()V+11
v  ~StubRoutines::call_stub

---------------  P R O C E S S  ---------------

Java Threads: ( => current thread )
  0x00007fe8f012b800 JavaThread "process reaper" daemon [_thread_blocked, id=5476, stack(0x00007fe960053000,0x00007fe96008c000)]
  0x00007fe8f00d3000 JavaThread "Java2D Disposer" daemon [_thread_blocked, id=5474, stack(0x00007fe90dfee000,0x00007fe90e0ef000)]
  0x00007fe920002800 JavaThread "RMI TCP Connection(2)-127.0.0.1" daemon [_thread_in_native, id=5455, stack(0x00007fe90e1f0000,0x00007fe90e2f1000)]
  0x00007fe980010000 JavaThread "DestroyJavaVM" [_thread_blocked, id=5386, stack(0x00007fe984719000,0x00007fe984819000)]
  0x00007fe980ed2800 JavaThread "http-nio-8080-Acceptor" daemon [_thread_in_native, id=5452, stack(0x00007fe90e2f1000,0x00007fe90e3f2000)]
  0x00007fe980ed0800 JavaThread "http-nio-8080-ClientPoller" daemon [_thread_in_native, id=5450, stack(0x00007fe90e3f2000,0x00007fe90e4f3000)]
  0x00007fe980ece800 JavaThread "http-nio-8080-exec-10" daemon [_thread_blocked, id=5449, stack(0x00007fe90e4f3000,0x00007fe90e5f4000)]
  0x00007fe980ecc800 JavaThread "http-nio-8080-exec-9" daemon [_thread_blocked, id=5448, stack(0x00007fe90e5f4000,0x00007fe90e6f5000)]
  0x00007fe980eca800 JavaThread "http-nio-8080-exec-8" daemon [_thread_blocked, id=5447, stack(0x00007fe90e6f5000,0x00007fe90e7f6000)]
  0x00007fe980ec8800 JavaThread "http-nio-8080-exec-7" daemon [_thread_blocked, id=5446, stack(0x00007fe90e7f6000,0x00007fe90e8f7000)]
  0x00007fe980ec6800 JavaThread "http-nio-8080-exec-6" daemon [_thread_blocked, id=5445, stack(0x00007fe90e8f7000,0x00007fe90e9f8000)]
  0x00007fe980ec4800 JavaThread "http-nio-8080-exec-5" daemon [_thread_blocked, id=5444, stack(0x00007fe90e9f8000,0x00007fe90eaf9000)]
  0x00007fe980ec2800 JavaThread "http-nio-8080-exec-4" daemon [_thread_blocked, id=5443, stack(0x00007fe90eaf9000,0x00007fe90ebfa000)]
  0x00007fe980ec1000 JavaThread "http-nio-8080-exec-3" daemon [_thread_blocked, id=5442, stack(0x00007fe90ebfa000,0x00007fe90ecfb000)]
  0x00007fe980ebf000 JavaThread "http-nio-8080-exec-2" daemon [_thread_blocked, id=5441, stack(0x00007fe90ecfb000,0x00007fe90edfc000)]
=>0x00007fe980ebe000 JavaThread "http-nio-8080-exec-1" daemon [_thread_in_native, id=5440, stack(0x00007fe90edfc000,0x00007fe90eefd000)]
  0x00007fe980ebc000 JavaThread "http-nio-8080-BlockPoller" daemon [_thread_in_native, id=5439, stack(0x00007fe90f2fd000,0x00007fe90f3fe000)]
  0x00007fe980d41800 JavaThread "CleanCursors-1-thread-1" daemon [_thread_blocked, id=5435, stack(0x00007fe90f5fe000,0x00007fe90f6ff000)]
  0x00007fe980d31800 JavaThread "cluster-ClusterId{value='5e92299aaff0a25b3b36c637', description='null'}-localhost:27017" daemon [_thread_blocked, id=5434, stack(0x00007fe90f8ff000,0x00007fe90fa00000)]
  0x00007fe980c52000 JavaThread "container-0" [_thread_blocked, id=5431, stack(0x00007fe9400fa000,0x00007fe9401fb000)]
  0x00007fe91402b000 JavaThread "Catalina-utility-2" [_thread_blocked, id=5430, stack(0x00007fe9404fc000,0x00007fe9405fd000)]
  0x00007fe980c4f800 JavaThread "Catalina-utility-1" [_thread_blocked, id=5429, stack(0x00007fe9403fb000,0x00007fe9404fc000)]
  0x00007fe9182b4800 JavaThread "RMI Scheduler(0)" daemon [_thread_blocked, id=5422, stack(0x00007fe9405fd000,0x00007fe9406fe000)]
  0x00007fe920001800 JavaThread "RMI TCP Connection(1)-127.0.0.1" daemon [_thread_in_native, id=5421, stack(0x00007fe9600c7000,0x00007fe9601c8000)]
  0x00007fe93c001000 JavaThread "Attach Listener" daemon [_thread_blocked, id=5418, stack(0x00007fe9408fe000,0x00007fe9409ff000)]
  0x00007fe98062b800 JavaThread "RMI TCP Accept-0" daemon [_thread_in_native, id=5410, stack(0x00007fe9604c9000,0x00007fe9605ca000)]
  0x00007fe980574000 JavaThread "Service Thread" daemon [_thread_blocked, id=5408, stack(0x00007fe9605db000,0x00007fe9606dc000)]
  0x00007fe980570000 JavaThread "C1 CompilerThread2" daemon [_thread_blocked, id=5407, stack(0x00007fe9606dd000,0x00007fe9607dd000)]
  0x00007fe98056d800 JavaThread "C2 CompilerThread1" daemon [_thread_blocked, id=5406, stack(0x00007fe9607de000,0x00007fe9608de000)]
  0x00007fe98056c000 JavaThread "C2 CompilerThread0" daemon [_thread_blocked, id=5405, stack(0x00007fe9608df000,0x00007fe9609df000)]
  0x00007fe980569800 JavaThread "Monitor Ctrl-Break" daemon [_thread_in_native, id=5404, stack(0x00007fe9609df000,0x00007fe960ae0000)]
  0x00007fe980181000 JavaThread "Signal Dispatcher" daemon [_thread_blocked, id=5403, stack(0x00007fe960df7000,0x00007fe960ef8000)]
  0x00007fe980152000 JavaThread "Finalizer" daemon [_thread_blocked, id=5396, stack(0x00007fe96172c000,0x00007fe96182d000)]
  0x00007fe98014d800 JavaThread "Reference Handler" daemon [_thread_blocked, id=5395, stack(0x00007fe96182d000,0x00007fe96192e000)]

Other Threads:
  0x00007fe980144000 VMThread [stack: 0x00007fe96192f000,0x00007fe961a2f000] [id=5392]
  0x00007fe98063f800 WatcherThread [stack: 0x00007fe9603c9000,0x00007fe9604c9000] [id=5411]

VM state:not at safepoint (normal execution)

VM Mutex/Monitor currently owned by a thread: None

heap address: 0x000000064a000000, size: 5984 MB, Compressed Oops mode: Zero based, Oop shift amount: 3
Narrow klass base: 0x0000000000000000, Narrow klass shift: 3
Compressed class space size: 1073741824 Address: 0x00000007c0000000

Heap:
 PSYoungGen      total 207360K, used 113907K [0x0000000743580000, 0x0000000756300000, 0x00000007c0000000)
  eden space 191488K, 59% used [0x0000000743580000,0x000000074a4bcc90,0x000000074f080000)
  from space 15872K, 0% used [0x000000074f080000,0x000000074f080000,0x0000000750000000)
  to   space 15872K, 0% used [0x0000000755380000,0x0000000755380000,0x0000000756300000)
 ParOldGen       total 256000K, used 23121K [0x000000064a000000, 0x0000000659a00000, 0x0000000743580000)
  object space 256000K, 9% used [0x000000064a000000,0x000000064b6944b8,0x0000000659a00000)
 Metaspace       used 39621K, capacity 42226K, committed 42368K, reserved 1085440K
  class space    used 5264K, capacity 5740K, committed 5760K, reserved 1048576K

Card table byte_map: [0x00007fe97044f000,0x00007fe971000000] byte_map_base: 0x00007fe96d1ff000

Marking Bits: (ParMarkBitMap*) 0x00007fe9858373e0
 Begin Bits: [0x00007fe963f82000, 0x00007fe969d02000)
 End Bits:   [0x00007fe969d02000, 0x00007fe96fa82000)

Polling page: 0x00007fe985ae0000

CodeCache: size=245760Kb used=7212Kb max_used=7212Kb free=238547Kb
 bounds [0x00007fe971000000, 0x00007fe971710000, 0x00007fe980000000]
 total_blobs=4150 nmethods=3655 adapters=408
 compilation: enabled

Compilation events (10 events):
Event: 9,538 Thread 0x00007fe980570000 3652   !   1       java.lang.ClassLoader::getPackage (118 bytes)
Event: 9,539 Thread 0x00007fe980570000 nmethod 3652 0x00007fe971708390 code [0x00007fe971708540, 0x00007fe971708b48]
Event: 9,551 Thread 0x00007fe980570000 3653  s    1       java.io.BufferedInputStream::read (113 bytes)
Event: 9,552 Thread 0x00007fe980570000 nmethod 3653 0x00007fe971708e50 code [0x00007fe971709000, 0x00007fe9717095f8]
Event: 9,555 Thread 0x00007fe980570000 3654  s    1       java.io.BufferedInputStream::read (49 bytes)
Event: 9,556 Thread 0x00007fe980570000 nmethod 3654 0x00007fe971709890 code [0x00007fe971709a20, 0x00007fe971709e18]
Event: 9,559 Thread 0x00007fe980570000 3655       1       java.io.BufferedInputStream::fill (233 bytes)
Event: 9,562 Thread 0x00007fe980570000 nmethod 3655 0x00007fe971709fd0 code [0x00007fe97170a1c0, 0x00007fe97170a998]
Event: 9,585 Thread 0x00007fe980570000 3656       1       javax.imageio.stream.ImageInputStreamImpl::readInt (142 bytes)
Event: 9,585 Thread 0x00007fe980570000 nmethod 3656 0x00007fe97170ad10 code [0x00007fe97170aea0, 0x00007fe97170b198]

GC Heap History (10 events):
Event: 0,992 GC heap before
{Heap before GC invocations=1 (full 0):
 PSYoungGen      total 111616K, used 95744K [0x0000000743580000, 0x000000074b200000, 0x00000007c0000000)
  eden space 95744K, 100% used [0x0000000743580000,0x0000000749300000,0x0000000749300000)
  from space 15872K, 0% used [0x000000074a280000,0x000000074a280000,0x000000074b200000)
  to   space 15872K, 0% used [0x0000000749300000,0x0000000749300000,0x000000074a280000)
 ParOldGen       total 255488K, used 0K [0x000000064a000000, 0x0000000659980000, 0x0000000743580000)
  object space 255488K, 0% used [0x000000064a000000,0x000000064a000000,0x0000000659980000)
 Metaspace       used 14823K, capacity 15294K, committed 15488K, reserved 1062912K
  class space    used 1949K, capacity 2101K, committed 2176K, reserved 1048576K
Event: 1,002 GC heap after
Heap after GC invocations=1 (full 0):
 PSYoungGen      total 111616K, used 8714K [0x0000000743580000, 0x0000000750f80000, 0x00000007c0000000)
  eden space 95744K, 0% used [0x0000000743580000,0x0000000743580000,0x0000000749300000)
  from space 15872K, 54% used [0x0000000749300000,0x0000000749b82808,0x000000074a280000)
  to   space 15872K, 0% used [0x0000000750000000,0x0000000750000000,0x0000000750f80000)
 ParOldGen       total 255488K, used 16K [0x000000064a000000, 0x0000000659980000, 0x0000000743580000)
  object space 255488K, 0% used [0x000000064a000000,0x000000064a004000,0x0000000659980000)
 Metaspace       used 14823K, capacity 15294K, committed 15488K, reserved 1062912K
  class space    used 1949K, capacity 2101K, committed 2176K, reserved 1048576K
}
Event: 1,415 GC heap before
{Heap before GC invocations=2 (full 0):
 PSYoungGen      total 111616K, used 73001K [0x0000000743580000, 0x0000000750f80000, 0x00000007c0000000)
  eden space 95744K, 67% used [0x0000000743580000,0x0000000747447ca8,0x0000000749300000)
  from space 15872K, 54% used [0x0000000749300000,0x0000000749b82808,0x000000074a280000)
  to   space 15872K, 0% used [0x0000000750000000,0x0000000750000000,0x0000000750f80000)
 ParOldGen       total 255488K, used 16K [0x000000064a000000, 0x0000000659980000, 0x0000000743580000)
  object space 255488K, 0% used [0x000000064a000000,0x000000064a004000,0x0000000659980000)
 Metaspace       used 20482K, capacity 21178K, committed 21296K, reserved 1067008K
  class space    used 2671K, capacity 2875K, committed 2944K, reserved 1048576K
Event: 1,446 GC heap after
Heap after GC invocations=2 (full 0):
 PSYoungGen      total 207360K, used 10171K [0x0000000743580000, 0x0000000750f80000, 0x00000007c0000000)
  eden space 191488K, 0% used [0x0000000743580000,0x0000000743580000,0x000000074f080000)
  from space 15872K, 64% used [0x0000000750000000,0x00000007509eec20,0x0000000750f80000)
  to   space 15872K, 0% used [0x000000074f080000,0x000000074f080000,0x0000000750000000)
 ParOldGen       total 255488K, used 24K [0x000000064a000000, 0x0000000659980000, 0x0000000743580000)
  object space 255488K, 0% used [0x000000064a000000,0x000000064a006000,0x0000000659980000)
 Metaspace       used 20482K, capacity 21178K, committed 21296K, reserved 1067008K
  class space    used 2671K, capacity 2875K, committed 2944K, reserved 1048576K
}
Event: 1,446 GC heap before
{Heap before GC invocations=3 (full 1):
 PSYoungGen      total 207360K, used 10171K [0x0000000743580000, 0x0000000750f80000, 0x00000007c0000000)
  eden space 191488K, 0% used [0x0000000743580000,0x0000000743580000,0x000000074f080000)
  from space 15872K, 64% used [0x0000000750000000,0x00000007509eec20,0x0000000750f80000)
  to   space 15872K, 0% used [0x000000074f080000,0x000000074f080000,0x0000000750000000)
 ParOldGen       total 255488K, used 24K [0x000000064a000000, 0x0000000659980000, 0x0000000743580000)
  object space 255488K, 0% used [0x000000064a000000,0x000000064a006000,0x0000000659980000)
 Metaspace       used 20482K, capacity 21178K, committed 21296K, reserved 1067008K
  class space    used 2671K, capacity 2875K, committed 2944K, reserved 1048576K
Event: 1,506 GC heap after
Heap after GC invocations=3 (full 1):
 PSYoungGen      total 207360K, used 0K [0x0000000743580000, 0x0000000750f80000, 0x00000007c0000000)
  eden space 191488K, 0% used [0x0000000743580000,0x0000000743580000,0x000000074f080000)
  from space 15872K, 0% used [0x0000000750000000,0x0000000750000000,0x0000000750f80000)
  to   space 15872K, 0% used [0x000000074f080000,0x000000074f080000,0x0000000750000000)
 ParOldGen       total 153600K, used 9742K [0x000000064a000000, 0x0000000653600000, 0x0000000743580000)
  object space 153600K, 6% used [0x000000064a000000,0x000000064a983860,0x0000000653600000)
 Metaspace       used 20481K, capacity 21172K, committed 21296K, reserved 1067008K
  class space    used 2670K, capacity 2874K, committed 2944K, reserved 1048576K
}
Event: 2,793 GC heap before
{Heap before GC invocations=4 (full 1):
 PSYoungGen      total 207360K, used 176771K [0x0000000743580000, 0x0000000750f80000, 0x00000007c0000000)
  eden space 191488K, 92% used [0x0000000743580000,0x000000074e220de8,0x000000074f080000)
  from space 15872K, 0% used [0x0000000750000000,0x0000000750000000,0x0000000750f80000)
  to   space 15872K, 0% used [0x000000074f080000,0x000000074f080000,0x0000000750000000)
 ParOldGen       total 153600K, used 9742K [0x000000064a000000, 0x0000000653600000, 0x0000000743580000)
  object space 153600K, 6% used [0x000000064a000000,0x000000064a983860,0x0000000653600000)
 Metaspace       used 33268K, capacity 35320K, committed 35456K, reserved 1079296K
  class space    used 4461K, capacity 4890K, committed 4992K, reserved 1048576K
Event: 2,814 GC heap after
Heap after GC invocations=4 (full 1):
 PSYoungGen      total 207360K, used 15854K [0x0000000743580000, 0x0000000756300000, 0x00000007c0000000)
  eden space 191488K, 0% used [0x0000000743580000,0x0000000743580000,0x000000074f080000)
  from space 15872K, 99% used [0x000000074f080000,0x000000074fffb8e8,0x0000000750000000)
  to   space 15872K, 0% used [0x0000000755380000,0x0000000755380000,0x0000000756300000)
 ParOldGen       total 153600K, used 12794K [0x000000064a000000, 0x0000000653600000, 0x0000000743580000)
  object space 153600K, 8% used [0x000000064a000000,0x000000064ac7ebf0,0x0000000653600000)
 Metaspace       used 33268K, capacity 35320K, committed 35456K, reserved 1079296K
  class space    used 4461K, capacity 4890K, committed 4992K, reserved 1048576K
}
Event: 2,814 GC heap before
{Heap before GC invocations=5 (full 2):
 PSYoungGen      total 207360K, used 15854K [0x0000000743580000, 0x0000000756300000, 0x00000007c0000000)
  eden space 191488K, 0% used [0x0000000743580000,0x0000000743580000,0x000000074f080000)
  from space 15872K, 99% used [0x000000074f080000,0x000000074fffb8e8,0x0000000750000000)
  to   space 15872K, 0% used [0x0000000755380000,0x0000000755380000,0x0000000756300000)
 ParOldGen       total 153600K, used 12794K [0x000000064a000000, 0x0000000653600000, 0x0000000743580000)
  object space 153600K, 8% used [0x000000064a000000,0x000000064ac7ebf0,0x0000000653600000)
 Metaspace       used 33268K, capacity 35320K, committed 35456K, reserved 1079296K
  class space    used 4461K, capacity 4890K, committed 4992K, reserved 1048576K
Event: 2,890 GC heap after
Heap after GC invocations=5 (full 2):
 PSYoungGen      total 207360K, used 0K [0x0000000743580000, 0x0000000756300000, 0x00000007c0000000)
  eden space 191488K, 0% used [0x0000000743580000,0x0000000743580000,0x000000074f080000)
  from space 15872K, 0% used [0x000000074f080000,0x000000074f080000,0x0000000750000000)
  to   space 15872K, 0% used [0x0000000755380000,0x0000000755380000,0x0000000756300000)
 ParOldGen       total 256000K, used 23121K [0x000000064a000000, 0x0000000659a00000, 0x0000000743580000)
  object space 256000K, 9% used [0x000000064a000000,0x000000064b6944b8,0x0000000659a00000)
 Metaspace       used 33268K, capacity 35320K, committed 35456K, reserved 1079296K
  class space    used 4461K, capacity 4890K, committed 4992K, reserved 1048576K
}

Deoptimization events (0 events):
No events

Classes redefined (0 events):
No events

Internal exceptions (10 events):
Event: 3,055 Thread 0x00007fe980010000 Exception <a 'java/lang/ArrayIndexOutOfBoundsException'> (0x0000000745772d58) thrown at [/build/openjdk-8-98hZnU/openjdk-8-8u242-b08/src/hotspot/src/share/vm/runtime/sharedRuntime.cpp, line 605]
Event: 3,055 Thread 0x00007fe980010000 Exception <a 'java/lang/ArrayIndexOutOfBoundsException'> (0x0000000745774910) thrown at [/build/openjdk-8-98hZnU/openjdk-8-8u242-b08/src/hotspot/src/share/vm/runtime/sharedRuntime.cpp, line 605]
Event: 3,055 Thread 0x00007fe980010000 Exception <a 'java/lang/ArrayIndexOutOfBoundsException'> (0x00000007457761e8) thrown at [/build/openjdk-8-98hZnU/openjdk-8-8u242-b08/src/hotspot/src/share/vm/runtime/sharedRuntime.cpp, line 605]
Event: 3,055 Thread 0x00007fe980010000 Exception <a 'java/lang/ArrayIndexOutOfBoundsException'> (0x0000000745777140) thrown at [/build/openjdk-8-98hZnU/openjdk-8-8u242-b08/src/hotspot/src/share/vm/runtime/sharedRuntime.cpp, line 605]
Event: 3,087 Thread 0x00007fe980010000 Exception <a 'java/lang/IncompatibleClassChangeError': Found class java.lang.Object, but interface was expected> (0x0000000745a51798) thrown at [/build/openjdk-8-98hZnU/openjdk-8-8u242-b08/src/hotspot/src/share/vm/interpreter/linkResolver.cpp, line 653]
Event: 3,107 Thread 0x00007fe980010000 Exception <a 'java/lang/ArrayIndexOutOfBoundsException'> (0x0000000745d10260) thrown at [/build/openjdk-8-98hZnU/openjdk-8-8u242-b08/src/hotspot/src/share/vm/runtime/sharedRuntime.cpp, line 605]
Event: 3,158 Thread 0x00007fe980010000 Exception <a 'java/lang/ArrayIndexOutOfBoundsException'> (0x000000074669f970) thrown at [/build/openjdk-8-98hZnU/openjdk-8-8u242-b08/src/hotspot/src/share/vm/runtime/sharedRuntime.cpp, line 605]
Event: 3,158 Thread 0x00007fe980010000 Exception <a 'java/lang/ArrayIndexOutOfBoundsException'> (0x00000007466a3208) thrown at [/build/openjdk-8-98hZnU/openjdk-8-8u242-b08/src/hotspot/src/share/vm/runtime/sharedRuntime.cpp, line 605]
Event: 3,160 Thread 0x00007fe980010000 Exception <a 'java/lang/ArrayIndexOutOfBoundsException'> (0x00000007466d4eb8) thrown at [/build/openjdk-8-98hZnU/openjdk-8-8u242-b08/src/hotspot/src/share/vm/runtime/sharedRuntime.cpp, line 605]
Event: 9,347 Thread 0x00007fe980ebe000 Exception <a 'java/io/FileNotFoundException'> (0x0000000747c0ad40) thrown at [/build/openjdk-8-98hZnU/openjdk-8-8u242-b08/src/hotspot/src/share/vm/prims/jni.cpp, line 710]

Events (10 events):
Event: 9,543 loading class com/sun/jna/NativeString$StringMemory
Event: 9,543 loading class com/sun/jna/NativeString$StringMemory done
Event: 9,547 loading class com/sun/jna/Function$PointerArray
Event: 9,547 loading class com/sun/jna/Function$PointerArray done
Event: 9,607 loading class javax/imageio/IIOImage
Event: 9,608 loading class javax/imageio/IIOImage done
Event: 9,659 loading class java/lang/StrictMath
Event: 9,660 loading class java/lang/StrictMath done
Event: 9,660 loading class com/sun/jna/Native$Buffers
Event: 9,660 loading class com/sun/jna/Native$Buffers done


Dynamic libraries:
64a000000-659a00000 rw-p 00000000 00:00 0 
659a00000-743580000 ---p 00000000 00:00 0 
743580000-756300000 rw-p 00000000 00:00 0 
756300000-7c0000000 ---p 00000000 00:00 0 
7c0000000-7c05a0000 rw-p 00000000 00:00 0 
7c05a0000-800000000 ---p 00000000 00:00 0 
561269238000-561269239000 r--p 00000000 08:02 10226950                   /usr/lib/jvm/java-8-openjdk-amd64/jre/bin/java
561269239000-56126923a000 r-xp 00001000 08:02 10226950                   /usr/lib/jvm/java-8-openjdk-amd64/jre/bin/java
56126923a000-56126923b000 r--p 00002000 08:02 10226950                   /usr/lib/jvm/java-8-openjdk-amd64/jre/bin/java
56126923b000-56126923c000 r--p 00002000 08:02 10226950                   /usr/lib/jvm/java-8-openjdk-amd64/jre/bin/java
56126923c000-56126923d000 rw-p 00003000 08:02 10226950                   /usr/lib/jvm/java-8-openjdk-amd64/jre/bin/java
561269c0f000-561269c30000 rw-p 00000000 00:00 0                          [heap]
7fe8de0e2000-7fe8de60f000 rw-p 00000000 00:00 0 
7fe8de60f000-7fe8de610000 r--p 00000000 08:02 10095849                   /usr/lib/x86_64-linux-gnu/libicudata.so.63.2
7fe8de610000-7fe8de611000 r-xp 00001000 08:02 10095849                   /usr/lib/x86_64-linux-gnu/libicudata.so.63.2
7fe8de611000-7fe8dfffe000 r--p 00002000 08:02 10095849                   /usr/lib/x86_64-linux-gnu/libicudata.so.63.2
7fe8dfffe000-7fe8dffff000 r--p 019ee000 08:02 10095849                   /usr/lib/x86_64-linux-gnu/libicudata.so.63.2
7fe8dffff000-7fe8e0000000 rw-p 019ef000 08:02 10095849                   /usr/lib/x86_64-linux-gnu/libicudata.so.63.2
7fe8e0000000-7fe8e0021000 rw-p 00000000 00:00 0 
7fe8e0021000-7fe8e4000000 ---p 00000000 00:00 0 
7fe8e4000000-7fe8e4021000 rw-p 00000000 00:00 0 
7fe8e4021000-7fe8e8000000 ---p 00000000 00:00 0 
7fe8e8000000-7fe8e8021000 rw-p 00000000 00:00 0 
7fe8e8021000-7fe8ec000000 ---p 00000000 00:00 0 
7fe8ec000000-7fe8ec021000 rw-p 00000000 00:00 0 
7fe8ec021000-7fe8f0000000 ---p 00000000 00:00 0 
7fe8f0000000-7fe8f0477000 rw-p 00000000 00:00 0 
7fe8f0477000-7fe8f4000000 ---p 00000000 00:00 0 
7fe8f4000000-7fe8f4021000 rw-p 00000000 00:00 0 
7fe8f4021000-7fe8f8000000 ---p 00000000 00:00 0 
7fe8f8000000-7fe8f8021000 rw-p 00000000 00:00 0 
7fe8f8021000-7fe8fc000000 ---p 00000000 00:00 0 
7fe8fc000000-7fe8fc021000 rw-p 00000000 00:00 0 
7fe8fc021000-7fe900000000 ---p 00000000 00:00 0 
7fe900000000-7fe900021000 rw-p 00000000 00:00 0 
7fe900021000-7fe904000000 ---p 00000000 00:00 0 
7fe904000000-7fe904024000 rw-p 00000000 00:00 0 
7fe904024000-7fe908000000 ---p 00000000 00:00 0 
7fe908000000-7fe908021000 rw-p 00000000 00:00 0 
7fe908021000-7fe90c000000 ---p 00000000 00:00 0 
7fe90c55d000-7fe90ca8a000 rw-p 00000000 00:00 0 
7fe90ca8a000-7fe90ca95000 r-xp 00000000 08:02 10101262                   /usr/lib/x86_64-linux-gnu/libjbig.so.0
7fe90ca95000-7fe90cc94000 ---p 0000b000 08:02 10101262                   /usr/lib/x86_64-linux-gnu/libjbig.so.0
7fe90cc94000-7fe90cc95000 r--p 0000a000 08:02 10101262                   /usr/lib/x86_64-linux-gnu/libjbig.so.0
7fe90cc95000-7fe90cc98000 rw-p 0000b000 08:02 10101262                   /usr/lib/x86_64-linux-gnu/libjbig.so.0
7fe90cc98000-7fe90ccfa000 r--p 00000000 08:02 10103719                   /usr/lib/x86_64-linux-gnu/libicuuc.so.63.2
7fe90ccfa000-7fe90cdd3000 r-xp 00062000 08:02 10103719                   /usr/lib/x86_64-linux-gnu/libicuuc.so.63.2
7fe90cdd3000-7fe90ce57000 r--p 0013b000 08:02 10103719                   /usr/lib/x86_64-linux-gnu/libicuuc.so.63.2
7fe90ce57000-7fe90ce6a000 r--p 001be000 08:02 10103719                   /usr/lib/x86_64-linux-gnu/libicuuc.so.63.2
7fe90ce6a000-7fe90ce6b000 rw-p 001d1000 08:02 10103719                   /usr/lib/x86_64-linux-gnu/libicuuc.so.63.2
7fe90ce6b000-7fe90ce6c000 rw-p 00000000 00:00 0 
7fe90ce6c000-7fe90ce6f000 r--p 00000000 08:02 10095335                   /usr/lib/x86_64-linux-gnu/libopenjp2.so.2.3.0
7fe90ce6f000-7fe90ceb0000 r-xp 00003000 08:02 10095335                   /usr/lib/x86_64-linux-gnu/libopenjp2.so.2.3.0
7fe90ceb0000-7fe90cec0000 r--p 00044000 08:02 10095335                   /usr/lib/x86_64-linux-gnu/libopenjp2.so.2.3.0
7fe90cec0000-7fe90cec1000 r--p 00053000 08:02 10095335                   /usr/lib/x86_64-linux-gnu/libopenjp2.so.2.3.0
7fe90cec1000-7fe90cec2000 rw-p 00054000 08:02 10095335                   /usr/lib/x86_64-linux-gnu/libopenjp2.so.2.3.0
7fe90cec2000-7fe90cf28000 r-xp 00000000 08:02 10101921                   /usr/lib/x86_64-linux-gnu/libwebp.so.6.0.2
7fe90cf28000-7fe90d127000 ---p 00066000 08:02 10101921                   /usr/lib/x86_64-linux-gnu/libwebp.so.6.0.2
7fe90d127000-7fe90d128000 r--p 00065000 08:02 10101921                   /usr/lib/x86_64-linux-gnu/libwebp.so.6.0.2
7fe90d128000-7fe90d129000 rw-p 00066000 08:02 10101921                   /usr/lib/x86_64-linux-gnu/libwebp.so.6.0.2
7fe90d129000-7fe90d12b000 rw-p 00000000 00:00 0 
7fe90d12b000-7fe90d133000 r--p 00000000 08:02 10101808                   /usr/lib/x86_64-linux-gnu/libtiff.so.5.4.0
7fe90d133000-7fe90d177000 r-xp 00008000 08:02 10101808                   /usr/lib/x86_64-linux-gnu/libtiff.so.5.4.0
7fe90d177000-7fe90d1a6000 r--p 0004c000 08:02 10101808                   /usr/lib/x86_64-linux-gnu/libtiff.so.5.4.0
7fe90d1a6000-7fe90d1a7000 ---p 0007b000 08:02 10101808                   /usr/lib/x86_64-linux-gnu/libtiff.so.5.4.0
7fe90d1a7000-7fe90d1ab000 r--p 0007b000 08:02 10101808                   /usr/lib/x86_64-linux-gnu/libtiff.so.5.4.0
7fe90d1ab000-7fe90d1ac000 rw-p 0007f000 08:02 10101808                   /usr/lib/x86_64-linux-gnu/libtiff.so.5.4.0
7fe90d1ac000-7fe90d1ae000 r--p 00000000 08:02 10101004                   /usr/lib/x86_64-linux-gnu/libgif.so.7.0.0
7fe90d1ae000-7fe90d1b3000 r-xp 00002000 08:02 10101004                   /usr/lib/x86_64-linux-gnu/libgif.so.7.0.0
7fe90d1b3000-7fe90d1b5000 r--p 00007000 08:02 10101004                   /usr/lib/x86_64-linux-gnu/libgif.so.7.0.0
7fe90d1b5000-7fe90d1b6000 r--p 00008000 08:02 10101004                   /usr/lib/x86_64-linux-gnu/libgif.so.7.0.0
7fe90d1b6000-7fe90d1b7000 rw-p 00009000 08:02 10101004                   /usr/lib/x86_64-linux-gnu/libgif.so.7.0.0
7fe90d1b7000-7fe90d1bb000 r--p 00000000 08:02 10101266                   /usr/lib/x86_64-linux-gnu/libjpeg.so.8.2.2
7fe90d1bb000-7fe90d1ff000 r-xp 00004000 08:02 10101266                   /usr/lib/x86_64-linux-gnu/libjpeg.so.8.2.2
7fe90d1ff000-7fe90d239000 r--p 00048000 08:02 10101266                   /usr/lib/x86_64-linux-gnu/libjpeg.so.8.2.2
7fe90d239000-7fe90d23a000 ---p 00082000 08:02 10101266                   /usr/lib/x86_64-linux-gnu/libjpeg.so.8.2.2
7fe90d23a000-7fe90d23b000 r--p 00082000 08:02 10101266                   /usr/lib/x86_64-linux-gnu/libjpeg.so.8.2.2
7fe90d23b000-7fe90d23c000 rw-p 00083000 08:02 10101266                   /usr/lib/x86_64-linux-gnu/libjpeg.so.8.2.2
7fe90d23c000-7fe90d241000 r--p 00000000 08:02 10101573                   /usr/lib/x86_64-linux-gnu/libpng16.so.16.37.0
7fe90d241000-7fe90d266000 r-xp 00005000 08:02 10101573                   /usr/lib/x86_64-linux-gnu/libpng16.so.16.37.0
7fe90d266000-7fe90d272000 r--p 0002a000 08:02 10101573                   /usr/lib/x86_64-linux-gnu/libpng16.so.16.37.0
7fe90d272000-7fe90d273000 r--p 00035000 08:02 10101573                   /usr/lib/x86_64-linux-gnu/libpng16.so.16.37.0
7fe90d273000-7fe90d274000 rw-p 00036000 08:02 10101573                   /usr/lib/x86_64-linux-gnu/libpng16.so.16.37.0
7fe90d274000-7fe90d2a2000 r--p 00000000 08:02 10094346                   /usr/lib/x86_64-linux-gnu/libxml2.so.2.9.4
7fe90d2a2000-7fe90d3d0000 r-xp 0002e000 08:02 10094346                   /usr/lib/x86_64-linux-gnu/libxml2.so.2.9.4
7fe90d3d0000-7fe90d428000 r--p 0015c000 08:02 10094346                   /usr/lib/x86_64-linux-gnu/libxml2.so.2.9.4
7fe90d428000-7fe90d429000 ---p 001b4000 08:02 10094346                   /usr/lib/x86_64-linux-gnu/libxml2.so.2.9.4
7fe90d429000-7fe90d431000 r--p 001b4000 08:02 10094346                   /usr/lib/x86_64-linux-gnu/libxml2.so.2.9.4
7fe90d431000-7fe90d433000 rw-p 001bc000 08:02 10094346                   /usr/lib/x86_64-linux-gnu/libxml2.so.2.9.4
7fe90d433000-7fe90d434000 rw-p 00000000 00:00 0 
7fe90d434000-7fe90d436000 r--p 00000000 08:02 10101318                   /usr/lib/x86_64-linux-gnu/liblz4.so.1.9.1
7fe90d436000-7fe90d44f000 r-xp 00002000 08:02 10101318                   /usr/lib/x86_64-linux-gnu/liblz4.so.1.9.1
7fe90d44f000-7fe90d452000 r--p 0001b000 08:02 10101318                   /usr/lib/x86_64-linux-gnu/liblz4.so.1.9.1
7fe90d452000-7fe90d453000 r--p 0001d000 08:02 10101318                   /usr/lib/x86_64-linux-gnu/liblz4.so.1.9.1
7fe90d453000-7fe90d454000 rw-p 0001e000 08:02 10101318                   /usr/lib/x86_64-linux-gnu/liblz4.so.1.9.1
7fe90d454000-7fe90d458000 r--p 00000000 08:02 10102024                   /usr/lib/x86_64-linux-gnu/libzstd.so.1.4.3
7fe90d458000-7fe90d4e8000 r-xp 00004000 08:02 10102024                   /usr/lib/x86_64-linux-gnu/libzstd.so.1.4.3
7fe90d4e8000-7fe90d4f9000 r--p 00094000 08:02 10102024                   /usr/lib/x86_64-linux-gnu/libzstd.so.1.4.3
7fe90d4f9000-7fe90d4fa000 r--p 000a4000 08:02 10102024                   /usr/lib/x86_64-linux-gnu/libzstd.so.1.4.3
7fe90d4fa000-7fe90d4fb000 rw-p 000a5000 08:02 10102024                   /usr/lib/x86_64-linux-gnu/libzstd.so.1.4.3
7fe90d4fb000-7fe90d4fe000 r--p 00000000 08:02 10101320                   /usr/lib/x86_64-linux-gnu/liblzma.so.5.2.4
7fe90d4fe000-7fe90d515000 r-xp 00003000 08:02 10101320                   /usr/lib/x86_64-linux-gnu/liblzma.so.5.2.4
7fe90d515000-7fe90d520000 r--p 0001a000 08:02 10101320                   /usr/lib/x86_64-linux-gnu/liblzma.so.5.2.4
7fe90d520000-7fe90d521000 r--p 00024000 08:02 10101320                   /usr/lib/x86_64-linux-gnu/liblzma.so.5.2.4
7fe90d521000-7fe90d522000 rw-p 00025000 08:02 10101320                   /usr/lib/x86_64-linux-gnu/liblzma.so.5.2.4
7fe90d522000-7fe90d52b000 r--p 00000000 08:02 10101415                   /usr/lib/x86_64-linux-gnu/libnettle.so.6.5
7fe90d52b000-7fe90d548000 r-xp 00009000 08:02 10101415                   /usr/lib/x86_64-linux-gnu/libnettle.so.6.5
7fe90d548000-7fe90d557000 r--p 00026000 08:02 10101415                   /usr/lib/x86_64-linux-gnu/libnettle.so.6.5
7fe90d557000-7fe90d559000 r--p 00034000 08:02 10101415                   /usr/lib/x86_64-linux-gnu/libnettle.so.6.5
7fe90d559000-7fe90d55a000 rw-p 00036000 08:02 10101415                   /usr/lib/x86_64-linux-gnu/libnettle.so.6.5
7fe90d55a000-7fe90d581000 r--p 00000000 08:02 10102034                   /usr/lib/x86_64-linux-gnu/liblept.so.5.0.3
7fe90d581000-7fe90d742000 r-xp 00027000 08:02 10102034                   /usr/lib/x86_64-linux-gnu/liblept.so.5.0.3
7fe90d742000-7fe90d7d0000 r--p 001e8000 08:02 10102034                   /usr/lib/x86_64-linux-gnu/liblept.so.5.0.3
7fe90d7d0000-7fe90d7d1000 ---p 00276000 08:02 10102034                   /usr/lib/x86_64-linux-gnu/liblept.so.5.0.3
7fe90d7d1000-7fe90d7d2000 r--p 00276000 08:02 10102034                   /usr/lib/x86_64-linux-gnu/liblept.so.5.0.3
7fe90d7d2000-7fe90d7d8000 rw-p 00277000 08:02 10102034                   /usr/lib/x86_64-linux-gnu/liblept.so.5.0.3
7fe90d7d8000-7fe90d7e9000 r--p 00000000 08:02 10093215                   /usr/lib/x86_64-linux-gnu/libarchive.so.13.4.0
7fe90d7e9000-7fe90d86d000 r-xp 00011000 08:02 10093215                   /usr/lib/x86_64-linux-gnu/libarchive.so.13.4.0
7fe90d86d000-7fe90d895000 r--p 00095000 08:02 10093215                   /usr/lib/x86_64-linux-gnu/libarchive.so.13.4.0
7fe90d895000-7fe90d896000 ---p 000bd000 08:02 10093215                   /usr/lib/x86_64-linux-gnu/libarchive.so.13.4.0
7fe90d896000-7fe90d899000 r--p 000bd000 08:02 10093215                   /usr/lib/x86_64-linux-gnu/libarchive.so.13.4.0
7fe90d899000-7fe90d89a000 rw-p 000c0000 08:02 10093215                   /usr/lib/x86_64-linux-gnu/libarchive.so.13.4.0
7fe90d89a000-7fe90d914000 r--p 00000000 08:02 10095873                   /usr/lib/x86_64-linux-gnu/libtesseract.so.5.0.0
7fe90d914000-7fe90db19000 r-xp 0007a000 08:02 10095873                   /usr/lib/x86_64-linux-gnu/libtesseract.so.5.0.0
7fe90db19000-7fe90dbcb000 r--p 0027f000 08:02 10095873                   /usr/lib/x86_64-linux-gnu/libtesseract.so.5.0.0
7fe90dbcb000-7fe90dbcc000 ---p 00331000 08:02 10095873                   /usr/lib/x86_64-linux-gnu/libtesseract.so.5.0.0
7fe90dbcc000-7fe90dbd1000 r--p 00331000 08:02 10095873                   /usr/lib/x86_64-linux-gnu/libtesseract.so.5.0.0
7fe90dbd1000-7fe90dbd2000 rw-p 00336000 08:02 10095873                   /usr/lib/x86_64-linux-gnu/libtesseract.so.5.0.0
7fe90dbd2000-7fe90dbd5000 rw-p 00000000 00:00 0 
7fe90dbd5000-7fe90dbed000 r-xp 00000000 08:02 6815812                    /tmp/jna--1249469473/jna4966783455188735890.tmp (deleted)
7fe90dbed000-7fe90dded000 ---p 00018000 08:02 6815812                    /tmp/jna--1249469473/jna4966783455188735890.tmp (deleted)
7fe90dded000-7fe90ddee000 rw-p 00018000 08:02 6815812                    /tmp/jna--1249469473/jna4966783455188735890.tmp (deleted)
7fe90ddee000-7fe90dfae000 rw-p 00000000 00:00 0 
7fe90dfae000-7fe90dfee000 ---p 00000000 00:00 0 
7fe90dfee000-7fe90dff1000 ---p 00000000 00:00 0 
7fe90dff1000-7fe90e0ef000 rw-p 00000000 00:00 0 
7fe90e0ef000-7fe90e0f2000 ---p 00000000 00:00 0 
7fe90e0f2000-7fe90e1f0000 rw-p 00000000 00:00 0 
7fe90e1f0000-7fe90e1f3000 ---p 00000000 00:00 0 
7fe90e1f3000-7fe90e2f1000 rw-p 00000000 00:00 0 
7fe90e2f1000-7fe90e2f4000 ---p 00000000 00:00 0 
7fe90e2f4000-7fe90e3f2000 rw-p 00000000 00:00 0 
7fe90e3f2000-7fe90e3f5000 ---p 00000000 00:00 0 
7fe90e3f5000-7fe90e4f3000 rw-p 00000000 00:00 0 
7fe90e4f3000-7fe90e4f6000 ---p 00000000 00:00 0 
7fe90e4f6000-7fe90e5f4000 rw-p 00000000 00:00 0 
7fe90e5f4000-7fe90e5f7000 ---p 00000000 00:00 0 
7fe90e5f7000-7fe90e6f5000 rw-p 00000000 00:00 0 
7fe90e6f5000-7fe90e6f8000 ---p 00000000 00:00 0 
7fe90e6f8000-7fe90e7f6000 rw-p 00000000 00:00 0 
7fe90e7f6000-7fe90e7f9000 ---p 00000000 00:00 0 
7fe90e7f9000-7fe90e8f7000 rw-p 00000000 00:00 0 
7fe90e8f7000-7fe90e8fa000 ---p 00000000 00:00 0 
7fe90e8fa000-7fe90e9f8000 rw-p 00000000 00:00 0 
7fe90e9f8000-7fe90e9fb000 ---p 00000000 00:00 0 
7fe90e9fb000-7fe90eaf9000 rw-p 00000000 00:00 0 
7fe90eaf9000-7fe90eafc000 ---p 00000000 00:00 0 
7fe90eafc000-7fe90ebfa000 rw-p 00000000 00:00 0 
7fe90ebfa000-7fe90ebfd000 ---p 00000000 00:00 0 
7fe90ebfd000-7fe90ecfb000 rw-p 00000000 00:00 0 
7fe90ecfb000-7fe90ecfe000 ---p 00000000 00:00 0 
7fe90ecfe000-7fe90edfc000 rw-p 00000000 00:00 0 
7fe90edfc000-7fe90edff000 ---p 00000000 00:00 0 
7fe90edff000-7fe90f0fd000 rw-p 00000000 00:00 0 
7fe90f0fd000-7fe90f2fd000 rw-p 00000000 00:00 0 
7fe90f2fd000-7fe90f300000 ---p 00000000 00:00 0 
7fe90f300000-7fe90f5fe000 rw-p 00000000 00:00 0 
7fe90f5fe000-7fe90f601000 ---p 00000000 00:00 0 
7fe90f601000-7fe90f8ff000 rw-p 00000000 00:00 0 
7fe90f8ff000-7fe90f902000 ---p 00000000 00:00 0 
7fe90f902000-7fe90fc00000 rw-p 00000000 00:00 0 
7fe90fc00000-7fe90fe00000 rw-p 00000000 00:00 0 
7fe90fe00000-7fe910000000 rw-p 00000000 00:00 0 
7fe910000000-7fe910021000 rw-p 00000000 00:00 0 
7fe910021000-7fe914000000 ---p 00000000 00:00 0 
7fe914000000-7fe91407c000 rw-p 00000000 00:00 0 
7fe91407c000-7fe918000000 ---p 00000000 00:00 0 
7fe918000000-7fe9182ec000 rw-p 00000000 00:00 0 
7fe9182ec000-7fe91c000000 ---p 00000000 00:00 0 
7fe91c000000-7fe91c021000 rw-p 00000000 00:00 0 
7fe91c021000-7fe920000000 ---p 00000000 00:00 0 
7fe920000000-7fe920021000 rw-p 00000000 00:00 0 
7fe920021000-7fe924000000 ---p 00000000 00:00 0 
7fe924000000-7fe924021000 rw-p 00000000 00:00 0 
7fe924021000-7fe928000000 ---p 00000000 00:00 0 
7fe928000000-7fe92849a000 rw-p 00000000 00:00 0 
7fe92849a000-7fe92c000000 ---p 00000000 00:00 0 
7fe92c000000-7fe92c021000 rw-p 00000000 00:00 0 
7fe92c021000-7fe930000000 ---p 00000000 00:00 0 
7fe930000000-7fe930056000 rw-p 00000000 00:00 0 
7fe930056000-7fe934000000 ---p 00000000 00:00 0 
7fe934000000-7fe934021000 rw-p 00000000 00:00 0 
7fe934021000-7fe938000000 ---p 00000000 00:00 0 
7fe938000000-7fe938021000 rw-p 00000000 00:00 0 
7fe938021000-7fe93c000000 ---p 00000000 00:00 0 
7fe93c000000-7fe93c021000 rw-p 00000000 00:00 0 
7fe93c021000-7fe940000000 ---p 00000000 00:00 0 
7fe940009000-7fe94000b000 r--p 00000000 08:02 10100684                   /usr/lib/x86_64-linux-gnu/libbz2.so.1.0.4
7fe94000b000-7fe940018000 r-xp 00002000 08:02 10100684                   /usr/lib/x86_64-linux-gnu/libbz2.so.1.0.4
7fe940018000-7fe94001a000 r--p 0000f000 08:02 10100684                   /usr/lib/x86_64-linux-gnu/libbz2.so.1.0.4
7fe94001a000-7fe94001b000 r--p 00010000 08:02 10100684                   /usr/lib/x86_64-linux-gnu/libbz2.so.1.0.4
7fe94001b000-7fe94001c000 rw-p 00011000 08:02 10100684                   /usr/lib/x86_64-linux-gnu/libbz2.so.1.0.4
7fe94001c000-7fe94001e000 r--p 00000000 08:02 10100565                   /usr/lib/x86_64-linux-gnu/libacl.so.1.1.2253
7fe94001e000-7fe940023000 r-xp 00002000 08:02 10100565                   /usr/lib/x86_64-linux-gnu/libacl.so.1.1.2253
7fe940023000-7fe940025000 r--p 00007000 08:02 10100565                   /usr/lib/x86_64-linux-gnu/libacl.so.1.1.2253
7fe940025000-7fe940026000 r--p 00008000 08:02 10100565                   /usr/lib/x86_64-linux-gnu/libacl.so.1.1.2253
7fe940026000-7fe940027000 rw-p 00009000 08:02 10100565                   /usr/lib/x86_64-linux-gnu/libacl.so.1.1.2253
7fe940027000-7fe940054000 r--p 00000000 08:02 10226974                   /usr/lib/jvm/java-8-openjdk-amd64/jre/lib/amd64/libawt.so
7fe940054000-7fe9400bc000 r-xp 0002d000 08:02 10226974                   /usr/lib/jvm/java-8-openjdk-amd64/jre/lib/amd64/libawt.so
7fe9400bc000-7fe9400c8000 r--p 00095000 08:02 10226974                   /usr/lib/jvm/java-8-openjdk-amd64/jre/lib/amd64/libawt.so
7fe9400c8000-7fe9400c9000 ---p 000a1000 08:02 10226974                   /usr/lib/jvm/java-8-openjdk-amd64/jre/lib/amd64/libawt.so
7fe9400c9000-7fe9400ca000 r--p 000a1000 08:02 10226974                   /usr/lib/jvm/java-8-openjdk-amd64/jre/lib/amd64/libawt.so
7fe9400ca000-7fe9400d5000 rw-p 000a2000 08:02 10226974                   /usr/lib/jvm/java-8-openjdk-amd64/jre/lib/amd64/libawt.so
7fe9400d5000-7fe9400fa000 rw-p 00000000 00:00 0 
7fe9400fa000-7fe9400fd000 ---p 00000000 00:00 0 
7fe9400fd000-7fe9403fb000 rw-p 00000000 00:00 0 
7fe9403fb000-7fe9403fe000 ---p 00000000 00:00 0 
7fe9403fe000-7fe9404fc000 rw-p 00000000 00:00 0 
7fe9404fc000-7fe9404ff000 ---p 00000000 00:00 0 
7fe9404ff000-7fe9405fd000 rw-p 00000000 00:00 0 
7fe9405fd000-7fe940600000 ---p 00000000 00:00 0 
7fe940600000-7fe9408fe000 rw-p 00000000 00:00 0 
7fe9408fe000-7fe940901000 ---p 00000000 00:00 0 
7fe940901000-7fe940bff000 rw-p 00000000 00:00 0 
7fe940bff000-7fe940dff000 rw-p 00000000 00:00 0 
7fe940dff000-7fe940fff000 rw-p 00000000 00:00 0 
7fe940fff000-7fe944000000 rw-p 00000000 00:00 0 
7fe944000000-7fe944021000 rw-p 00000000 00:00 0 
7fe944021000-7fe948000000 ---p 00000000 00:00 0 
7fe948000000-7fe948021000 rw-p 00000000 00:00 0 
7fe948021000-7fe94c000000 ---p 00000000 00:00 0 
7fe94c000000-7fe94c021000 rw-p 00000000 00:00 0 
7fe94c021000-7fe950000000 ---p 00000000 00:00 0 
7fe950000000-7fe950022000 rw-p 00000000 00:00 0 
7fe950022000-7fe954000000 ---p 00000000 00:00 0 
7fe954000000-7fe954021000 rw-p 00000000 00:00 0 
7fe954021000-7fe958000000 ---p 00000000 00:00 0 
7fe958000000-7fe958021000 rw-p 00000000 00:00 0 
7fe958021000-7fe95c000000 ---p 00000000 00:00 0 
7fe95c000000-7fe95c021000 rw-p 00000000 00:00 0 
7fe95c021000-7fe960000000 ---p 00000000 00:00 0 
7fe960004000-7fe96000d000 r--p 00000000 08:02 10101048                   /usr/lib/x86_64-linux-gnu/libgomp.so.1.0.0
7fe96000d000-7fe960032000 r-xp 00009000 08:02 10101048                   /usr/lib/x86_64-linux-gnu/libgomp.so.1.0.0
7fe960032000-7fe96003c000 r--p 0002e000 08:02 10101048                   /usr/lib/x86_64-linux-gnu/libgomp.so.1.0.0
7fe96003c000-7fe96003d000 r--p 00037000 08:02 10101048                   /usr/lib/x86_64-linux-gnu/libgomp.so.1.0.0
7fe96003d000-7fe96003e000 rw-p 00038000 08:02 10101048                   /usr/lib/x86_64-linux-gnu/libgomp.so.1.0.0
7fe960053000-7fe960056000 ---p 00000000 00:00 0 
7fe960056000-7fe96008c000 rw-p 00000000 00:00 0 
7fe96008c000-7fe96008f000 r--p 00000000 08:02 10226975                   /usr/lib/jvm/java-8-openjdk-amd64/jre/lib/amd64/libawt_headless.so
7fe96008f000-7fe960092000 r-xp 00003000 08:02 10226975                   /usr/lib/jvm/java-8-openjdk-amd64/jre/lib/amd64/libawt_headless.so
7fe960092000-7fe960094000 r--p 00006000 08:02 10226975                   /usr/lib/jvm/java-8-openjdk-amd64/jre/lib/amd64/libawt_headless.so
7fe960094000-7fe960095000 r--p 00007000 08:02 10226975                   /usr/lib/jvm/java-8-openjdk-amd64/jre/lib/amd64/libawt_headless.so
7fe960095000-7fe960096000 rw-p 00008000 08:02 10226975                   /usr/lib/jvm/java-8-openjdk-amd64/jre/lib/amd64/libawt_headless.so
7fe960096000-7fe96009d000 r--p 00000000 08:02 10227001                   /usr/lib/jvm/java-8-openjdk-amd64/jre/lib/amd64/libsunec.so
7fe96009d000-7fe9600b6000 r-xp 00007000 08:02 10227001                   /usr/lib/jvm/java-8-openjdk-amd64/jre/lib/amd64/libsunec.so
7fe9600b6000-7fe9600c0000 r--p 00020000 08:02 10227001                   /usr/lib/jvm/java-8-openjdk-amd64/jre/lib/amd64/libsunec.so
7fe9600c0000-7fe9600c4000 r--p 00029000 08:02 10227001                   /usr/lib/jvm/java-8-openjdk-amd64/jre/lib/amd64/libsunec.so
7fe9600c4000-7fe9600c5000 rw-p 0002d000 08:02 10227001                   /usr/lib/jvm/java-8-openjdk-amd64/jre/lib/amd64/libsunec.so
7fe9600c5000-7fe9600c7000 r--s 00016000 08:02 10227034                   /usr/lib/jvm/java-8-openjdk-amd64/jre/lib/jce.jar
7fe9600c7000-7fe9600ca000 ---p 00000000 00:00 0 
7fe9600ca000-7fe9603c8000 rw-p 00000000 00:00 0 
7fe9603c8000-7fe9603c9000 ---p 00000000 00:00 0 
7fe9603c9000-7fe9604c9000 rw-p 00000000 00:00 0 
7fe9604c9000-7fe9604cc000 ---p 00000000 00:00 0 
7fe9604cc000-7fe9605ca000 rw-p 00000000 00:00 0 
7fe9605ca000-7fe9605cf000 r--s 000a3000 08:02 10227036                   /usr/lib/jvm/java-8-openjdk-amd64/jre/lib/jsse.jar
7fe9605cf000-7fe9605d3000 r--p 00000000 08:02 10226994                   /usr/lib/jvm/java-8-openjdk-amd64/jre/lib/amd64/libmanagement.so
7fe9605d3000-7fe9605d7000 r-xp 00004000 08:02 10226994                   /usr/lib/jvm/java-8-openjdk-amd64/jre/lib/amd64/libmanagement.so
7fe9605d7000-7fe9605d9000 r--p 00008000 08:02 10226994                   /usr/lib/jvm/java-8-openjdk-amd64/jre/lib/amd64/libmanagement.so
7fe9605d9000-7fe9605da000 r--p 00009000 08:02 10226994                   /usr/lib/jvm/java-8-openjdk-amd64/jre/lib/amd64/libmanagement.so
7fe9605da000-7fe9605db000 rw-p 0000a000 08:02 10226994                   /usr/lib/jvm/java-8-openjdk-amd64/jre/lib/amd64/libmanagement.so
7fe9605db000-7fe9605de000 ---p 00000000 00:00 0 
7fe9605de000-7fe9606dc000 rw-p 00000000 00:00 0 
7fe9606dc000-7fe9606dd000 ---p 00000000 00:00 0 
7fe9606dd000-7fe9606e0000 ---p 00000000 00:00 0 
7fe9606e0000-7fe9607dd000 rw-p 00000000 00:00 0 
7fe9607dd000-7fe9607de000 ---p 00000000 00:00 0 
7fe9607de000-7fe9607e1000 ---p 00000000 00:00 0 
7fe9607e1000-7fe9608de000 rw-p 00000000 00:00 0 
7fe9608de000-7fe9608df000 ---p 00000000 00:00 0 
7fe9608df000-7fe9608e2000 ---p 00000000 00:00 0 
7fe9608e2000-7fe9609df000 rw-p 00000000 00:00 0 
7fe9609df000-7fe9609e2000 ---p 00000000 00:00 0 
7fe9609e2000-7fe960ae0000 rw-p 00000000 00:00 0 
7fe960ae0000-7fe960ae4000 r--p 00000000 08:02 10226996                   /usr/lib/jvm/java-8-openjdk-amd64/jre/lib/amd64/libnet.so
7fe960ae4000-7fe960af4000 r-xp 00004000 08:02 10226996                   /usr/lib/jvm/java-8-openjdk-amd64/jre/lib/amd64/libnet.so
7fe960af4000-7fe960af8000 r--p 00014000 08:02 10226996                   /usr/lib/jvm/java-8-openjdk-amd64/jre/lib/amd64/libnet.so
7fe960af8000-7fe960af9000 r--p 00017000 08:02 10226996                   /usr/lib/jvm/java-8-openjdk-amd64/jre/lib/amd64/libnet.so
7fe960af9000-7fe960afa000 rw-p 00018000 08:02 10226996                   /usr/lib/jvm/java-8-openjdk-amd64/jre/lib/amd64/libnet.so
7fe960afa000-7fe960b01000 r--p 00000000 08:02 10226997                   /usr/lib/jvm/java-8-openjdk-amd64/jre/lib/amd64/libnio.so
7fe960b01000-7fe960b0a000 r-xp 00007000 08:02 10226997                   /usr/lib/jvm/java-8-openjdk-amd64/jre/lib/amd64/libnio.so
7fe960b0a000-7fe960b0d000 r--p 00010000 08:02 10226997                   /usr/lib/jvm/java-8-openjdk-amd64/jre/lib/amd64/libnio.so
7fe960b0d000-7fe960b0e000 r--p 00012000 08:02 10226997                   /usr/lib/jvm/java-8-openjdk-amd64/jre/lib/amd64/libnio.so
7fe960b0e000-7fe960b0f000 rw-p 00013000 08:02 10226997                   /usr/lib/jvm/java-8-openjdk-amd64/jre/lib/amd64/libnio.so
7fe960b0f000-7fe960b12000 r--s 0001a000 07:0d 616                        /snap/intellij-idea-ultimate/217/lib/idea_rt.jar
7fe960b12000-7fe960b13000 r--s 00005000 08:02 4195459                    /home/george/.m2/repository/org/springframework/spring-jcl/5.2.4.RELEASE/spring-jcl-5.2.4.RELEASE.jar
7fe960b13000-7fe960b2f000 r--s 00145000 08:02 4195440                    /home/george/.m2/repository/org/springframework/spring-core/5.2.4.RELEASE/spring-core-5.2.4.RELEASE.jar
7fe960b2f000-7fe960b31000 r--s 00004000 08:02 3152374                    /home/george/.m2/repository/org/slf4j/log4j-over-slf4j/1.7.30/log4j-over-slf4j-1.7.30.jar
7fe960b31000-7fe960b33000 r--s 00003000 08:02 3152372                    /home/george/.m2/repository/org/slf4j/jcl-over-slf4j/1.7.30/jcl-over-slf4j-1.7.30.jar
7fe960b33000-7fe960b35000 r--s 00000000 08:02 3152306                    /home/george/.m2/repository/org/slf4j/jul-to-slf4j/1.7.30/jul-to-slf4j-1.7.30.jar
7fe960b35000-7fe960b40000 r--s 00069000 08:02 1709704                    /home/george/.m2/repository/ch/qos/logback/logback-core/1.2.3/logback-core-1.2.3.jar
7fe960b40000-7fe960b46000 r--s 00041000 08:02 1709710                    /home/george/.m2/repository/ch/qos/logback/logback-classic/1.2.3/logback-classic-1.2.3.jar
7fe960b46000-7fe960b48000 r--s 0000d000 08:02 2755337                    /home/george/.m2/repository/org/jboss/logging/jboss-logging/3.4.1.Final/jboss-logging-3.4.1.Final.jar
7fe960b48000-7fe960b4c000 r--s 00020000 08:02 3152370                    /home/george/.m2/repository/org/jboss/jboss-vfs/3.2.14.Final/jboss-vfs-3.2.14.Final.jar
7fe960b4c000-7fe960b51000 r--s 0034f000 08:02 3152368                    /home/george/.m2/repository/net/sourceforge/lept4j/lept4j/1.12.3/lept4j-1.12.3.jar
7fe960b51000-7fe960b55000 r--s 00031000 08:02 2885756                    /home/george/.m2/repository/commons-io/commons-io/2.6/commons-io-2.6.jar
7fe960b55000-7fe960b59000 r--s 00022000 08:02 14421229                   /home/george/.m2/repository/org/apache/pdfbox/jbig2-imageio/3.0.2/jbig2-imageio-3.0.2.jar
7fe960b59000-7fe960b5d000 r--s 00039000 08:02 14421227                   /home/george/.m2/repository/org/apache/pdfbox/pdfbox-debugger/2.0.17/pdfbox-debugger-2.0.17.jar
7fe960b5d000-7fe960b5f000 r--s 00012000 08:02 14421225                   /home/george/.m2/repository/org/apache/pdfbox/pdfbox-tools/2.0.17/pdfbox-tools-2.0.17.jar
7fe960b5f000-7fe960b61000 r--s 0000e000 08:02 2885752                    /home/george/.m2/repository/commons-logging/commons-logging/1.2/commons-logging-1.2.jar
7fe960b61000-7fe960b68000 r--s 00176000 08:02 14421223                   /home/george/.m2/repository/org/apache/pdfbox/fontbox/2.0.17/fontbox-2.0.17.jar
7fe960b68000-7fe960b7f000 r--s 0027a000 08:02 14290088                   /home/george/.m2/repository/org/apache/pdfbox/pdfbox/2.0.17/pdfbox-2.0.17.jar
7fe960b7f000-7fe960b8b000 r--s 00108000 08:02 13899954                   /home/george/.m2/repository/com/lowagie/itext/2.1.7/itext-2.1.7.jar
7fe960b8b000-7fe960b95000 r--s 00081000 08:02 14290086                   /home/george/.m2/repository/org/apache/xmlgraphics/xmlgraphics-commons/1.4/xmlgraphics-commons-1.4.jar
7fe960b95000-7fe960ba3000 r--s 0007f000 08:02 2624055                    /home/george/.m2/repository/commons-collections/commons-collections/3.2.1/commons-collections-3.2.1.jar
7fe960ba3000-7fe960ba8000 r--s 00035000 08:02 3152364                    /home/george/.m2/repository/commons-beanutils/commons-beanutils/1.9.2/commons-beanutils-1.9.2.jar
7fe960ba8000-7fe960bb1000 r--s 0006f000 08:02 3152362                    /home/george/.m2/repository/log4j/log4j/1.2.17/log4j-1.2.17.jar
7fe960bb1000-7fe960bb6000 r--s 00028000 08:02 13767938                   /home/george/.m2/repository/org/ghost4j/ghost4j/1.0.1/ghost4j-1.0.1.jar
7fe960bb6000-7fe960bc1000 r--s 0008f000 08:02 13899956                   /home/george/.m2/repository/com/github/jai-imageio/jai-imageio-core/1.4.0/jai-imageio-core-1.4.0.jar
7fe960bc1000-7fe960bc5000 r--s 00167000 08:02 3020353                    /home/george/.m2/repository/net/java/dev/jna/jna/4.5.2/jna-4.5.2.jar
7fe960bc5000-7fe960bc8000 r--s 0083f000 08:02 2362240                    /home/george/.m2/repository/net/sourceforge/tess4j/tess4j/4.4.1/tess4j-4.4.1.jar
7fe960bc8000-7fe960bcd000 r--s 00028000 08:02 14551637                   /home/george/.m2/repository/org/springframework/spring-context-support/5.2.4.RELEASE/spring-context-support-5.2.4.RELEASE.jar
7fe960bcd000-7fe960bea000 r--s 00167000 08:02 14421110                   /home/george/.m2/repository/org/freemarker/freemarker/2.3.29/freemarker-2.3.29.jar
7fe960bea000-7fe960beb000 r--s 00000000 08:02 14551639                   /home/george/.m2/repository/org/springframework/boot/spring-boot-starter-freemarker/2.2.5.RELEASE/spring-boot-starter-freemarker-2.2.5.RELEASE.jar
7fe960beb000-7fe960bf5000 r--s 00052000 08:02 4195471                    /home/george/.m2/repository/org/springframework/spring-aop/5.2.4.RELEASE/spring-aop-5.2.4.RELEASE.jar
7fe960bf5000-7fe960c07000 r--s 000d6000 08:02 4195456                    /home/george/.m2/repository/org/springframework/spring-webmvc/5.2.4.RELEASE/spring-webmvc-5.2.4.RELEASE.jar
7fe960c07000-7fe960c24000 r--s 00142000 08:02 4195444                    /home/george/.m2/repository/org/springframework/spring-web/5.2.4.RELEASE/spring-web-5.2.4.RELEASE.jar
7fe960c24000-7fe960c26000 r--s 0000f000 08:02 14289990                   /home/george/.m2/repository/com/fasterxml/classmate/1.5.1/classmate-1.5.1.jar
7fe960c26000-7fe960c43000 r--s 000fe000 08:02 2755321                    /home/george/.m2/repository/org/hibernate/validator/hibernate-validator/6.0.18.Final/hibernate-validator-6.0.18.Final.jar
7fe960c43000-7fe960c48000 r--s 00012000 08:02 14418059                   /home/george/.m2/repository/jakarta/validation/jakarta.validation-api/2.0.2/jakarta.validation-api-2.0.2.jar
7fe960c48000-7fe960c49000 r--s 00000000 08:02 14418057                   /home/george/.m2/repository/org/springframework/boot/spring-boot-starter-validation/2.2.5.RELEASE/spring-boot-starter-validation-2.2.5.RELEASE.jar
7fe960c49000-7fe960c4e000 r--s 0003c000 08:02 3014984                    /home/george/.m2/repository/org/apache/tomcat/embed/tomcat-embed-websocket/9.0.31/tomcat-embed-websocket-9.0.31.jar
7fe960c4e000-7fe960c52000 r--s 0003a000 08:02 3014982                    /home/george/.m2/repository/org/apache/tomcat/embed/tomcat-embed-el/9.0.31/tomcat-embed-el-9.0.31.jar
7fe960c52000-7fe960c7d000 r--s 00304000 08:02 1574626                    /home/george/.m2/repository/org/apache/tomcat/embed/tomcat-embed-core/9.0.31/tomcat-embed-core-9.0.31.jar
7fe960c7d000-7fe960c7e000 r--s 00000000 08:02 3014980                    /home/george/.m2/repository/org/springframework/boot/spring-boot-starter-tomcat/2.2.5.RELEASE/spring-boot-starter-tomcat-2.2.5.RELEASE.jar
7fe960c7e000-7fe960c80000 r--s 00001000 08:02 2885980                    /home/george/.m2/repository/com/fasterxml/jackson/module/jackson-module-parameter-names/2.10.2/jackson-module-parameter-names-2.10.2.jar
7fe960c80000-7fe960c83000 r--s 00017000 08:02 2885981                    /home/george/.m2/repository/com/fasterxml/jackson/datatype/jackson-datatype-jsr310/2.10.2/jackson-datatype-jsr310-2.10.2.jar
7fe960c83000-7fe960c85000 r--s 00007000 08:02 2756258                    /home/george/.m2/repository/com/fasterxml/jackson/datatype/jackson-datatype-jdk8/2.10.2/jackson-datatype-jdk8-2.10.2.jar
7fe960c85000-7fe960c8a000 r--s 00051000 08:02 4195463                    /home/george/.m2/repository/com/fasterxml/jackson/core/jackson-core/2.10.2/jackson-core-2.10.2.jar
7fe960c8a000-7fe960c8d000 r--s 0000e000 08:02 4195424                    /home/george/.m2/repository/com/fasterxml/jackson/core/jackson-annotations/2.10.2/jackson-annotations-2.10.2.jar
7fe960c8d000-7fe960ca2000 r--s 00142000 08:02 4195461                    /home/george/.m2/repository/com/fasterxml/jackson/core/jackson-databind/2.10.2/jackson-databind-2.10.2.jar
7fe960ca2000-7fe960ca3000 r--s 00000000 08:02 2756261                    /home/george/.m2/repository/org/springframework/boot/spring-boot-starter-json/2.2.5.RELEASE/spring-boot-starter-json-2.2.5.RELEASE.jar
7fe960ca3000-7fe960ca4000 r--s 00000000 08:02 2624749                    /home/george/.m2/repository/org/springframework/boot/spring-boot-starter-web/2.2.5.RELEASE/spring-boot-starter-web-2.2.5.RELEASE.jar
7fe960ca4000-7fe960ca6000 r--s 00009000 08:02 3152314                    /home/george/.m2/repository/org/slf4j/slf4j-api/1.7.30/slf4j-api-1.7.30.jar
7fe960ca6000-7fe960cbf000 r--s 00110000 08:02 4195439                    /home/george/.m2/repository/org/springframework/data/spring-data-commons/2.2.5.RELEASE/spring-data-commons-2.2.5.RELEASE.jar
7fe960cbf000-7fe960cc4000 r--s 00040000 08:02 4195475                    /home/george/.m2/repository/org/springframework/spring-expression/5.2.4.RELEASE/spring-expression-5.2.4.RELEASE.jar
7fe960cc4000-7fe960cd1000 r--s 0009b000 08:02 4195473                    /home/george/.m2/repository/org/springframework/spring-beans/5.2.4.RELEASE/spring-beans-5.2.4.RELEASE.jar
7fe960cd1000-7fe960ced000 r--s 0010f000 08:02 4195447                    /home/george/.m2/repository/org/springframework/spring-context/5.2.4.RELEASE/spring-context-5.2.4.RELEASE.jar
7fe960ced000-7fe960cf6000 r--s 00044000 08:02 4195437                    /home/george/.m2/repository/org/springframework/spring-tx/5.2.4.RELEASE/spring-tx-5.2.4.RELEASE.jar
7fe960cf6000-7fe960d1b000 r--s 00189000 08:02 4195435                    /home/george/.m2/repository/org/springframework/data/spring-data-mongodb/2.2.5.RELEASE/spring-data-mongodb-2.2.5.RELEASE.jar
7fe960d1b000-7fe960d38000 r--s 00142000 08:02 2235377                    /home/george/.m2/repository/org/mongodb/mongodb-driver-core/3.11.2/mongodb-driver-core-3.11.2.jar
7fe960d38000-7fe960d41000 r--s 00070000 08:02 2103053                    /home/george/.m2/repository/org/mongodb/bson/3.11.2/bson-3.11.2.jar
7fe960d41000-7fe960d48000 r--s 00055000 08:02 1970796                    /home/george/.m2/repository/org/mongodb/mongodb-driver/3.11.2/mongodb-driver-3.11.2.jar
7fe960d48000-7fe960d4f000 r--s 00044000 08:02 1842646                    /home/george/.m2/repository/org/yaml/snakeyaml/1.25/snakeyaml-1.25.jar
7fe960d4f000-7fe960d51000 r--s 00005000 08:02 14027949                   /home/george/.m2/repository/jakarta/annotation/jakarta.annotation-api/1.3.5/jakarta.annotation-api-1.3.5.jar
7fe960d51000-7fe960d57000 r--s 0003e000 08:02 2755294                    /home/george/.m2/repository/org/apache/logging/log4j/log4j-api/2.12.1/log4j-api-2.12.1.jar
7fe960d57000-7fe960d59000 r--s 00003000 08:02 2755297                    /home/george/.m2/repository/org/apache/logging/log4j/log4j-to-slf4j/2.12.1/log4j-to-slf4j-2.12.1.jar
7fe960d59000-7fe960d5a000 r--s 00000000 08:02 4195433                    /home/george/.m2/repository/org/springframework/boot/spring-boot-starter-logging/2.2.5.RELEASE/spring-boot-starter-logging-2.2.5.RELEASE.jar
7fe960d5a000-7fe960d82000 r--s 0012c000 08:02 4195455                    /home/george/.m2/repository/org/springframework/boot/spring-boot-autoconfigure/2.2.5.RELEASE/spring-boot-autoconfigure-2.2.5.RELEASE.jar
7fe960d82000-7fe960d99000 r--s 000e9000 08:02 4195430                    /home/george/.m2/repository/org/springframework/boot/spring-boot/2.2.5.RELEASE/spring-boot-2.2.5.RELEASE.jar
7fe960d99000-7fe960d9a000 r--s 00000000 08:02 4195451                    /home/george/.m2/repository/org/springframework/boot/spring-boot-starter/2.2.5.RELEASE/spring-boot-starter-2.2.5.RELEASE.jar
7fe960d9a000-7fe960dad000 r--s 00346000 08:02 10227040                   /usr/lib/jvm/java-8-openjdk-amd64/jre/lib/resources.jar
7fe960dad000-7fe960db2000 r--s 000a3000 08:02 10227036                   /usr/lib/jvm/java-8-openjdk-amd64/jre/lib/jsse.jar
7fe960db2000-7fe960db7000 r--s 002f9000 08:02 10227007                   /usr/lib/jvm/java-8-openjdk-amd64/jre/lib/charsets.jar
7fe960db7000-7fe960dd2000 r--s 001d6000 08:02 10227020                   /usr/lib/jvm/java-8-openjdk-amd64/jre/lib/ext/nashorn.jar
7fe960dd2000-7fe960ddc000 r--s 00116000 08:02 10227019                   /usr/lib/jvm/java-8-openjdk-amd64/jre/lib/ext/localedata.jar
7fe960ddc000-7fe960df7000 r--s 00394000 08:02 10227015                   /usr/lib/jvm/java-8-openjdk-amd64/jre/lib/ext/cldrdata.jar
7fe960df7000-7fe960dfa000 ---p 00000000 00:00 0 
7fe960dfa000-7fe960ef8000 rw-p 00000000 00:00 0 
7fe960ef8000-7fe96172c000 r--p 00000000 08:02 10093014                   /usr/lib/locale/locale-archive
7fe96172c000-7fe96172f000 ---p 00000000 00:00 0 
7fe96172f000-7fe96182d000 rw-p 00000000 00:00 0 
7fe96182d000-7fe961830000 ---p 00000000 00:00 0 
7fe961830000-7fe96192e000 rw-p 00000000 00:00 0 
7fe96192e000-7fe96192f000 ---p 00000000 00:00 0 
7fe96192f000-7fe96298c000 rw-p 00000000 00:00 0 
7fe96298c000-7fe962b5c000 r--s 03c68000 08:02 10227041                   /usr/lib/jvm/java-8-openjdk-amd64/jre/lib/rt.jar
7fe962b5c000-7fe96fa82000 rw-p 00000000 00:00 0 
7fe96fa82000-7fe96fa83000 ---p 00000000 00:00 0 
7fe96fa83000-7fe96fb83000 rw-p 00000000 00:00 0 
7fe96fb83000-7fe96fb84000 ---p 00000000 00:00 0 
7fe96fb84000-7fe96fd01000 rw-p 00000000 00:00 0 
7fe96fd01000-7fe97044f000 ---p 00000000 00:00 0 
7fe97044f000-7fe9704cc000 rw-p 00000000 00:00 0 
7fe9704cc000-7fe970c19000 ---p 00000000 00:00 0 
7fe970c19000-7fe970cb1000 rw-p 00000000 00:00 0 
7fe970cb1000-7fe970fff000 ---p 00000000 00:00 0 
7fe970fff000-7fe971000000 rw-p 00000000 00:00 0 
7fe971000000-7fe971710000 rwxp 00000000 00:00 0 
7fe971710000-7fe980000000 ---p 00000000 00:00 0 
7fe980000000-7fe980ef3000 rw-p 00000000 00:00 0 
7fe980ef3000-7fe984000000 ---p 00000000 00:00 0 
7fe984000000-7fe984001000 r--s 00000000 08:02 4195429                    /home/george/.m2/repository/org/springframework/boot/spring-boot-starter-data-mongodb/2.2.5.RELEASE/spring-boot-starter-data-mongodb-2.2.5.RELEASE.jar
7fe984001000-7fe984002000 r--s 00000000 08:02 10227038                   /usr/lib/jvm/java-8-openjdk-amd64/jre/lib/management-agent.jar
7fe984002000-7fe984004000 r--s 00016000 08:02 10227034                   /usr/lib/jvm/java-8-openjdk-amd64/jre/lib/jce.jar
7fe984004000-7fe984006000 r--s 0000c000 08:02 10881090                   /usr/share/java/java-atk-wrapper.jar
7fe984006000-7fe98400b000 r--s 0003d000 08:02 10227022                   /usr/lib/jvm/java-8-openjdk-amd64/jre/lib/ext/sunjce_provider.jar
7fe98400b000-7fe98400e000 r--s 0000f000 08:02 10227017                   /usr/lib/jvm/java-8-openjdk-amd64/jre/lib/ext/icedtea-sound.jar
7fe98400e000-7fe98400f000 r--s 0000a000 08:02 10227018                   /usr/lib/jvm/java-8-openjdk-amd64/jre/lib/ext/jaccess.jar
7fe98400f000-7fe984011000 r--s 00001000 08:02 10227016                   /usr/lib/jvm/java-8-openjdk-amd64/jre/lib/ext/dnsns.jar
7fe984011000-7fe984015000 r--s 0003a000 08:02 10227023                   /usr/lib/jvm/java-8-openjdk-amd64/jre/lib/ext/sunpkcs11.jar
7fe984015000-7fe9840e5000 rw-p 00000000 00:00 0 
7fe9840e5000-7fe9840e6000 ---p 00000000 00:00 0 
7fe9840e6000-7fe9841e6000 rw-p 00000000 00:00 0 
7fe9841e6000-7fe9841e7000 ---p 00000000 00:00 0 
7fe9841e7000-7fe984304000 rw-p 00000000 00:00 0 
7fe984304000-7fe9846a7000 ---p 00000000 00:00 0 
7fe9846a7000-7fe9846aa000 r--p 00000000 08:02 10096250                   /usr/lib/x86_64-linux-gnu/libnss_files-2.30.so
7fe9846aa000-7fe9846b1000 r-xp 00003000 08:02 10096250                   /usr/lib/x86_64-linux-gnu/libnss_files-2.30.so
7fe9846b1000-7fe9846b3000 r--p 0000a000 08:02 10096250                   /usr/lib/x86_64-linux-gnu/libnss_files-2.30.so
7fe9846b3000-7fe9846b4000 r--p 0000b000 08:02 10096250                   /usr/lib/x86_64-linux-gnu/libnss_files-2.30.so
7fe9846b4000-7fe9846b5000 rw-p 0000c000 08:02 10096250                   /usr/lib/x86_64-linux-gnu/libnss_files-2.30.so
7fe9846b5000-7fe9846bb000 rw-p 00000000 00:00 0 
7fe9846bb000-7fe9846bc000 r--s 0000d000 08:02 10227021                   /usr/lib/jvm/java-8-openjdk-amd64/jre/lib/ext/sunec.jar
7fe9846bc000-7fe9846bf000 r--p 00000000 08:02 10227004                   /usr/lib/jvm/java-8-openjdk-amd64/jre/lib/amd64/libzip.so
7fe9846bf000-7fe9846c4000 r-xp 00003000 08:02 10227004                   /usr/lib/jvm/java-8-openjdk-amd64/jre/lib/amd64/libzip.so
7fe9846c4000-7fe9846c6000 r--p 00008000 08:02 10227004                   /usr/lib/jvm/java-8-openjdk-amd64/jre/lib/amd64/libzip.so
7fe9846c6000-7fe9846c7000 r--p 00009000 08:02 10227004                   /usr/lib/jvm/java-8-openjdk-amd64/jre/lib/amd64/libzip.so
7fe9846c7000-7fe9846c8000 rw-p 0000a000 08:02 10227004                   /usr/lib/jvm/java-8-openjdk-amd64/jre/lib/amd64/libzip.so
7fe9846c8000-7fe9846d0000 rw-s 00000000 08:02 4325683                    /tmp/hsperfdata_george/5383
7fe9846d0000-7fe9846d2000 r--p 00000000 08:02 10226980                   /usr/lib/jvm/java-8-openjdk-amd64/jre/lib/amd64/libinstrument.so
7fe9846d2000-7fe9846d9000 r-xp 00002000 08:02 10226980                   /usr/lib/jvm/java-8-openjdk-amd64/jre/lib/amd64/libinstrument.so
7fe9846d9000-7fe9846dc000 r--p 00009000 08:02 10226980                   /usr/lib/jvm/java-8-openjdk-amd64/jre/lib/amd64/libinstrument.so
7fe9846dc000-7fe9846dd000 r--p 0000b000 08:02 10226980                   /usr/lib/jvm/java-8-openjdk-amd64/jre/lib/amd64/libinstrument.so
7fe9846dd000-7fe9846de000 rw-p 0000c000 08:02 10226980                   /usr/lib/jvm/java-8-openjdk-amd64/jre/lib/amd64/libinstrument.so
7fe9846de000-7fe9846eb000 r--p 00000000 08:02 10226985                   /usr/lib/jvm/java-8-openjdk-amd64/jre/lib/amd64/libjava.so
7fe9846eb000-7fe984703000 r-xp 0000d000 08:02 10226985                   /usr/lib/jvm/java-8-openjdk-amd64/jre/lib/amd64/libjava.so
7fe984703000-7fe98470a000 r--p 00025000 08:02 10226985                   /usr/lib/jvm/java-8-openjdk-amd64/jre/lib/amd64/libjava.so
7fe98470a000-7fe98470b000 r--p 0002b000 08:02 10226985                   /usr/lib/jvm/java-8-openjdk-amd64/jre/lib/amd64/libjava.so
7fe98470b000-7fe98470d000 rw-p 0002c000 08:02 10226985                   /usr/lib/jvm/java-8-openjdk-amd64/jre/lib/amd64/libjava.so
7fe98470d000-7fe984710000 r--p 00000000 08:02 10096257                   /usr/lib/x86_64-linux-gnu/librt-2.30.so
7fe984710000-7fe984714000 r-xp 00003000 08:02 10096257                   /usr/lib/x86_64-linux-gnu/librt-2.30.so
7fe984714000-7fe984716000 r--p 00007000 08:02 10096257                   /usr/lib/x86_64-linux-gnu/librt-2.30.so
7fe984716000-7fe984717000 r--p 00008000 08:02 10096257                   /usr/lib/x86_64-linux-gnu/librt-2.30.so
7fe984717000-7fe984718000 rw-p 00009000 08:02 10096257                   /usr/lib/x86_64-linux-gnu/librt-2.30.so
7fe984718000-7fe984719000 ---p 00000000 00:00 0 
7fe984719000-7fe98471c000 ---p 00000000 00:00 0 
7fe98471c000-7fe984819000 rw-p 00000000 00:00 0 
7fe984819000-7fe98481c000 r--p 00000000 08:02 10100966                   /usr/lib/x86_64-linux-gnu/libgcc_s.so.1
7fe98481c000-7fe98482d000 r-xp 00003000 08:02 10100966                   /usr/lib/x86_64-linux-gnu/libgcc_s.so.1
7fe98482d000-7fe984831000 r--p 00014000 08:02 10100966                   /usr/lib/x86_64-linux-gnu/libgcc_s.so.1
7fe984831000-7fe984832000 r--p 00017000 08:02 10100966                   /usr/lib/x86_64-linux-gnu/libgcc_s.so.1
7fe984832000-7fe984833000 rw-p 00018000 08:02 10100966                   /usr/lib/x86_64-linux-gnu/libgcc_s.so.1
7fe984833000-7fe984842000 r--p 00000000 08:02 10096244                   /usr/lib/x86_64-linux-gnu/libm-2.30.so
7fe984842000-7fe9848e9000 r-xp 0000f000 08:02 10096244                   /usr/lib/x86_64-linux-gnu/libm-2.30.so
7fe9848e9000-7fe984980000 r--p 000b6000 08:02 10096244                   /usr/lib/x86_64-linux-gnu/libm-2.30.so
7fe984980000-7fe984981000 r--p 0014c000 08:02 10096244                   /usr/lib/x86_64-linux-gnu/libm-2.30.so
7fe984981000-7fe984982000 rw-p 0014d000 08:02 10096244                   /usr/lib/x86_64-linux-gnu/libm-2.30.so
7fe984982000-7fe984a18000 r--p 00000000 08:02 10101770                   /usr/lib/x86_64-linux-gnu/libstdc++.so.6.0.28
7fe984a18000-7fe984b15000 r-xp 00096000 08:02 10101770                   /usr/lib/x86_64-linux-gnu/libstdc++.so.6.0.28
7fe984b15000-7fe984b5f000 r--p 00193000 08:02 10101770                   /usr/lib/x86_64-linux-gnu/libstdc++.so.6.0.28
7fe984b5f000-7fe984b6a000 r--p 001dc000 08:02 10101770                   /usr/lib/x86_64-linux-gnu/libstdc++.so.6.0.28
7fe984b6a000-7fe984b6d000 rw-p 001e7000 08:02 10101770                   /usr/lib/x86_64-linux-gnu/libstdc++.so.6.0.28
7fe984b6d000-7fe984b70000 rw-p 00000000 00:00 0 
7fe984b70000-7fe984d60000 r--p 00000000 08:02 10227006                   /usr/lib/jvm/java-8-openjdk-amd64/jre/lib/amd64/server/libjvm.so
7fe984d60000-7fe9855c9000 r-xp 001f0000 08:02 10227006                   /usr/lib/jvm/java-8-openjdk-amd64/jre/lib/amd64/server/libjvm.so
7fe9855c9000-7fe985766000 r--p 00a59000 08:02 10227006                   /usr/lib/jvm/java-8-openjdk-amd64/jre/lib/amd64/server/libjvm.so
7fe985766000-7fe985767000 ---p 00bf6000 08:02 10227006                   /usr/lib/jvm/java-8-openjdk-amd64/jre/lib/amd64/server/libjvm.so
7fe985767000-7fe9857fb000 r--p 00bf6000 08:02 10227006                   /usr/lib/jvm/java-8-openjdk-amd64/jre/lib/amd64/server/libjvm.so
7fe9857fb000-7fe985824000 rw-p 00c8a000 08:02 10227006                   /usr/lib/jvm/java-8-openjdk-amd64/jre/lib/amd64/server/libjvm.so
7fe985824000-7fe985856000 rw-p 00000000 00:00 0 
7fe985856000-7fe98585d000 r--p 00000000 08:02 10096255                   /usr/lib/x86_64-linux-gnu/libpthread-2.30.so
7fe98585d000-7fe98586e000 r-xp 00007000 08:02 10096255                   /usr/lib/x86_64-linux-gnu/libpthread-2.30.so
7fe98586e000-7fe985873000 r--p 00018000 08:02 10096255                   /usr/lib/x86_64-linux-gnu/libpthread-2.30.so
7fe985873000-7fe985874000 r--p 0001c000 08:02 10096255                   /usr/lib/x86_64-linux-gnu/libpthread-2.30.so
7fe985874000-7fe985875000 rw-p 0001d000 08:02 10096255                   /usr/lib/x86_64-linux-gnu/libpthread-2.30.so
7fe985875000-7fe985879000 rw-p 00000000 00:00 0 
7fe985879000-7fe98587a000 r--p 00000000 08:02 10096243                   /usr/lib/x86_64-linux-gnu/libdl-2.30.so
7fe98587a000-7fe98587c000 r-xp 00001000 08:02 10096243                   /usr/lib/x86_64-linux-gnu/libdl-2.30.so
7fe98587c000-7fe98587d000 r--p 00003000 08:02 10096243                   /usr/lib/x86_64-linux-gnu/libdl-2.30.so
7fe98587d000-7fe98587e000 r--p 00003000 08:02 10096243                   /usr/lib/x86_64-linux-gnu/libdl-2.30.so
7fe98587e000-7fe98587f000 rw-p 00004000 08:02 10096243                   /usr/lib/x86_64-linux-gnu/libdl-2.30.so
7fe98587f000-7fe985881000 r--p 00000000 08:02 10102022                   /usr/lib/x86_64-linux-gnu/libz.so.1.2.11
7fe985881000-7fe985892000 r-xp 00002000 08:02 10102022                   /usr/lib/x86_64-linux-gnu/libz.so.1.2.11
7fe985892000-7fe985898000 r--p 00013000 08:02 10102022                   /usr/lib/x86_64-linux-gnu/libz.so.1.2.11
7fe985898000-7fe985899000 ---p 00019000 08:02 10102022                   /usr/lib/x86_64-linux-gnu/libz.so.1.2.11
7fe985899000-7fe98589a000 r--p 00019000 08:02 10102022                   /usr/lib/x86_64-linux-gnu/libz.so.1.2.11
7fe98589a000-7fe98589b000 rw-p 0001a000 08:02 10102022                   /usr/lib/x86_64-linux-gnu/libz.so.1.2.11
7fe98589b000-7fe9858c0000 r--p 00000000 08:02 10096241                   /usr/lib/x86_64-linux-gnu/libc-2.30.so
7fe9858c0000-7fe985a38000 r-xp 00025000 08:02 10096241                   /usr/lib/x86_64-linux-gnu/libc-2.30.so
7fe985a38000-7fe985a82000 r--p 0019d000 08:02 10096241                   /usr/lib/x86_64-linux-gnu/libc-2.30.so
7fe985a82000-7fe985a85000 r--p 001e6000 08:02 10096241                   /usr/lib/x86_64-linux-gnu/libc-2.30.so
7fe985a85000-7fe985a88000 rw-p 001e9000 08:02 10096241                   /usr/lib/x86_64-linux-gnu/libc-2.30.so
7fe985a88000-7fe985a8c000 rw-p 00000000 00:00 0 
7fe985a8c000-7fe985a8d000 r--s 00010000 08:02 10227024                   /usr/lib/jvm/java-8-openjdk-amd64/jre/lib/ext/zipfs.jar
7fe985a8d000-7fe985a8e000 rw-p 00000000 00:00 0 
7fe985a8e000-7fe985a93000 r--p 00000000 08:02 10227003                   /usr/lib/jvm/java-8-openjdk-amd64/jre/lib/amd64/libverify.so
7fe985a93000-7fe985a9c000 r-xp 00005000 08:02 10227003                   /usr/lib/jvm/java-8-openjdk-amd64/jre/lib/amd64/libverify.so
7fe985a9c000-7fe985a9e000 r--p 0000e000 08:02 10227003                   /usr/lib/jvm/java-8-openjdk-amd64/jre/lib/amd64/libverify.so
7fe985a9e000-7fe985aa0000 r--p 0000f000 08:02 10227003                   /usr/lib/jvm/java-8-openjdk-amd64/jre/lib/amd64/libverify.so
7fe985aa0000-7fe985aa1000 rw-p 00011000 08:02 10227003                   /usr/lib/jvm/java-8-openjdk-amd64/jre/lib/amd64/libverify.so
7fe985aa1000-7fe985aa4000 r--p 00000000 08:02 10226970                   /usr/lib/jvm/java-8-openjdk-amd64/jre/lib/amd64/jli/libjli.so
7fe985aa4000-7fe985aae000 r-xp 00003000 08:02 10226970                   /usr/lib/jvm/java-8-openjdk-amd64/jre/lib/amd64/jli/libjli.so
7fe985aae000-7fe985ab1000 r--p 0000d000 08:02 10226970                   /usr/lib/jvm/java-8-openjdk-amd64/jre/lib/amd64/jli/libjli.so
7fe985ab1000-7fe985ab2000 r--p 0000f000 08:02 10226970                   /usr/lib/jvm/java-8-openjdk-amd64/jre/lib/amd64/jli/libjli.so
7fe985ab2000-7fe985ab3000 rw-p 00010000 08:02 10226970                   /usr/lib/jvm/java-8-openjdk-amd64/jre/lib/amd64/jli/libjli.so
7fe985ab3000-7fe985ab5000 rw-p 00000000 00:00 0 
7fe985ab5000-7fe985ab6000 r--p 00000000 08:02 10096237                   /usr/lib/x86_64-linux-gnu/ld-2.30.so
7fe985ab6000-7fe985ad8000 r-xp 00001000 08:02 10096237                   /usr/lib/x86_64-linux-gnu/ld-2.30.so
7fe985ad8000-7fe985ae0000 r--p 00023000 08:02 10096237                   /usr/lib/x86_64-linux-gnu/ld-2.30.so
7fe985ae0000-7fe985ae1000 r--p 00000000 00:00 0 
7fe985ae1000-7fe985ae2000 r--p 0002b000 08:02 10096237                   /usr/lib/x86_64-linux-gnu/ld-2.30.so
7fe985ae2000-7fe985ae3000 rw-p 0002c000 08:02 10096237                   /usr/lib/x86_64-linux-gnu/ld-2.30.so
7fe985ae3000-7fe985ae4000 rw-p 00000000 00:00 0 
7ffe46920000-7ffe46943000 rw-p 00000000 00:00 0                          [stack]
7ffe46963000-7ffe46966000 r--p 00000000 00:00 0                          [vvar]
7ffe46966000-7ffe46967000 r-xp 00000000 00:00 0                          [vdso]
ffffffffff600000-ffffffffff601000 --xp 00000000 00:00 0                  [vsyscall]

VM Arguments:
jvm_args: -XX:TieredStopAtLevel=1 -Xverify:none -Dspring.output.ansi.enabled=always -Dcom.sun.management.jmxremote -Dspring.jmx.enabled=true -Dspring.liveBeansView.mbeanDomain -Dspring.application.admin.enabled=true -javaagent:/snap/intellij-idea-ultimate/217/lib/idea_rt.jar=39247:/snap/intellij-idea-ultimate/217/bin -Dfile.encoding=UTF-8 
java_command: com.pro.cement.CementApplication
java_class_path (initial): /usr/lib/jvm/java-8-openjdk-amd64/jre/lib/charsets.jar:/usr/lib/jvm/java-8-openjdk-amd64/jre/lib/ext/cldrdata.jar:/usr/lib/jvm/java-8-openjdk-amd64/jre/lib/ext/dnsns.jar:/usr/lib/jvm/java-8-openjdk-amd64/jre/lib/ext/icedtea-sound.jar:/usr/lib/jvm/java-8-openjdk-amd64/jre/lib/ext/jaccess.jar:/usr/lib/jvm/java-8-openjdk-amd64/jre/lib/ext/java-atk-wrapper.jar:/usr/lib/jvm/java-8-openjdk-amd64/jre/lib/ext/localedata.jar:/usr/lib/jvm/java-8-openjdk-amd64/jre/lib/ext/nashorn.jar:/usr/lib/jvm/java-8-openjdk-amd64/jre/lib/ext/sunec.jar:/usr/lib/jvm/java-8-openjdk-amd64/jre/lib/ext/sunjce_provider.jar:/usr/lib/jvm/java-8-openjdk-amd64/jre/lib/ext/sunpkcs11.jar:/usr/lib/jvm/java-8-openjdk-amd64/jre/lib/ext/zipfs.jar:/usr/lib/jvm/java-8-openjdk-amd64/jre/lib/jce.jar:/usr/lib/jvm/java-8-openjdk-amd64/jre/lib/jsse.jar:/usr/lib/jvm/java-8-openjdk-amd64/jre/lib/management-agent.jar:/usr/lib/jvm/java-8-openjdk-amd64/jre/lib/resources.jar:/usr/lib/jvm/java-8-openjdk-amd64/jre/lib/rt.jar:/home/george/IdeaProjects/cement/target/classes:/home/george/.m2/repository/org/springframework/boot/spring-boot-starter-data-mongodb/2.2.5.RELEASE/spring-boot-starter-data-mongodb-2.2.5.RELEASE.jar:/home/george/.m2/repository/org/springframework/boot/spring-boot-starter/2.2.5.RELEASE/spring-boot-starter-2.2.5.RELEASE.jar:/home/george/.m2/repository/org/springframework/boot/spring-boot/2.2.5.RELEASE/spring-boot-2.2.5.RELEASE.jar:/home/george/.m2/repository/org/springframework/boot/spring-boot-autoconfigure/2.2.5.RELEASE/spring-boot-autoconfigure-2.2.5.RELEASE.jar:/home/george/.m2/repository/org/springframework/boot/spring-boot-starter-logging/2.2.5.RELEASE/spring-boot-starter-logging-2.2.5.RELEASE.jar:/home/george/.m2/repository/org/apache/logging/log4j/log4j-to-slf4j/2.12.1/log4j-to-slf4j-2.12.1.jar:/home/george/.m2/repository/org/apache/logging/log4j/log4j-api/2.12.1/log4j-api-2.12.1.jar:/home/george/.m2/repository/jakarta/annotation/jakarta.annotation-api/1.3.5/jakarta
Launcher Type: SUN_STANDARD

Environment Variables:
PATH=/usr/local/sbin:/usr/local/bin:/usr/sbin:/usr/bin:/sbin:/bin:/usr/games:/usr/local/games:/snap/bin
USERNAME=george
SHELL=/bin/bash
DISPLAY=:0

Signal Handlers:
SIGSEGV: [libjvm.so+0xa37ae0], sa_mask[0]=11111111011111111101111111111110, sa_flags=SA_RESTART|SA_SIGINFO
SIGBUS: [libjvm.so+0xa37ae0], sa_mask[0]=11111111011111111101111111111110, sa_flags=SA_RESTART|SA_SIGINFO
SIGFPE: [libjvm.so+0x894930], sa_mask[0]=11111111011111111101111111111110, sa_flags=SA_RESTART|SA_SIGINFO
SIGPIPE: [libjvm.so+0x894930], sa_mask[0]=11111111011111111101111111111110, sa_flags=SA_RESTART|SA_SIGINFO
SIGXFSZ: [libjvm.so+0x894930], sa_mask[0]=11111111011111111101111111111110, sa_flags=SA_RESTART|SA_SIGINFO
SIGILL: [libjvm.so+0x894930], sa_mask[0]=11111111011111111101111111111110, sa_flags=SA_RESTART|SA_SIGINFO
SIGUSR1: SIG_DFL, sa_mask[0]=00000000000000000000000000000000, sa_flags=none
SIGUSR2: [libjvm.so+0x8947c0], sa_mask[0]=00100000000000000000000000000000, sa_flags=SA_RESTART|SA_SIGINFO
SIGHUP: [libjvm.so+0x894bb0], sa_mask[0]=11111111011111111101111111111110, sa_flags=SA_RESTART|SA_SIGINFO
SIGINT: [libjvm.so+0x894bb0], sa_mask[0]=11111111011111111101111111111110, sa_flags=SA_RESTART|SA_SIGINFO
SIGTERM: [libjvm.so+0x894bb0], sa_mask[0]=11111111011111111101111111111110, sa_flags=SA_RESTART|SA_SIGINFO
SIGQUIT: [libjvm.so+0x894bb0], sa_mask[0]=11111111011111111101111111111110, sa_flags=SA_RESTART|SA_SIGINFO


---------------  S Y S T E M  ---------------

OS:DISTRIB_ID=Ubuntu
DISTRIB_RELEASE=19.10
DISTRIB_CODENAME=eoan
DISTRIB_DESCRIPTION="Ubuntu 19.10"

uname:Linux 5.3.0-45-generic #37-Ubuntu SMP Thu Mar 26 20:41:27 UTC 2020 x86_64
libc:glibc 2.30 NPTL 2.30 
rlimit: STACK 8192k, CORE 0k, NPROC 95506, NOFILE 1048576, AS infinity
load average:2,63 1,45 1,49

/proc/meminfo:
MemTotal:       24504512 kB
MemFree:         2563844 kB
MemAvailable:   14193336 kB
Buffers:          953996 kB
Cached:         11194724 kB
SwapCached:       220016 kB
Active:         13632424 kB
Inactive:        7001284 kB
Active(anon):    8163712 kB
Inactive(anon):  1129604 kB
Active(file):    5468712 kB
Inactive(file):  5871680 kB
Unevictable:      216764 kB
Mlocked:             176 kB
SwapTotal:       2097148 kB
SwapFree:        1861884 kB
Dirty:              5736 kB
Writeback:             0 kB
AnonPages:       8482676 kB
Mapped:          1624532 kB
Shmem:            893944 kB
KReclaimable:     691620 kB
Slab:             852628 kB
SReclaimable:     691620 kB
SUnreclaim:       161008 kB
KernelStack:       26048 kB
PageTables:        91492 kB
NFS_Unstable:          0 kB
Bounce:                0 kB
WritebackTmp:          0 kB
CommitLimit:    14349404 kB
Committed_AS:   23076716 kB
VmallocTotal:   34359738367 kB
VmallocUsed:       48420 kB
VmallocChunk:          0 kB
Percpu:             4336 kB
HardwareCorrupted:     0 kB
AnonHugePages:         0 kB
ShmemHugePages:        0 kB
ShmemPmdMapped:        0 kB
CmaTotal:              0 kB
CmaFree:               0 kB
HugePages_Total:       0
HugePages_Free:        0
HugePages_Rsvd:        0
HugePages_Surp:        0
Hugepagesize:       2048 kB
Hugetlb:               0 kB
DirectMap4k:      782728 kB
DirectMap2M:    24256512 kB
DirectMap1G:     1048576 kB

container (cgroup) information:
container_type: cgroupv1
cpu_cpuset_cpus: 0-3
cpu_memory_nodes: 0
active_processor_count: 4
cpu_quota: -1
cpu_period: 100000
cpu_shares: -1
memory_limit_in_bytes: -1
memory_and_swap_limit_in_bytes: -2
memory_soft_limit_in_bytes: -1
memory_usage_in_bytes: 17874604032
memory_max_usage_in_bytes: 22830440448


CPU:total 4 (initial active 4) (2 cores per cpu, 2 threads per core) family 6 model 60 stepping 3, cmov, cx8, fxsr, mmx, sse, sse2, sse3, ssse3, sse4.1, sse4.2, popcnt, avx, avx2, aes, clmul, erms, lzcnt, ht, tsc, tscinvbit, bmi1, bmi2

/proc/cpuinfo:
processor	: 0
vendor_id	: GenuineIntel
cpu family	: 6
model		: 60
model name	: Intel(R) Core(TM) i3-4170 CPU @ 3.70GHz
stepping	: 3
microcode	: 0x27
cpu MHz		: 3600.733
cache size	: 3072 KB
physical id	: 0
siblings	: 4
core id		: 0
cpu cores	: 2
apicid		: 0
initial apicid	: 0
fpu		: yes
fpu_exception	: yes
cpuid level	: 13
wp		: yes
flags		: fpu vme de pse tsc msr pae mce cx8 apic sep mtrr pge mca cmov pat pse36 clflush dts acpi mmx fxsr sse sse2 ss ht tm pbe syscall nx pdpe1gb rdtscp lm constant_tsc arch_perfmon pebs bts rep_good nopl xtopology nonstop_tsc cpuid aperfmperf pni pclmulqdq dtes64 monitor ds_cpl vmx est tm2 ssse3 sdbg fma cx16 xtpr pdcm pcid sse4_1 sse4_2 movbe popcnt tsc_deadline_timer aes xsave avx f16c rdrand lahf_lm abm cpuid_fault epb invpcid_single pti ssbd ibrs ibpb stibp tpr_shadow vnmi flexpriority ept vpid ept_ad fsgsbase tsc_adjust bmi1 avx2 smep bmi2 erms invpcid xsaveopt dtherm arat pln pts md_clear flush_l1d
bugs		: cpu_meltdown spectre_v1 spectre_v2 spec_store_bypass l1tf mds swapgs itlb_multihit
bogomips	: 7395.74
clflush size	: 64
cache_alignment	: 64
address sizes	: 39 bits physical, 48 bits virtual
power management:

processor	: 1
vendor_id	: GenuineIntel
cpu family	: 6
model		: 60
model name	: Intel(R) Core(TM) i3-4170 CPU @ 3.70GHz
stepping	: 3
microcode	: 0x27
cpu MHz		: 3669.295
cache size	: 3072 KB
physical id	: 0
siblings	: 4
core id		: 1
cpu cores	: 2
apicid		: 2
initial apicid	: 2
fpu		: yes
fpu_exception	: yes
cpuid level	: 13
wp		: yes
flags		: fpu vme de pse tsc msr pae mce cx8 apic sep mtrr pge mca cmov pat pse36 clflush dts acpi mmx fxsr sse sse2 ss ht tm pbe syscall nx pdpe1gb rdtscp lm constant_tsc arch_perfmon pebs bts rep_good nopl xtopology nonstop_tsc cpuid aperfmperf pni pclmulqdq dtes64 monitor ds_cpl vmx est tm2 ssse3 sdbg fma cx16 xtpr pdcm pcid sse4_1 sse4_2 movbe popcnt tsc_deadline_timer aes xsave avx f16c rdrand lahf_lm abm cpuid_fault epb invpcid_single pti ssbd ibrs ibpb stibp tpr_shadow vnmi flexpriority ept vpid ept_ad fsgsbase tsc_adjust bmi1 avx2 smep bmi2 erms invpcid xsaveopt dtherm arat pln pts md_clear flush_l1d
bugs		: cpu_meltdown spectre_v1 spectre_v2 spec_store_bypass l1tf mds swapgs itlb_multihit
bogomips	: 7395.74
clflush size	: 64
cache_alignment	: 64
address sizes	: 39 bits physical, 48 bits virtual
power management:

processor	: 2
vendor_id	: GenuineIntel
cpu family	: 6
model		: 60
model name	: Intel(R) Core(TM) i3-4170 CPU @ 3.70GHz
stepping	: 3
microcode	: 0x27
cpu MHz		: 3626.956
cache size	: 3072 KB
physical id	: 0
siblings	: 4
core id		: 0
cpu cores	: 2
apicid		: 1
initial apicid	: 1
fpu		: yes
fpu_exception	: yes
cpuid level	: 13
wp		: yes
flags		: fpu vme de pse tsc msr pae mce cx8 apic sep mtrr pge mca cmov pat pse36 clflush dts acpi mmx fxsr sse sse2 ss ht tm pbe syscall nx pdpe1gb rdtscp lm constant_tsc arch_perfmon pebs bts rep_good nopl xtopology nonstop_tsc cpuid aperfmperf pni pclmulqdq dtes64 monitor ds_cpl vmx est tm2 ssse3 sdbg fma cx16 xtpr pdcm pcid sse4_1 sse4_2 movbe popcnt tsc_deadline_timer aes xsave avx f16c rdrand lahf_lm abm cpuid_fault epb invpcid_single pti ssbd ibrs ibpb stibp tpr_shadow vnmi flexpriority ept vpid ept_ad fsgsbase tsc_adjust bmi1 avx2 smep bmi2 erms invpcid xsaveopt dtherm arat pln pts md_clear flush_l1d
bugs		: cpu_meltdown spectre_v1 spectre_v2 spec_store_bypass l1tf mds swapgs itlb_multihit
bogomips	: 7395.74
clflush size	: 64
cache_alignment	: 64
address sizes	: 39 bits physical, 48 bits virtual
power management:

processor	: 3
vendor_id	: GenuineIntel
cpu family	: 6
model		: 60
model name	: Intel(R) Core(TM) i3-4170 CPU @ 3.70GHz
stepping	: 3
microcode	: 0x27
cpu MHz		: 3678.060
cache size	: 3072 KB
physical id	: 0
siblings	: 4
core id		: 1
cpu cores	: 2
apicid		: 3
initial apicid	: 3
fpu		: yes
fpu_exception	: yes
cpuid level	: 13
wp		: yes
flags		: fpu vme de pse tsc msr pae mce cx8 apic sep mtrr pge mca cmov pat pse36 clflush dts acpi mmx fxsr sse sse2 ss ht tm pbe syscall nx pdpe1gb rdtscp lm constant_tsc arch_perfmon pebs bts rep_good nopl xtopology nonstop_tsc cpuid aperfmperf pni pclmulqdq dtes64 monitor ds_cpl vmx est tm2 ssse3 sdbg fma cx16 xtpr pdcm pcid sse4_1 sse4_2 movbe popcnt tsc_deadline_timer aes xsave avx f16c rdrand lahf_lm abm cpuid_fault epb invpcid_single pti ssbd ibrs ibpb stibp tpr_shadow vnmi flexpriority ept vpid ept_ad fsgsbase tsc_adjust bmi1 avx2 smep bmi2 erms invpcid xsaveopt dtherm arat pln pts md_clear flush_l1d
bugs		: cpu_meltdown spectre_v1 spectre_v2 spec_store_bypass l1tf mds swapgs itlb_multihit
bogomips	: 7395.74
clflush size	: 64
cache_alignment	: 64
address sizes	: 39 bits physical, 48 bits virtual
power management:



Memory: 4k page, physical 24504512k(2563592k free), swap 2097148k(1861884k free)

vm_info: OpenJDK 64-Bit Server VM (25.242-b08) for linux-amd64 JRE (1.8.0_242-8u242-b08-0ubuntu3~19.10-b08), built on Jan 17 2020 23:41:21 by "buildd" with gcc 8.3.0

time: Sat Apr 11 23:33:38 2020
timezone: EEST
elapsed time: 9 seconds (0d 0h 0m 9s)

